{"msg":"init","dagFile":"Library/Bee/1900b0aE.dag","targets":["ScriptAssemblies"]}
{"msg":"enqueueNode","enqueuedNodeAnnotation":"ScriptAssemblies","enqueuedNodeIndex":6}
{"msg":"enqueueNode","enqueuedNodeAnnotation":"MovedFromExtractor Library/Bee/artifacts/mvdfrm/UnityEditor.Graphs.dll_ECFCB002A4B76C03.mvfrm","enqueuedNodeIndex":5,"enqueueingNodeAnnotation":"ScriptAssemblies","enqueueingNodeIndex":6}
{"msg":"enqueueNode","enqueuedNodeAnnotation":"MovedFromExtractor Library/Bee/artifacts/mvdfrm/UnityEditor.CoreModule.dll_E54A063A0D00F2D1.mvfrm","enqueuedNodeIndex":7,"enqueueingNodeAnnotation":"ScriptAssemblies","enqueueingNodeIndex":6}
{"msg":"enqueueNode","enqueuedNodeAnnotation":"MovedFromExtractor Library/Bee/artifacts/mvdfrm/UnityEditor.DeviceSimulatorModule.dll_5BD1C6D934732AC0.mvfrm","enqueuedNodeIndex":8,"enqueueingNodeAnnotation":"ScriptAssemblies","enqueueingNodeIndex":6}
{"msg":"enqueueNode","enqueuedNodeAnnotation":"MovedFromExtractor Library/Bee/artifacts/mvdfrm/UnityEditor.DiagnosticsModule.dll_EC1E1185A6FAAD0E.mvfrm","enqueuedNodeIndex":9,"enqueueingNodeAnnotation":"ScriptAssemblies","enqueueingNodeIndex":6}
{"msg":"enqueueNode","enqueuedNodeAnnotation":"MovedFromExtractor Library/Bee/artifacts/mvdfrm/UnityEditor.dll_7EEB8D34B471DDF4.mvfrm","enqueuedNodeIndex":10,"enqueueingNodeAnnotation":"ScriptAssemblies","enqueueingNodeIndex":6}
{"msg":"enqueueNode","enqueuedNodeAnnotation":"MovedFromExtractor Library/Bee/artifacts/mvdfrm/UnityEditor.EditorToolbarModule.dll_82E6BFD77D358090.mvfrm","enqueuedNodeIndex":11,"enqueueingNodeAnnotation":"ScriptAssemblies","enqueueingNodeIndex":6}
{"msg":"enqueueNode","enqueuedNodeAnnotation":"MovedFromExtractor Library/Bee/artifacts/mvdfrm/UnityEditor.GraphViewModule.dll_5B5F79594F41BB25.mvfrm","enqueuedNodeIndex":12,"enqueueingNodeAnnotation":"ScriptAssemblies","enqueueingNodeIndex":6}
{"msg":"enqueueNode","enqueuedNodeAnnotation":"MovedFromExtractor Library/Bee/artifacts/mvdfrm/UnityEditor.PresetsUIModule.dll_16C5B23B519A132A.mvfrm","enqueuedNodeIndex":13,"enqueueingNodeAnnotation":"ScriptAssemblies","enqueueingNodeIndex":6}
{"msg":"enqueueNode","enqueuedNodeAnnotation":"MovedFromExtractor Library/Bee/artifacts/mvdfrm/UnityEditor.QuickSearchModule.dll_772D9292FFD1A967.mvfrm","enqueuedNodeIndex":14,"enqueueingNodeAnnotation":"ScriptAssemblies","enqueueingNodeIndex":6}
{"msg":"enqueueNode","enqueuedNodeAnnotation":"MovedFromExtractor Library/Bee/artifacts/mvdfrm/UnityEditor.SceneTemplateModule.dll_A68630957C222AC8.mvfrm","enqueuedNodeIndex":15,"enqueueingNodeAnnotation":"ScriptAssemblies","enqueueingNodeIndex":6}
{"msg":"enqueueNode","enqueuedNodeAnnotation":"MovedFromExtractor Library/Bee/artifacts/mvdfrm/UnityEditor.SceneViewModule.dll_9A0F5C6144648833.mvfrm","enqueuedNodeIndex":16,"enqueueingNodeAnnotation":"ScriptAssemblies","enqueueingNodeIndex":6}
{"msg":"enqueueNode","enqueuedNodeAnnotation":"MovedFromExtractor Library/Bee/artifacts/mvdfrm/UnityEditor.TextCoreFontEngineModule.dll_83CEC4534F16852F.mvfrm","enqueuedNodeIndex":17,"enqueueingNodeAnnotation":"ScriptAssemblies","enqueueingNodeIndex":6}
{"msg":"enqueueNode","enqueuedNodeAnnotation":"MovedFromExtractor Library/Bee/artifacts/mvdfrm/UnityEditor.TextCoreTextEngineModule.dll_CBB6FAC4DE9A3E4D.mvfrm","enqueuedNodeIndex":18,"enqueueingNodeAnnotation":"ScriptAssemblies","enqueueingNodeIndex":6}
{"msg":"enqueueNode","enqueuedNodeAnnotation":"MovedFromExtractor Library/Bee/artifacts/mvdfrm/UnityEditor.UIBuilderModule.dll_AFE82675C1FA3459.mvfrm","enqueuedNodeIndex":19,"enqueueingNodeAnnotation":"ScriptAssemblies","enqueueingNodeIndex":6}
{"msg":"enqueueNode","enqueuedNodeAnnotation":"MovedFromExtractor Library/Bee/artifacts/mvdfrm/UnityEditor.UIElementsModule.dll_484FA4BBD783EA6D.mvfrm","enqueuedNodeIndex":20,"enqueueingNodeAnnotation":"ScriptAssemblies","enqueueingNodeIndex":6}
{"msg":"enqueueNode","enqueuedNodeAnnotation":"MovedFromExtractor Library/Bee/artifacts/mvdfrm/UnityEditor.UIElementsSamplesModule.dll_92BB8D509A241CD0.mvfrm","enqueuedNodeIndex":21,"enqueueingNodeAnnotation":"ScriptAssemblies","enqueueingNodeIndex":6}
{"msg":"enqueueNode","enqueuedNodeAnnotation":"MovedFromExtractor Library/Bee/artifacts/mvdfrm/UnityEditor.UnityConnectModule.dll_FDE6D4B065560A07.mvfrm","enqueuedNodeIndex":22,"enqueueingNodeAnnotation":"ScriptAssemblies","enqueueingNodeIndex":6}
{"msg":"enqueueNode","enqueuedNodeAnnotation":"MovedFromExtractor Library/Bee/artifacts/mvdfrm/UnityEngine.AccessibilityModule.dll_D92B9C2C7C985265.mvfrm","enqueuedNodeIndex":23,"enqueueingNodeAnnotation":"ScriptAssemblies","enqueueingNodeIndex":6}
{"msg":"enqueueNode","enqueuedNodeAnnotation":"MovedFromExtractor Library/Bee/artifacts/mvdfrm/UnityEngine.AIModule.dll_4C11811D5FB91105.mvfrm","enqueuedNodeIndex":24,"enqueueingNodeAnnotation":"ScriptAssemblies","enqueueingNodeIndex":6}
{"msg":"enqueueNode","enqueuedNodeAnnotation":"MovedFromExtractor Library/Bee/artifacts/mvdfrm/UnityEngine.AndroidJNIModule.dll_C6988D8F20A35943.mvfrm","enqueuedNodeIndex":25,"enqueueingNodeAnnotation":"ScriptAssemblies","enqueueingNodeIndex":6}
{"msg":"enqueueNode","enqueuedNodeAnnotation":"MovedFromExtractor Library/Bee/artifacts/mvdfrm/UnityEngine.AnimationModule.dll_29E4F582299E8FCB.mvfrm","enqueuedNodeIndex":26,"enqueueingNodeAnnotation":"ScriptAssemblies","enqueueingNodeIndex":6}
{"msg":"enqueueNode","enqueuedNodeAnnotation":"MovedFromExtractor Library/Bee/artifacts/mvdfrm/UnityEngine.ARModule.dll_05844620BCD66FCE.mvfrm","enqueuedNodeIndex":27,"enqueueingNodeAnnotation":"ScriptAssemblies","enqueueingNodeIndex":6}
{"msg":"enqueueNode","enqueuedNodeAnnotation":"MovedFromExtractor Library/Bee/artifacts/mvdfrm/UnityEngine.AssetBundleModule.dll_BB16C58462385E59.mvfrm","enqueuedNodeIndex":28,"enqueueingNodeAnnotation":"ScriptAssemblies","enqueueingNodeIndex":6}
{"msg":"enqueueNode","enqueuedNodeAnnotation":"MovedFromExtractor Library/Bee/artifacts/mvdfrm/UnityEngine.AudioModule.dll_14D4F7738CEA85FD.mvfrm","enqueuedNodeIndex":29,"enqueueingNodeAnnotation":"ScriptAssemblies","enqueueingNodeIndex":6}
{"msg":"enqueueNode","enqueuedNodeAnnotation":"MovedFromExtractor Library/Bee/artifacts/mvdfrm/UnityEngine.ClothModule.dll_7BBD546E670764E1.mvfrm","enqueuedNodeIndex":30,"enqueueingNodeAnnotation":"ScriptAssemblies","enqueueingNodeIndex":6}
{"msg":"enqueueNode","enqueuedNodeAnnotation":"MovedFromExtractor Library/Bee/artifacts/mvdfrm/UnityEngine.ClusterInputModule.dll_7D8349C616DDDCCD.mvfrm","enqueuedNodeIndex":31,"enqueueingNodeAnnotation":"ScriptAssemblies","enqueueingNodeIndex":6}
{"msg":"enqueueNode","enqueuedNodeAnnotation":"MovedFromExtractor Library/Bee/artifacts/mvdfrm/UnityEngine.ClusterRendererModule.dll_617E894AA42E3844.mvfrm","enqueuedNodeIndex":32,"enqueueingNodeAnnotation":"ScriptAssemblies","enqueueingNodeIndex":6}
{"msg":"enqueueNode","enqueuedNodeAnnotation":"MovedFromExtractor Library/Bee/artifacts/mvdfrm/UnityEngine.ContentLoadModule.dll_542D1EC530BB0646.mvfrm","enqueuedNodeIndex":33,"enqueueingNodeAnnotation":"ScriptAssemblies","enqueueingNodeIndex":6}
{"msg":"enqueueNode","enqueuedNodeAnnotation":"MovedFromExtractor Library/Bee/artifacts/mvdfrm/UnityEngine.CoreModule.dll_086AD98CB5065DFC.mvfrm","enqueuedNodeIndex":34,"enqueueingNodeAnnotation":"ScriptAssemblies","enqueueingNodeIndex":6}
{"msg":"enqueueNode","enqueuedNodeAnnotation":"MovedFromExtractor Library/Bee/artifacts/mvdfrm/UnityEngine.CrashReportingModule.dll_EC3D7AE840B18714.mvfrm","enqueuedNodeIndex":35,"enqueueingNodeAnnotation":"ScriptAssemblies","enqueueingNodeIndex":6}
{"msg":"enqueueNode","enqueuedNodeAnnotation":"MovedFromExtractor Library/Bee/artifacts/mvdfrm/UnityEngine.DirectorModule.dll_931572B2364A4B19.mvfrm","enqueuedNodeIndex":36,"enqueueingNodeAnnotation":"ScriptAssemblies","enqueueingNodeIndex":6}
{"msg":"enqueueNode","enqueuedNodeAnnotation":"MovedFromExtractor Library/Bee/artifacts/mvdfrm/UnityEngine.dll_B18FD40D12E56AD9.mvfrm","enqueuedNodeIndex":37,"enqueueingNodeAnnotation":"ScriptAssemblies","enqueueingNodeIndex":6}
{"msg":"enqueueNode","enqueuedNodeAnnotation":"MovedFromExtractor Library/Bee/artifacts/mvdfrm/UnityEngine.DSPGraphModule.dll_9866D41BA8AB1C3A.mvfrm","enqueuedNodeIndex":38,"enqueueingNodeAnnotation":"ScriptAssemblies","enqueueingNodeIndex":6}
{"msg":"enqueueNode","enqueuedNodeAnnotation":"MovedFromExtractor Library/Bee/artifacts/mvdfrm/UnityEngine.GameCenterModule.dll_F0E5D7A9E6E44A34.mvfrm","enqueuedNodeIndex":39,"enqueueingNodeAnnotation":"ScriptAssemblies","enqueueingNodeIndex":6}
{"msg":"enqueueNode","enqueuedNodeAnnotation":"MovedFromExtractor Library/Bee/artifacts/mvdfrm/UnityEngine.GIModule.dll_E44DCA2AFB67F91F.mvfrm","enqueuedNodeIndex":40,"enqueueingNodeAnnotation":"ScriptAssemblies","enqueueingNodeIndex":6}
{"msg":"enqueueNode","enqueuedNodeAnnotation":"MovedFromExtractor Library/Bee/artifacts/mvdfrm/UnityEngine.GridModule.dll_E5DBF57ACD5AF3F3.mvfrm","enqueuedNodeIndex":41,"enqueueingNodeAnnotation":"ScriptAssemblies","enqueueingNodeIndex":6}
{"msg":"enqueueNode","enqueuedNodeAnnotation":"MovedFromExtractor Library/Bee/artifacts/mvdfrm/UnityEngine.HotReloadModule.dll_AB2DB38804D1AB4D.mvfrm","enqueuedNodeIndex":42,"enqueueingNodeAnnotation":"ScriptAssemblies","enqueueingNodeIndex":6}
{"msg":"enqueueNode","enqueuedNodeAnnotation":"MovedFromExtractor Library/Bee/artifacts/mvdfrm/UnityEngine.ImageConversionModule.dll_CD7086FB2652F038.mvfrm","enqueuedNodeIndex":43,"enqueueingNodeAnnotation":"ScriptAssemblies","enqueueingNodeIndex":6}
{"msg":"enqueueNode","enqueuedNodeAnnotation":"MovedFromExtractor Library/Bee/artifacts/mvdfrm/UnityEngine.IMGUIModule.dll_4D3496DA531C19DE.mvfrm","enqueuedNodeIndex":44,"enqueueingNodeAnnotation":"ScriptAssemblies","enqueueingNodeIndex":6}
{"msg":"enqueueNode","enqueuedNodeAnnotation":"MovedFromExtractor Library/Bee/artifacts/mvdfrm/UnityEngine.InputLegacyModule.dll_4C5BE0A2FA2A144A.mvfrm","enqueuedNodeIndex":45,"enqueueingNodeAnnotation":"ScriptAssemblies","enqueueingNodeIndex":6}
{"msg":"enqueueNode","enqueuedNodeAnnotation":"MovedFromExtractor Library/Bee/artifacts/mvdfrm/UnityEngine.InputModule.dll_7B4ABF240322AAA1.mvfrm","enqueuedNodeIndex":46,"enqueueingNodeAnnotation":"ScriptAssemblies","enqueueingNodeIndex":6}
{"msg":"enqueueNode","enqueuedNodeAnnotation":"MovedFromExtractor Library/Bee/artifacts/mvdfrm/UnityEngine.JSONSerializeModule.dll_394325687BD3B2EF.mvfrm","enqueuedNodeIndex":47,"enqueueingNodeAnnotation":"ScriptAssemblies","enqueueingNodeIndex":6}
{"msg":"enqueueNode","enqueuedNodeAnnotation":"MovedFromExtractor Library/Bee/artifacts/mvdfrm/UnityEngine.LocalizationModule.dll_BBD01418AE59CFC6.mvfrm","enqueuedNodeIndex":48,"enqueueingNodeAnnotation":"ScriptAssemblies","enqueueingNodeIndex":6}
{"msg":"enqueueNode","enqueuedNodeAnnotation":"MovedFromExtractor Library/Bee/artifacts/mvdfrm/UnityEngine.ParticleSystemModule.dll_3F4FC434AEC312A2.mvfrm","enqueuedNodeIndex":49,"enqueueingNodeAnnotation":"ScriptAssemblies","enqueueingNodeIndex":6}
{"msg":"enqueueNode","enqueuedNodeAnnotation":"MovedFromExtractor Library/Bee/artifacts/mvdfrm/UnityEngine.PerformanceReportingModule.dll_49B948473D82EEBB.mvfrm","enqueuedNodeIndex":50,"enqueueingNodeAnnotation":"ScriptAssemblies","enqueueingNodeIndex":6}
{"msg":"enqueueNode","enqueuedNodeAnnotation":"MovedFromExtractor Library/Bee/artifacts/mvdfrm/UnityEngine.Physics2DModule.dll_768AE572CA9B8760.mvfrm","enqueuedNodeIndex":51,"enqueueingNodeAnnotation":"ScriptAssemblies","enqueueingNodeIndex":6}
{"msg":"enqueueNode","enqueuedNodeAnnotation":"MovedFromExtractor Library/Bee/artifacts/mvdfrm/UnityEngine.PhysicsModule.dll_3805F383E4F2826E.mvfrm","enqueuedNodeIndex":52,"enqueueingNodeAnnotation":"ScriptAssemblies","enqueueingNodeIndex":6}
{"msg":"enqueueNode","enqueuedNodeAnnotation":"MovedFromExtractor Library/Bee/artifacts/mvdfrm/UnityEngine.ProfilerModule.dll_C55BABE8CFA3D226.mvfrm","enqueuedNodeIndex":53,"enqueueingNodeAnnotation":"ScriptAssemblies","enqueueingNodeIndex":6}
{"msg":"enqueueNode","enqueuedNodeAnnotation":"MovedFromExtractor Library/Bee/artifacts/mvdfrm/UnityEngine.PropertiesModule.dll_1E2116E859CFAE70.mvfrm","enqueuedNodeIndex":54,"enqueueingNodeAnnotation":"ScriptAssemblies","enqueueingNodeIndex":6}
{"msg":"enqueueNode","enqueuedNodeAnnotation":"MovedFromExtractor Library/Bee/artifacts/mvdfrm/UnityEngine.RuntimeInitializeOnLoadManagerInitializerModule.dll_97678BF8B28FB829.mvfrm","enqueuedNodeIndex":55,"enqueueingNodeAnnotation":"ScriptAssemblies","enqueueingNodeIndex":6}
{"msg":"enqueueNode","enqueuedNodeAnnotation":"MovedFromExtractor Library/Bee/artifacts/mvdfrm/UnityEngine.ScreenCaptureModule.dll_532AD2ED903FDF51.mvfrm","enqueuedNodeIndex":56,"enqueueingNodeAnnotation":"ScriptAssemblies","enqueueingNodeIndex":6}
{"msg":"enqueueNode","enqueuedNodeAnnotation":"MovedFromExtractor Library/Bee/artifacts/mvdfrm/UnityEngine.SharedInternalsModule.dll_5181C5D09D80EB88.mvfrm","enqueuedNodeIndex":57,"enqueueingNodeAnnotation":"ScriptAssemblies","enqueueingNodeIndex":6}
{"msg":"enqueueNode","enqueuedNodeAnnotation":"MovedFromExtractor Library/Bee/artifacts/mvdfrm/UnityEngine.SpriteMaskModule.dll_DA124A3A0853DFAE.mvfrm","enqueuedNodeIndex":58,"enqueueingNodeAnnotation":"ScriptAssemblies","enqueueingNodeIndex":6}
{"msg":"enqueueNode","enqueuedNodeAnnotation":"MovedFromExtractor Library/Bee/artifacts/mvdfrm/UnityEngine.SpriteShapeModule.dll_D477F2DF17DA9663.mvfrm","enqueuedNodeIndex":59,"enqueueingNodeAnnotation":"ScriptAssemblies","enqueueingNodeIndex":6}
{"msg":"enqueueNode","enqueuedNodeAnnotation":"MovedFromExtractor Library/Bee/artifacts/mvdfrm/UnityEngine.StreamingModule.dll_DE79E2D279264709.mvfrm","enqueuedNodeIndex":60,"enqueueingNodeAnnotation":"ScriptAssemblies","enqueueingNodeIndex":6}
{"msg":"enqueueNode","enqueuedNodeAnnotation":"MovedFromExtractor Library/Bee/artifacts/mvdfrm/UnityEngine.SubstanceModule.dll_BB24F71BC4794517.mvfrm","enqueuedNodeIndex":61,"enqueueingNodeAnnotation":"ScriptAssemblies","enqueueingNodeIndex":6}
{"msg":"enqueueNode","enqueuedNodeAnnotation":"MovedFromExtractor Library/Bee/artifacts/mvdfrm/UnityEngine.SubsystemsModule.dll_44BFB09BD69BC7C1.mvfrm","enqueuedNodeIndex":62,"enqueueingNodeAnnotation":"ScriptAssemblies","enqueueingNodeIndex":6}
{"msg":"enqueueNode","enqueuedNodeAnnotation":"MovedFromExtractor Library/Bee/artifacts/mvdfrm/UnityEngine.TerrainModule.dll_524C6EF2BAB0CB5C.mvfrm","enqueuedNodeIndex":63,"enqueueingNodeAnnotation":"ScriptAssemblies","enqueueingNodeIndex":6}
{"msg":"enqueueNode","enqueuedNodeAnnotation":"MovedFromExtractor Library/Bee/artifacts/mvdfrm/UnityEngine.TerrainPhysicsModule.dll_3FCA6D07C8060D2F.mvfrm","enqueuedNodeIndex":64,"enqueueingNodeAnnotation":"ScriptAssemblies","enqueueingNodeIndex":6}
{"msg":"enqueueNode","enqueuedNodeAnnotation":"MovedFromExtractor Library/Bee/artifacts/mvdfrm/UnityEngine.TextCoreFontEngineModule.dll_022E3FA6621443FA.mvfrm","enqueuedNodeIndex":65,"enqueueingNodeAnnotation":"ScriptAssemblies","enqueueingNodeIndex":6}
{"msg":"enqueueNode","enqueuedNodeAnnotation":"MovedFromExtractor Library/Bee/artifacts/mvdfrm/UnityEngine.TextCoreTextEngineModule.dll_4A167617F197FD18.mvfrm","enqueuedNodeIndex":66,"enqueueingNodeAnnotation":"ScriptAssemblies","enqueueingNodeIndex":6}
{"msg":"enqueueNode","enqueuedNodeAnnotation":"MovedFromExtractor Library/Bee/artifacts/mvdfrm/UnityEngine.TextRenderingModule.dll_7C6A44F847775F46.mvfrm","enqueuedNodeIndex":67,"enqueueingNodeAnnotation":"ScriptAssemblies","enqueueingNodeIndex":6}
{"msg":"enqueueNode","enqueuedNodeAnnotation":"MovedFromExtractor Library/Bee/artifacts/mvdfrm/UnityEngine.TilemapModule.dll_F148D673D26DAC65.mvfrm","enqueuedNodeIndex":68,"enqueueingNodeAnnotation":"ScriptAssemblies","enqueueingNodeIndex":6}
{"msg":"enqueueNode","enqueuedNodeAnnotation":"MovedFromExtractor Library/Bee/artifacts/mvdfrm/UnityEngine.TLSModule.dll_E3226385869987C2.mvfrm","enqueuedNodeIndex":69,"enqueueingNodeAnnotation":"ScriptAssemblies","enqueueingNodeIndex":6}
{"msg":"enqueueNode","enqueuedNodeAnnotation":"MovedFromExtractor Library/Bee/artifacts/mvdfrm/UnityEngine.UIElementsModule.dll_48FE1203D9C803B8.mvfrm","enqueuedNodeIndex":70,"enqueueingNodeAnnotation":"ScriptAssemblies","enqueueingNodeIndex":6}
{"msg":"enqueueNode","enqueuedNodeAnnotation":"MovedFromExtractor Library/Bee/artifacts/mvdfrm/UnityEngine.UIModule.dll_47851F4ABC0016B1.mvfrm","enqueuedNodeIndex":71,"enqueueingNodeAnnotation":"ScriptAssemblies","enqueueingNodeIndex":6}
{"msg":"enqueueNode","enqueuedNodeAnnotation":"MovedFromExtractor Library/Bee/artifacts/mvdfrm/UnityEngine.UmbraModule.dll_8FA9A38C1A113170.mvfrm","enqueuedNodeIndex":72,"enqueueingNodeAnnotation":"ScriptAssemblies","enqueueingNodeIndex":6}
{"msg":"enqueueNode","enqueuedNodeAnnotation":"MovedFromExtractor Library/Bee/artifacts/mvdfrm/UnityEngine.UnityAnalyticsCommonModule.dll_E4F8058B576B8D19.mvfrm","enqueuedNodeIndex":73,"enqueueingNodeAnnotation":"ScriptAssemblies","enqueueingNodeIndex":6}
{"msg":"enqueueNode","enqueuedNodeAnnotation":"MovedFromExtractor Library/Bee/artifacts/mvdfrm/UnityEngine.UnityAnalyticsModule.dll_5EEF34FE5AEA649E.mvfrm","enqueuedNodeIndex":74,"enqueueingNodeAnnotation":"ScriptAssemblies","enqueueingNodeIndex":6}
{"msg":"enqueueNode","enqueuedNodeAnnotation":"MovedFromExtractor Library/Bee/artifacts/mvdfrm/UnityEngine.UnityConnectModule.dll_EB4658BF5FDE0AB2.mvfrm","enqueuedNodeIndex":75,"enqueueingNodeAnnotation":"ScriptAssemblies","enqueueingNodeIndex":6}
{"msg":"enqueueNode","enqueuedNodeAnnotation":"MovedFromExtractor Library/Bee/artifacts/mvdfrm/UnityEngine.UnityCurlModule.dll_5D0196B399B281B8.mvfrm","enqueuedNodeIndex":76,"enqueueingNodeAnnotation":"ScriptAssemblies","enqueueingNodeIndex":6}
{"msg":"enqueueNode","enqueuedNodeAnnotation":"MovedFromExtractor Library/Bee/artifacts/mvdfrm/UnityEngine.UnityTestProtocolModule.dll_4E7E4342F41F7226.mvfrm","enqueuedNodeIndex":77,"enqueueingNodeAnnotation":"ScriptAssemblies","enqueueingNodeIndex":6}
{"msg":"enqueueNode","enqueuedNodeAnnotation":"MovedFromExtractor Library/Bee/artifacts/mvdfrm/UnityEngine.UnityWebRequestAssetBundleModule.dll_C25030FC832DCDEF.mvfrm","enqueuedNodeIndex":78,"enqueueingNodeAnnotation":"ScriptAssemblies","enqueueingNodeIndex":6}
{"msg":"enqueueNode","enqueuedNodeAnnotation":"MovedFromExtractor Library/Bee/artifacts/mvdfrm/UnityEngine.UnityWebRequestAudioModule.dll_C1B59C25C3EDB953.mvfrm","enqueuedNodeIndex":79,"enqueueingNodeAnnotation":"ScriptAssemblies","enqueueingNodeIndex":6}
{"msg":"enqueueNode","enqueuedNodeAnnotation":"MovedFromExtractor Library/Bee/artifacts/mvdfrm/UnityEngine.UnityWebRequestModule.dll_DF0F8EA531478AB7.mvfrm","enqueuedNodeIndex":80,"enqueueingNodeAnnotation":"ScriptAssemblies","enqueueingNodeIndex":6}
{"msg":"enqueueNode","enqueuedNodeAnnotation":"MovedFromExtractor Library/Bee/artifacts/mvdfrm/UnityEngine.UnityWebRequestTextureModule.dll_E3627B3733140788.mvfrm","enqueuedNodeIndex":81,"enqueueingNodeAnnotation":"ScriptAssemblies","enqueueingNodeIndex":6}
{"msg":"enqueueNode","enqueuedNodeAnnotation":"MovedFromExtractor Library/Bee/artifacts/mvdfrm/UnityEngine.UnityWebRequestWWWModule.dll_14D8BB73E157B984.mvfrm","enqueuedNodeIndex":82,"enqueueingNodeAnnotation":"ScriptAssemblies","enqueueingNodeIndex":6}
{"msg":"enqueueNode","enqueuedNodeAnnotation":"MovedFromExtractor Library/Bee/artifacts/mvdfrm/UnityEngine.VehiclesModule.dll_0AD86C31B0741AB4.mvfrm","enqueuedNodeIndex":83,"enqueueingNodeAnnotation":"ScriptAssemblies","enqueueingNodeIndex":6}
{"msg":"enqueueNode","enqueuedNodeAnnotation":"MovedFromExtractor Library/Bee/artifacts/mvdfrm/UnityEngine.VFXModule.dll_6400FBF45D06F12F.mvfrm","enqueuedNodeIndex":84,"enqueueingNodeAnnotation":"ScriptAssemblies","enqueueingNodeIndex":6}
{"msg":"enqueueNode","enqueuedNodeAnnotation":"MovedFromExtractor Library/Bee/artifacts/mvdfrm/UnityEngine.VideoModule.dll_39DE7BDE4F7CA1A2.mvfrm","enqueuedNodeIndex":85,"enqueueingNodeAnnotation":"ScriptAssemblies","enqueueingNodeIndex":6}
{"msg":"enqueueNode","enqueuedNodeAnnotation":"MovedFromExtractor Library/Bee/artifacts/mvdfrm/UnityEngine.VirtualTexturingModule.dll_8A104D0E4847459A.mvfrm","enqueuedNodeIndex":86,"enqueueingNodeAnnotation":"ScriptAssemblies","enqueueingNodeIndex":6}
{"msg":"enqueueNode","enqueuedNodeAnnotation":"MovedFromExtractor Library/Bee/artifacts/mvdfrm/UnityEngine.VRModule.dll_9A5745D05DBA9C29.mvfrm","enqueuedNodeIndex":87,"enqueueingNodeAnnotation":"ScriptAssemblies","enqueueingNodeIndex":6}
{"msg":"enqueueNode","enqueuedNodeAnnotation":"MovedFromExtractor Library/Bee/artifacts/mvdfrm/UnityEngine.WindModule.dll_7EB9B4B5463CDC65.mvfrm","enqueuedNodeIndex":88,"enqueueingNodeAnnotation":"ScriptAssemblies","enqueueingNodeIndex":6}
{"msg":"enqueueNode","enqueuedNodeAnnotation":"MovedFromExtractor Library/Bee/artifacts/mvdfrm/UnityEngine.XRModule.dll_CD1608D4E6F4E987.mvfrm","enqueuedNodeIndex":89,"enqueueingNodeAnnotation":"ScriptAssemblies","enqueueingNodeIndex":6}
{"msg":"enqueueNode","enqueuedNodeAnnotation":"MovedFromExtractor Library/Bee/artifacts/mvdfrm/UnityEditor.WindowsStandalone.Extensions.dll_4E8AB598757074DF.mvfrm","enqueuedNodeIndex":90,"enqueueingNodeAnnotation":"ScriptAssemblies","enqueueingNodeIndex":6}
{"msg":"enqueueNode","enqueuedNodeAnnotation":"MovedFromExtractor Library/Bee/artifacts/mvdfrm/Unity.Plastic.Antlr3.Runtime.dll_E340043392540AF9.mvfrm","enqueuedNodeIndex":97,"enqueueingNodeAnnotation":"ScriptAssemblies","enqueueingNodeIndex":6}
{"msg":"enqueueNode","enqueuedNodeAnnotation":"MovedFromExtractor Library/Bee/artifacts/mvdfrm/Unity.Plastic.Newtonsoft.Json.dll_41CE71F42A4FD22C.mvfrm","enqueuedNodeIndex":98,"enqueueingNodeAnnotation":"ScriptAssemblies","enqueueingNodeIndex":6}
{"msg":"enqueueNode","enqueuedNodeAnnotation":"MovedFromExtractor Library/Bee/artifacts/mvdfrm/Unity.VisualScripting.IonicZip.dll_AFC4A1775743CCD8.mvfrm","enqueuedNodeIndex":99,"enqueueingNodeAnnotation":"ScriptAssemblies","enqueueingNodeIndex":6}
{"msg":"enqueueNode","enqueuedNodeAnnotation":"MovedFromExtractor Library/Bee/artifacts/mvdfrm/Unity.VisualScripting.YamlDotNet.dll_295D7F5050B34F24.mvfrm","enqueuedNodeIndex":100,"enqueueingNodeAnnotation":"ScriptAssemblies","enqueueingNodeIndex":6}
{"msg":"enqueueNode","enqueuedNodeAnnotation":"MovedFromExtractor Library/Bee/artifacts/mvdfrm/Unity.VisualScripting.TextureAssets.dll_C07BA8A41180AD1C.mvfrm","enqueuedNodeIndex":101,"enqueueingNodeAnnotation":"ScriptAssemblies","enqueueingNodeIndex":6}
{"msg":"enqueueNode","enqueuedNodeAnnotation":"MovedFromExtractor Library/Bee/artifacts/mvdfrm/Unity.VisualScripting.Antlr3.Runtime.dll_DACAA631817C5F43.mvfrm","enqueuedNodeIndex":102,"enqueueingNodeAnnotation":"ScriptAssemblies","enqueueingNodeIndex":6}
{"msg":"enqueueNode","enqueuedNodeAnnotation":"MovedFromExtractor Library/Bee/artifacts/mvdfrm/UnityEngine.TestRunner.ref.dll_E55D0F7C63F01D9E.mvfrm","enqueuedNodeIndex":109,"enqueueingNodeAnnotation":"ScriptAssemblies","enqueueingNodeIndex":6}
{"msg":"enqueueNode","enqueuedNodeAnnotation":"Csc Library/Bee/artifacts/1900b0aE.dag/UnityEngine.TestRunner.dll (+2 others)","enqueuedNodeIndex":4,"enqueueingNodeAnnotation":"MovedFromExtractor Library/Bee/artifacts/mvdfrm/UnityEngine.TestRunner.ref.dll_E55D0F7C63F01D9E.mvfrm","enqueueingNodeIndex":109}
{"msg":"enqueueNode","enqueuedNodeAnnotation":"WriteText Library/Bee/artifacts/1900b0aE.dag/UnityEngine.TestRunner.UnityAdditionalFile.txt","enqueuedNodeIndex":1,"enqueueingNodeAnnotation":"Csc Library/Bee/artifacts/1900b0aE.dag/UnityEngine.TestRunner.dll (+2 others)","enqueueingNodeIndex":4}
{"msg":"enqueueNode","enqueuedNodeAnnotation":"WriteText Library/Bee/artifacts/1900b0aE.dag/UnityEngine.TestRunner.rsp","enqueuedNodeIndex":2,"enqueueingNodeAnnotation":"Csc Library/Bee/artifacts/1900b0aE.dag/UnityEngine.TestRunner.dll (+2 others)","enqueueingNodeIndex":4}
{"msg":"enqueueNode","enqueuedNodeAnnotation":"WriteText Library/Bee/artifacts/1900b0aE.dag/UnityEngine.TestRunner.rsp2","enqueuedNodeIndex":3,"enqueueingNodeAnnotation":"Csc Library/Bee/artifacts/1900b0aE.dag/UnityEngine.TestRunner.dll (+2 others)","enqueueingNodeIndex":4}
{"msg":"enqueueNode","enqueuedNodeAnnotation":"MovedFromExtractorCombine Library/Bee/artifacts/1900b0aE.dag/UnityEngine.TestRunner.dll.mvfrm","enqueuedNodeIndex":92,"enqueueingNodeAnnotation":"Csc Library/Bee/artifacts/1900b0aE.dag/UnityEngine.TestRunner.dll (+2 others)","enqueueingNodeIndex":4}
{"msg":"enqueueNode","enqueuedNodeAnnotation":"WriteText Library/Bee/artifacts/1900b0aE.dag/UnityEngine.TestRunner.dll.mvfrm.rsp","enqueuedNodeIndex":91,"enqueueingNodeAnnotation":"MovedFromExtractorCombine Library/Bee/artifacts/1900b0aE.dag/UnityEngine.TestRunner.dll.mvfrm","enqueueingNodeIndex":92}
{"msg":"enqueueNode","enqueuedNodeAnnotation":"MovedFromExtractor Library/Bee/artifacts/mvdfrm/UnityEngine.NVIDIAModule.dll_F6FE463224C769E8.mvfrm","enqueuedNodeIndex":110,"enqueueingNodeAnnotation":"ScriptAssemblies","enqueueingNodeIndex":6}
{"msg":"enqueueNode","enqueuedNodeAnnotation":"MovedFromExtractor Library/Bee/artifacts/mvdfrm/UnityEditor.TestRunner.ref.dll_193EC4CE382CBFB3.mvfrm","enqueuedNodeIndex":117,"enqueueingNodeAnnotation":"ScriptAssemblies","enqueueingNodeIndex":6}
{"msg":"enqueueNode","enqueuedNodeAnnotation":"Csc Library/Bee/artifacts/1900b0aE.dag/UnityEditor.TestRunner.dll (+2 others)","enqueuedNodeIndex":108,"enqueueingNodeAnnotation":"MovedFromExtractor Library/Bee/artifacts/mvdfrm/UnityEditor.TestRunner.ref.dll_193EC4CE382CBFB3.mvfrm","enqueueingNodeIndex":117}
{"msg":"enqueueNode","enqueuedNodeAnnotation":"WriteText Library/Bee/artifacts/1900b0aE.dag/UnityEditor.TestRunner.UnityAdditionalFile.txt","enqueuedNodeIndex":105,"enqueueingNodeAnnotation":"Csc Library/Bee/artifacts/1900b0aE.dag/UnityEditor.TestRunner.dll (+2 others)","enqueueingNodeIndex":108}
{"msg":"enqueueNode","enqueuedNodeAnnotation":"WriteText Library/Bee/artifacts/1900b0aE.dag/UnityEditor.TestRunner.rsp","enqueuedNodeIndex":106,"enqueueingNodeAnnotation":"Csc Library/Bee/artifacts/1900b0aE.dag/UnityEditor.TestRunner.dll (+2 others)","enqueueingNodeIndex":108}
{"msg":"enqueueNode","enqueuedNodeAnnotation":"WriteText Library/Bee/artifacts/1900b0aE.dag/UnityEditor.TestRunner.rsp2","enqueuedNodeIndex":107,"enqueueingNodeAnnotation":"Csc Library/Bee/artifacts/1900b0aE.dag/UnityEditor.TestRunner.dll (+2 others)","enqueueingNodeIndex":108}
{"msg":"enqueueNode","enqueuedNodeAnnotation":"MovedFromExtractorCombine Library/Bee/artifacts/1900b0aE.dag/UnityEditor.TestRunner.dll.mvfrm","enqueuedNodeIndex":112,"enqueueingNodeAnnotation":"Csc Library/Bee/artifacts/1900b0aE.dag/UnityEditor.TestRunner.dll (+2 others)","enqueueingNodeIndex":108}
{"msg":"enqueueNode","enqueuedNodeAnnotation":"WriteText Library/Bee/artifacts/1900b0aE.dag/UnityEditor.TestRunner.dll.mvfrm.rsp","enqueuedNodeIndex":111,"enqueueingNodeAnnotation":"MovedFromExtractorCombine Library/Bee/artifacts/1900b0aE.dag/UnityEditor.TestRunner.dll.mvfrm","enqueueingNodeIndex":112}
{"msg":"enqueueNode","enqueuedNodeAnnotation":"MovedFromExtractor Library/Bee/artifacts/mvdfrm/UnityEngine.UI.ref.dll_08FEAA520A2EFD60.mvfrm","enqueuedNodeIndex":118,"enqueueingNodeAnnotation":"ScriptAssemblies","enqueueingNodeIndex":6}
{"msg":"enqueueNode","enqueuedNodeAnnotation":"Csc Library/Bee/artifacts/1900b0aE.dag/UnityEngine.UI.dll (+2 others)","enqueuedNodeIndex":96,"enqueueingNodeAnnotation":"MovedFromExtractor Library/Bee/artifacts/mvdfrm/UnityEngine.UI.ref.dll_08FEAA520A2EFD60.mvfrm","enqueueingNodeIndex":118}
{"msg":"enqueueNode","enqueuedNodeAnnotation":"WriteText Library/Bee/artifacts/1900b0aE.dag/UnityEngine.UI.UnityAdditionalFile.txt","enqueuedNodeIndex":93,"enqueueingNodeAnnotation":"Csc Library/Bee/artifacts/1900b0aE.dag/UnityEngine.UI.dll (+2 others)","enqueueingNodeIndex":96}
{"msg":"enqueueNode","enqueuedNodeAnnotation":"WriteText Library/Bee/artifacts/1900b0aE.dag/UnityEngine.UI.rsp","enqueuedNodeIndex":94,"enqueueingNodeAnnotation":"Csc Library/Bee/artifacts/1900b0aE.dag/UnityEngine.UI.dll (+2 others)","enqueueingNodeIndex":96}
{"msg":"enqueueNode","enqueuedNodeAnnotation":"WriteText Library/Bee/artifacts/1900b0aE.dag/UnityEngine.UI.rsp2","enqueuedNodeIndex":95,"enqueueingNodeAnnotation":"Csc Library/Bee/artifacts/1900b0aE.dag/UnityEngine.UI.dll (+2 others)","enqueueingNodeIndex":96}
{"msg":"enqueueNode","enqueuedNodeAnnotation":"MovedFromExtractorCombine Library/Bee/artifacts/1900b0aE.dag/UnityEngine.UI.dll.mvfrm","enqueuedNodeIndex":104,"enqueueingNodeAnnotation":"Csc Library/Bee/artifacts/1900b0aE.dag/UnityEngine.UI.dll (+2 others)","enqueueingNodeIndex":96}
{"msg":"enqueueNode","enqueuedNodeAnnotation":"WriteText Library/Bee/artifacts/1900b0aE.dag/UnityEngine.UI.dll.mvfrm.rsp","enqueuedNodeIndex":103,"enqueueingNodeAnnotation":"MovedFromExtractorCombine Library/Bee/artifacts/1900b0aE.dag/UnityEngine.UI.dll.mvfrm","enqueueingNodeIndex":104}
{"msg":"enqueueNode","enqueuedNodeAnnotation":"MovedFromExtractor Library/Bee/artifacts/mvdfrm/UnityEditor.UI.ref.dll_4C98D3F7040CD4F5.mvfrm","enqueuedNodeIndex":125,"enqueueingNodeAnnotation":"ScriptAssemblies","enqueueingNodeIndex":6}
{"msg":"enqueueNode","enqueuedNodeAnnotation":"Csc Library/Bee/artifacts/1900b0aE.dag/UnityEditor.UI.dll (+2 others)","enqueuedNodeIndex":116,"enqueueingNodeAnnotation":"MovedFromExtractor Library/Bee/artifacts/mvdfrm/UnityEditor.UI.ref.dll_4C98D3F7040CD4F5.mvfrm","enqueueingNodeIndex":125}
{"msg":"enqueueNode","enqueuedNodeAnnotation":"WriteText Library/Bee/artifacts/1900b0aE.dag/UnityEditor.UI.UnityAdditionalFile.txt","enqueuedNodeIndex":113,"enqueueingNodeAnnotation":"Csc Library/Bee/artifacts/1900b0aE.dag/UnityEditor.UI.dll (+2 others)","enqueueingNodeIndex":116}
{"msg":"enqueueNode","enqueuedNodeAnnotation":"WriteText Library/Bee/artifacts/1900b0aE.dag/UnityEditor.UI.rsp","enqueuedNodeIndex":114,"enqueueingNodeAnnotation":"Csc Library/Bee/artifacts/1900b0aE.dag/UnityEditor.UI.dll (+2 others)","enqueueingNodeIndex":116}
{"msg":"enqueueNode","enqueuedNodeAnnotation":"WriteText Library/Bee/artifacts/1900b0aE.dag/UnityEditor.UI.rsp2","enqueuedNodeIndex":115,"enqueueingNodeAnnotation":"Csc Library/Bee/artifacts/1900b0aE.dag/UnityEditor.UI.dll (+2 others)","enqueueingNodeIndex":116}
{"msg":"enqueueNode","enqueuedNodeAnnotation":"MovedFromExtractorCombine Library/Bee/artifacts/1900b0aE.dag/UnityEditor.UI.dll.mvfrm","enqueuedNodeIndex":120,"enqueueingNodeAnnotation":"Csc Library/Bee/artifacts/1900b0aE.dag/UnityEditor.UI.dll (+2 others)","enqueueingNodeIndex":116}
{"msg":"enqueueNode","enqueuedNodeAnnotation":"WriteText Library/Bee/artifacts/1900b0aE.dag/UnityEditor.UI.dll.mvfrm.rsp","enqueuedNodeIndex":119,"enqueueingNodeAnnotation":"MovedFromExtractorCombine Library/Bee/artifacts/1900b0aE.dag/UnityEditor.UI.dll.mvfrm","enqueueingNodeIndex":120}
{"msg":"enqueueNode","enqueuedNodeAnnotation":"MovedFromExtractor Library/Bee/artifacts/mvdfrm/Unity.PlasticSCM.Editor.ref.dll_257AEB342BE77856.mvfrm","enqueuedNodeIndex":198,"enqueueingNodeAnnotation":"ScriptAssemblies","enqueueingNodeIndex":6}
{"msg":"enqueueNode","enqueuedNodeAnnotation":"Csc Library/Bee/artifacts/1900b0aE.dag/Unity.PlasticSCM.Editor.dll (+2 others)","enqueuedNodeIndex":137,"enqueueingNodeAnnotation":"MovedFromExtractor Library/Bee/artifacts/mvdfrm/Unity.PlasticSCM.Editor.ref.dll_257AEB342BE77856.mvfrm","enqueueingNodeIndex":198}
{"msg":"enqueueNode","enqueuedNodeAnnotation":"WriteText Library/Bee/artifacts/1900b0aE.dag/Unity.PlasticSCM.Editor.UnityAdditionalFile.txt","enqueuedNodeIndex":134,"enqueueingNodeAnnotation":"Csc Library/Bee/artifacts/1900b0aE.dag/Unity.PlasticSCM.Editor.dll (+2 others)","enqueueingNodeIndex":137}
{"msg":"enqueueNode","enqueuedNodeAnnotation":"WriteText Library/Bee/artifacts/1900b0aE.dag/Unity.PlasticSCM.Editor.rsp","enqueuedNodeIndex":135,"enqueueingNodeAnnotation":"Csc Library/Bee/artifacts/1900b0aE.dag/Unity.PlasticSCM.Editor.dll (+2 others)","enqueueingNodeIndex":137}
{"msg":"enqueueNode","enqueuedNodeAnnotation":"WriteText Library/Bee/artifacts/1900b0aE.dag/Unity.PlasticSCM.Editor.rsp2","enqueuedNodeIndex":136,"enqueueingNodeAnnotation":"Csc Library/Bee/artifacts/1900b0aE.dag/Unity.PlasticSCM.Editor.dll (+2 others)","enqueueingNodeIndex":137}
{"msg":"enqueueNode","enqueuedNodeAnnotation":"MovedFromExtractorCombine Library/Bee/artifacts/1900b0aE.dag/Unity.PlasticSCM.Editor.dll.mvfrm","enqueuedNodeIndex":139,"enqueueingNodeAnnotation":"Csc Library/Bee/artifacts/1900b0aE.dag/Unity.PlasticSCM.Editor.dll (+2 others)","enqueueingNodeIndex":137}
{"msg":"enqueueNode","enqueuedNodeAnnotation":"WriteText Library/Bee/artifacts/1900b0aE.dag/Unity.PlasticSCM.Editor.dll.mvfrm.rsp","enqueuedNodeIndex":138,"enqueueingNodeAnnotation":"MovedFromExtractorCombine Library/Bee/artifacts/1900b0aE.dag/Unity.PlasticSCM.Editor.dll.mvfrm","enqueueingNodeIndex":139}
{"msg":"enqueueNode","enqueuedNodeAnnotation":"MovedFromExtractor Library/Bee/artifacts/mvdfrm/Unity.Settings.Editor.ref.dll_7F5B154C05A780B0.mvfrm","enqueuedNodeIndex":205,"enqueueingNodeAnnotation":"ScriptAssemblies","enqueueingNodeIndex":6}
{"msg":"enqueueNode","enqueuedNodeAnnotation":"Csc Library/Bee/artifacts/1900b0aE.dag/Unity.Settings.Editor.dll (+2 others)","enqueuedNodeIndex":149,"enqueueingNodeAnnotation":"MovedFromExtractor Library/Bee/artifacts/mvdfrm/Unity.Settings.Editor.ref.dll_7F5B154C05A780B0.mvfrm","enqueueingNodeIndex":205}
{"msg":"enqueueNode","enqueuedNodeAnnotation":"WriteText Library/Bee/artifacts/1900b0aE.dag/Unity.Settings.Editor.UnityAdditionalFile.txt","enqueuedNodeIndex":146,"enqueueingNodeAnnotation":"Csc Library/Bee/artifacts/1900b0aE.dag/Unity.Settings.Editor.dll (+2 others)","enqueueingNodeIndex":149}
{"msg":"enqueueNode","enqueuedNodeAnnotation":"WriteText Library/Bee/artifacts/1900b0aE.dag/Unity.Settings.Editor.rsp","enqueuedNodeIndex":147,"enqueueingNodeAnnotation":"Csc Library/Bee/artifacts/1900b0aE.dag/Unity.Settings.Editor.dll (+2 others)","enqueueingNodeIndex":149}
{"msg":"enqueueNode","enqueuedNodeAnnotation":"WriteText Library/Bee/artifacts/1900b0aE.dag/Unity.Settings.Editor.rsp2","enqueuedNodeIndex":148,"enqueueingNodeAnnotation":"Csc Library/Bee/artifacts/1900b0aE.dag/Unity.Settings.Editor.dll (+2 others)","enqueueingNodeIndex":149}
{"msg":"enqueueNode","enqueuedNodeAnnotation":"MovedFromExtractorCombine Library/Bee/artifacts/1900b0aE.dag/Unity.Settings.Editor.dll.mvfrm","enqueuedNodeIndex":151,"enqueueingNodeAnnotation":"Csc Library/Bee/artifacts/1900b0aE.dag/Unity.Settings.Editor.dll (+2 others)","enqueueingNodeIndex":149}
{"msg":"enqueueNode","enqueuedNodeAnnotation":"WriteText Library/Bee/artifacts/1900b0aE.dag/Unity.Settings.Editor.dll.mvfrm.rsp","enqueuedNodeIndex":150,"enqueueingNodeAnnotation":"MovedFromExtractorCombine Library/Bee/artifacts/1900b0aE.dag/Unity.Settings.Editor.dll.mvfrm","enqueueingNodeIndex":151}
{"msg":"enqueueNode","enqueuedNodeAnnotation":"MovedFromExtractor Library/Bee/artifacts/mvdfrm/Unity.TestTools.CodeCoverage.Editor.OpenCover.Model.ref.dll_D3B9364D6FB03093.mvfrm","enqueuedNodeIndex":206,"enqueueingNodeAnnotation":"ScriptAssemblies","enqueueingNodeIndex":6}
{"msg":"enqueueNode","enqueuedNodeAnnotation":"Csc Library/Bee/artifacts/1900b0aE.dag/Unity.TestTools.CodeCoverage.Editor.OpenCover.Model.dll (+2 others)","enqueuedNodeIndex":155,"enqueueingNodeAnnotation":"MovedFromExtractor Library/Bee/artifacts/mvdfrm/Unity.TestTools.CodeCoverage.Editor.OpenCover.Model.ref.dll_D3B9364D6FB03093.mvfrm","enqueueingNodeIndex":206}
{"msg":"enqueueNode","enqueuedNodeAnnotation":"WriteText Library/Bee/artifacts/1900b0aE.dag/Unity.TestTools.CodeCoverage.Editor.OpenCover.Model.UnityAdditionalFile.txt","enqueuedNodeIndex":152,"enqueueingNodeAnnotation":"Csc Library/Bee/artifacts/1900b0aE.dag/Unity.TestTools.CodeCoverage.Editor.OpenCover.Model.dll (+2 others)","enqueueingNodeIndex":155}
{"msg":"enqueueNode","enqueuedNodeAnnotation":"WriteText Library/Bee/artifacts/1900b0aE.dag/Unity.TestTools.CodeCoverage.Editor.OpenCover.Model.rsp","enqueuedNodeIndex":153,"enqueueingNodeAnnotation":"Csc Library/Bee/artifacts/1900b0aE.dag/Unity.TestTools.CodeCoverage.Editor.OpenCover.Model.dll (+2 others)","enqueueingNodeIndex":155}
{"msg":"enqueueNode","enqueuedNodeAnnotation":"WriteText Library/Bee/artifacts/1900b0aE.dag/Unity.TestTools.CodeCoverage.Editor.OpenCover.Model.rsp2","enqueuedNodeIndex":154,"enqueueingNodeAnnotation":"Csc Library/Bee/artifacts/1900b0aE.dag/Unity.TestTools.CodeCoverage.Editor.OpenCover.Model.dll (+2 others)","enqueueingNodeIndex":155}
{"msg":"enqueueNode","enqueuedNodeAnnotation":"MovedFromExtractorCombine Library/Bee/artifacts/1900b0aE.dag/Unity.TestTools.CodeCoverage.Editor.OpenCover.Model.dll.mvfrm","enqueuedNodeIndex":157,"enqueueingNodeAnnotation":"Csc Library/Bee/artifacts/1900b0aE.dag/Unity.TestTools.CodeCoverage.Editor.OpenCover.Model.dll (+2 others)","enqueueingNodeIndex":155}
{"msg":"enqueueNode","enqueuedNodeAnnotation":"WriteText Library/Bee/artifacts/1900b0aE.dag/Unity.TestTools.CodeCoverage.Editor.OpenCover.Model.dll.mvfrm.rsp","enqueuedNodeIndex":156,"enqueueingNodeAnnotation":"MovedFromExtractorCombine Library/Bee/artifacts/1900b0aE.dag/Unity.TestTools.CodeCoverage.Editor.OpenCover.Model.dll.mvfrm","enqueueingNodeIndex":157}
{"msg":"enqueueNode","enqueuedNodeAnnotation":"MovedFromExtractor Library/Bee/artifacts/mvdfrm/Unity.TestTools.CodeCoverage.Editor.OpenCover.Mono.Reflection.ref.dll_E668CD773429A040.mvfrm","enqueuedNodeIndex":207,"enqueueingNodeAnnotation":"ScriptAssemblies","enqueueingNodeIndex":6}
{"msg":"enqueueNode","enqueuedNodeAnnotation":"Csc Library/Bee/artifacts/1900b0aE.dag/Unity.TestTools.CodeCoverage.Editor.OpenCover.Mono.Reflection.dll (+2 others)","enqueuedNodeIndex":161,"enqueueingNodeAnnotation":"MovedFromExtractor Library/Bee/artifacts/mvdfrm/Unity.TestTools.CodeCoverage.Editor.OpenCover.Mono.Reflection.ref.dll_E668CD773429A040.mvfrm","enqueueingNodeIndex":207}
{"msg":"enqueueNode","enqueuedNodeAnnotation":"WriteText Library/Bee/artifacts/1900b0aE.dag/Unity.TestTools.CodeCoverage.Editor.OpenCover.Mono.Reflection.UnityAdditionalFile.txt","enqueuedNodeIndex":158,"enqueueingNodeAnnotation":"Csc Library/Bee/artifacts/1900b0aE.dag/Unity.TestTools.CodeCoverage.Editor.OpenCover.Mono.Reflection.dll (+2 others)","enqueueingNodeIndex":161}
{"msg":"enqueueNode","enqueuedNodeAnnotation":"WriteText Library/Bee/artifacts/1900b0aE.dag/Unity.TestTools.CodeCoverage.Editor.OpenCover.Mono.Reflection.rsp","enqueuedNodeIndex":159,"enqueueingNodeAnnotation":"Csc Library/Bee/artifacts/1900b0aE.dag/Unity.TestTools.CodeCoverage.Editor.OpenCover.Mono.Reflection.dll (+2 others)","enqueueingNodeIndex":161}
{"msg":"enqueueNode","enqueuedNodeAnnotation":"WriteText Library/Bee/artifacts/1900b0aE.dag/Unity.TestTools.CodeCoverage.Editor.OpenCover.Mono.Reflection.rsp2","enqueuedNodeIndex":160,"enqueueingNodeAnnotation":"Csc Library/Bee/artifacts/1900b0aE.dag/Unity.TestTools.CodeCoverage.Editor.OpenCover.Mono.Reflection.dll (+2 others)","enqueueingNodeIndex":161}
{"msg":"enqueueNode","enqueuedNodeAnnotation":"MovedFromExtractorCombine Library/Bee/artifacts/1900b0aE.dag/Unity.TestTools.CodeCoverage.Editor.OpenCover.Mono.Reflection.dll.mvfrm","enqueuedNodeIndex":163,"enqueueingNodeAnnotation":"Csc Library/Bee/artifacts/1900b0aE.dag/Unity.TestTools.CodeCoverage.Editor.OpenCover.Mono.Reflection.dll (+2 others)","enqueueingNodeIndex":161}
{"msg":"enqueueNode","enqueuedNodeAnnotation":"WriteText Library/Bee/artifacts/1900b0aE.dag/Unity.TestTools.CodeCoverage.Editor.OpenCover.Mono.Reflection.dll.mvfrm.rsp","enqueuedNodeIndex":162,"enqueueingNodeAnnotation":"MovedFromExtractorCombine Library/Bee/artifacts/1900b0aE.dag/Unity.TestTools.CodeCoverage.Editor.OpenCover.Mono.Reflection.dll.mvfrm","enqueueingNodeIndex":163}
{"msg":"enqueueNode","enqueuedNodeAnnotation":"MovedFromExtractor Library/Bee/artifacts/mvdfrm/Unity.TextMeshPro.ref.dll_84A4293DBDD182DB.mvfrm","enqueuedNodeIndex":214,"enqueueingNodeAnnotation":"ScriptAssemblies","enqueueingNodeIndex":6}
{"msg":"enqueueNode","enqueuedNodeAnnotation":"Csc Library/Bee/artifacts/1900b0aE.dag/Unity.TextMeshPro.dll (+2 others)","enqueuedNodeIndex":167,"enqueueingNodeAnnotation":"MovedFromExtractor Library/Bee/artifacts/mvdfrm/Unity.TextMeshPro.ref.dll_84A4293DBDD182DB.mvfrm","enqueueingNodeIndex":214}
{"msg":"enqueueNode","enqueuedNodeAnnotation":"WriteText Library/Bee/artifacts/1900b0aE.dag/Unity.TextMeshPro.UnityAdditionalFile.txt","enqueuedNodeIndex":164,"enqueueingNodeAnnotation":"Csc Library/Bee/artifacts/1900b0aE.dag/Unity.TextMeshPro.dll (+2 others)","enqueueingNodeIndex":167}
{"msg":"enqueueNode","enqueuedNodeAnnotation":"WriteText Library/Bee/artifacts/1900b0aE.dag/Unity.TextMeshPro.rsp","enqueuedNodeIndex":165,"enqueueingNodeAnnotation":"Csc Library/Bee/artifacts/1900b0aE.dag/Unity.TextMeshPro.dll (+2 others)","enqueueingNodeIndex":167}
{"msg":"enqueueNode","enqueuedNodeAnnotation":"WriteText Library/Bee/artifacts/1900b0aE.dag/Unity.TextMeshPro.rsp2","enqueuedNodeIndex":166,"enqueueingNodeAnnotation":"Csc Library/Bee/artifacts/1900b0aE.dag/Unity.TextMeshPro.dll (+2 others)","enqueueingNodeIndex":167}
{"msg":"enqueueNode","enqueuedNodeAnnotation":"MovedFromExtractorCombine Library/Bee/artifacts/1900b0aE.dag/Unity.TextMeshPro.dll.mvfrm","enqueuedNodeIndex":169,"enqueueingNodeAnnotation":"Csc Library/Bee/artifacts/1900b0aE.dag/Unity.TextMeshPro.dll (+2 others)","enqueueingNodeIndex":167}
{"msg":"enqueueNode","enqueuedNodeAnnotation":"WriteText Library/Bee/artifacts/1900b0aE.dag/Unity.TextMeshPro.dll.mvfrm.rsp","enqueuedNodeIndex":168,"enqueueingNodeAnnotation":"MovedFromExtractorCombine Library/Bee/artifacts/1900b0aE.dag/Unity.TextMeshPro.dll.mvfrm","enqueueingNodeIndex":169}
{"msg":"enqueueNode","enqueuedNodeAnnotation":"MovedFromExtractor Library/Bee/artifacts/mvdfrm/Unity.Timeline.ref.dll_621CDDF9C514DF8F.mvfrm","enqueuedNodeIndex":221,"enqueueingNodeAnnotation":"ScriptAssemblies","enqueueingNodeIndex":6}
{"msg":"enqueueNode","enqueuedNodeAnnotation":"Csc Library/Bee/artifacts/1900b0aE.dag/Unity.Timeline.dll (+2 others)","enqueuedNodeIndex":173,"enqueueingNodeAnnotation":"MovedFromExtractor Library/Bee/artifacts/mvdfrm/Unity.Timeline.ref.dll_621CDDF9C514DF8F.mvfrm","enqueueingNodeIndex":221}
{"msg":"enqueueNode","enqueuedNodeAnnotation":"WriteText Library/Bee/artifacts/1900b0aE.dag/Unity.Timeline.UnityAdditionalFile.txt","enqueuedNodeIndex":170,"enqueueingNodeAnnotation":"Csc Library/Bee/artifacts/1900b0aE.dag/Unity.Timeline.dll (+2 others)","enqueueingNodeIndex":173}
{"msg":"enqueueNode","enqueuedNodeAnnotation":"WriteText Library/Bee/artifacts/1900b0aE.dag/Unity.Timeline.rsp","enqueuedNodeIndex":171,"enqueueingNodeAnnotation":"Csc Library/Bee/artifacts/1900b0aE.dag/Unity.Timeline.dll (+2 others)","enqueueingNodeIndex":173}
{"msg":"enqueueNode","enqueuedNodeAnnotation":"WriteText Library/Bee/artifacts/1900b0aE.dag/Unity.Timeline.rsp2","enqueuedNodeIndex":172,"enqueueingNodeAnnotation":"Csc Library/Bee/artifacts/1900b0aE.dag/Unity.Timeline.dll (+2 others)","enqueueingNodeIndex":173}
{"msg":"enqueueNode","enqueuedNodeAnnotation":"MovedFromExtractorCombine Library/Bee/artifacts/1900b0aE.dag/Unity.Timeline.dll.mvfrm","enqueuedNodeIndex":175,"enqueueingNodeAnnotation":"Csc Library/Bee/artifacts/1900b0aE.dag/Unity.Timeline.dll (+2 others)","enqueueingNodeIndex":173}
{"msg":"enqueueNode","enqueuedNodeAnnotation":"WriteText Library/Bee/artifacts/1900b0aE.dag/Unity.Timeline.dll.mvfrm.rsp","enqueuedNodeIndex":174,"enqueueingNodeAnnotation":"MovedFromExtractorCombine Library/Bee/artifacts/1900b0aE.dag/Unity.Timeline.dll.mvfrm","enqueueingNodeIndex":175}
{"msg":"enqueueNode","enqueuedNodeAnnotation":"MovedFromExtractor Library/Bee/artifacts/mvdfrm/Unity.VisualScripting.Core.ref.dll_D75DF4EA1AFE54F4.mvfrm","enqueuedNodeIndex":228,"enqueueingNodeAnnotation":"ScriptAssemblies","enqueueingNodeIndex":6}
{"msg":"enqueueNode","enqueuedNodeAnnotation":"Csc Library/Bee/artifacts/1900b0aE.dag/Unity.VisualScripting.Core.dll (+2 others)","enqueuedNodeIndex":185,"enqueueingNodeAnnotation":"MovedFromExtractor Library/Bee/artifacts/mvdfrm/Unity.VisualScripting.Core.ref.dll_D75DF4EA1AFE54F4.mvfrm","enqueueingNodeIndex":228}
{"msg":"enqueueNode","enqueuedNodeAnnotation":"WriteText Library/Bee/artifacts/1900b0aE.dag/Unity.VisualScripting.Core.UnityAdditionalFile.txt","enqueuedNodeIndex":182,"enqueueingNodeAnnotation":"Csc Library/Bee/artifacts/1900b0aE.dag/Unity.VisualScripting.Core.dll (+2 others)","enqueueingNodeIndex":185}
{"msg":"enqueueNode","enqueuedNodeAnnotation":"WriteText Library/Bee/artifacts/1900b0aE.dag/Unity.VisualScripting.Core.rsp","enqueuedNodeIndex":183,"enqueueingNodeAnnotation":"Csc Library/Bee/artifacts/1900b0aE.dag/Unity.VisualScripting.Core.dll (+2 others)","enqueueingNodeIndex":185}
{"msg":"enqueueNode","enqueuedNodeAnnotation":"WriteText Library/Bee/artifacts/1900b0aE.dag/Unity.VisualScripting.Core.rsp2","enqueuedNodeIndex":184,"enqueueingNodeAnnotation":"Csc Library/Bee/artifacts/1900b0aE.dag/Unity.VisualScripting.Core.dll (+2 others)","enqueueingNodeIndex":185}
{"msg":"enqueueNode","enqueuedNodeAnnotation":"MovedFromExtractorCombine Library/Bee/artifacts/1900b0aE.dag/Unity.VisualScripting.Core.dll.mvfrm","enqueuedNodeIndex":187,"enqueueingNodeAnnotation":"Csc Library/Bee/artifacts/1900b0aE.dag/Unity.VisualScripting.Core.dll (+2 others)","enqueueingNodeIndex":185}
{"msg":"enqueueNode","enqueuedNodeAnnotation":"WriteText Library/Bee/artifacts/1900b0aE.dag/Unity.VisualScripting.Core.dll.mvfrm.rsp","enqueuedNodeIndex":186,"enqueueingNodeAnnotation":"MovedFromExtractorCombine Library/Bee/artifacts/1900b0aE.dag/Unity.VisualScripting.Core.dll.mvfrm","enqueueingNodeIndex":187}
{"msg":"enqueueNode","enqueuedNodeAnnotation":"MovedFromExtractor Library/Bee/artifacts/mvdfrm/Unity.VisualScripting.Core.Editor.ref.dll_EDC8690F57C5BDFD.mvfrm","enqueuedNodeIndex":241,"enqueueingNodeAnnotation":"ScriptAssemblies","enqueueingNodeIndex":6}
{"msg":"enqueueNode","enqueuedNodeAnnotation":"Csc Library/Bee/artifacts/1900b0aE.dag/Unity.VisualScripting.Core.Editor.dll (+2 others)","enqueuedNodeIndex":227,"enqueueingNodeAnnotation":"MovedFromExtractor Library/Bee/artifacts/mvdfrm/Unity.VisualScripting.Core.Editor.ref.dll_EDC8690F57C5BDFD.mvfrm","enqueueingNodeIndex":241}
{"msg":"enqueueNode","enqueuedNodeAnnotation":"WriteText Library/Bee/artifacts/1900b0aE.dag/Unity.VisualScripting.Core.Editor.UnityAdditionalFile.txt","enqueuedNodeIndex":224,"enqueueingNodeAnnotation":"Csc Library/Bee/artifacts/1900b0aE.dag/Unity.VisualScripting.Core.Editor.dll (+2 others)","enqueueingNodeIndex":227}
{"msg":"enqueueNode","enqueuedNodeAnnotation":"WriteText Library/Bee/artifacts/1900b0aE.dag/Unity.VisualScripting.Core.Editor.rsp","enqueuedNodeIndex":225,"enqueueingNodeAnnotation":"Csc Library/Bee/artifacts/1900b0aE.dag/Unity.VisualScripting.Core.Editor.dll (+2 others)","enqueueingNodeIndex":227}
{"msg":"enqueueNode","enqueuedNodeAnnotation":"WriteText Library/Bee/artifacts/1900b0aE.dag/Unity.VisualScripting.Core.Editor.rsp2","enqueuedNodeIndex":226,"enqueueingNodeAnnotation":"Csc Library/Bee/artifacts/1900b0aE.dag/Unity.VisualScripting.Core.Editor.dll (+2 others)","enqueueingNodeIndex":227}
{"msg":"enqueueNode","enqueuedNodeAnnotation":"MovedFromExtractorCombine Library/Bee/artifacts/1900b0aE.dag/Unity.VisualScripting.Core.Editor.dll.mvfrm","enqueuedNodeIndex":230,"enqueueingNodeAnnotation":"Csc Library/Bee/artifacts/1900b0aE.dag/Unity.VisualScripting.Core.Editor.dll (+2 others)","enqueueingNodeIndex":227}
{"msg":"enqueueNode","enqueuedNodeAnnotation":"WriteText Library/Bee/artifacts/1900b0aE.dag/Unity.VisualScripting.Core.Editor.dll.mvfrm.rsp","enqueuedNodeIndex":229,"enqueueingNodeAnnotation":"MovedFromExtractorCombine Library/Bee/artifacts/1900b0aE.dag/Unity.VisualScripting.Core.Editor.dll.mvfrm","enqueueingNodeIndex":230}
{"msg":"enqueueNode","enqueuedNodeAnnotation":"MovedFromExtractor Library/Bee/artifacts/mvdfrm/Unity.VisualScripting.Flow.ref.dll_1E6ED5409D07C9A3.mvfrm","enqueuedNodeIndex":242,"enqueueingNodeAnnotation":"ScriptAssemblies","enqueueingNodeIndex":6}
{"msg":"enqueueNode","enqueuedNodeAnnotation":"Csc Library/Bee/artifacts/1900b0aE.dag/Unity.VisualScripting.Flow.dll (+2 others)","enqueuedNodeIndex":234,"enqueueingNodeAnnotation":"MovedFromExtractor Library/Bee/artifacts/mvdfrm/Unity.VisualScripting.Flow.ref.dll_1E6ED5409D07C9A3.mvfrm","enqueueingNodeIndex":242}
{"msg":"enqueueNode","enqueuedNodeAnnotation":"WriteText Library/Bee/artifacts/1900b0aE.dag/Unity.VisualScripting.Flow.UnityAdditionalFile.txt","enqueuedNodeIndex":231,"enqueueingNodeAnnotation":"Csc Library/Bee/artifacts/1900b0aE.dag/Unity.VisualScripting.Flow.dll (+2 others)","enqueueingNodeIndex":234}
{"msg":"enqueueNode","enqueuedNodeAnnotation":"WriteText Library/Bee/artifacts/1900b0aE.dag/Unity.VisualScripting.Flow.rsp","enqueuedNodeIndex":232,"enqueueingNodeAnnotation":"Csc Library/Bee/artifacts/1900b0aE.dag/Unity.VisualScripting.Flow.dll (+2 others)","enqueueingNodeIndex":234}
{"msg":"enqueueNode","enqueuedNodeAnnotation":"WriteText Library/Bee/artifacts/1900b0aE.dag/Unity.VisualScripting.Flow.rsp2","enqueuedNodeIndex":233,"enqueueingNodeAnnotation":"Csc Library/Bee/artifacts/1900b0aE.dag/Unity.VisualScripting.Flow.dll (+2 others)","enqueueingNodeIndex":234}
{"msg":"enqueueNode","enqueuedNodeAnnotation":"MovedFromExtractorCombine Library/Bee/artifacts/1900b0aE.dag/Unity.VisualScripting.Flow.dll.mvfrm","enqueuedNodeIndex":236,"enqueueingNodeAnnotation":"Csc Library/Bee/artifacts/1900b0aE.dag/Unity.VisualScripting.Flow.dll (+2 others)","enqueueingNodeIndex":234}
{"msg":"enqueueNode","enqueuedNodeAnnotation":"WriteText Library/Bee/artifacts/1900b0aE.dag/Unity.VisualScripting.Flow.dll.mvfrm.rsp","enqueuedNodeIndex":235,"enqueueingNodeAnnotation":"MovedFromExtractorCombine Library/Bee/artifacts/1900b0aE.dag/Unity.VisualScripting.Flow.dll.mvfrm","enqueueingNodeIndex":236}
{"msg":"enqueueNode","enqueuedNodeAnnotation":"MovedFromExtractor Library/Bee/artifacts/mvdfrm/Unity.VisualScripting.Flow.Editor.ref.dll_6AF951BE66A4493E.mvfrm","enqueuedNodeIndex":255,"enqueueingNodeAnnotation":"ScriptAssemblies","enqueueingNodeIndex":6}
{"msg":"enqueueNode","enqueuedNodeAnnotation":"Csc Library/Bee/artifacts/1900b0aE.dag/Unity.VisualScripting.Flow.Editor.dll (+2 others)","enqueuedNodeIndex":240,"enqueueingNodeAnnotation":"MovedFromExtractor Library/Bee/artifacts/mvdfrm/Unity.VisualScripting.Flow.Editor.ref.dll_6AF951BE66A4493E.mvfrm","enqueueingNodeIndex":255}
{"msg":"enqueueNode","enqueuedNodeAnnotation":"WriteText Library/Bee/artifacts/1900b0aE.dag/Unity.VisualScripting.Flow.Editor.UnityAdditionalFile.txt","enqueuedNodeIndex":237,"enqueueingNodeAnnotation":"Csc Library/Bee/artifacts/1900b0aE.dag/Unity.VisualScripting.Flow.Editor.dll (+2 others)","enqueueingNodeIndex":240}
{"msg":"enqueueNode","enqueuedNodeAnnotation":"WriteText Library/Bee/artifacts/1900b0aE.dag/Unity.VisualScripting.Flow.Editor.rsp","enqueuedNodeIndex":238,"enqueueingNodeAnnotation":"Csc Library/Bee/artifacts/1900b0aE.dag/Unity.VisualScripting.Flow.Editor.dll (+2 others)","enqueueingNodeIndex":240}
{"msg":"enqueueNode","enqueuedNodeAnnotation":"WriteText Library/Bee/artifacts/1900b0aE.dag/Unity.VisualScripting.Flow.Editor.rsp2","enqueuedNodeIndex":239,"enqueueingNodeAnnotation":"Csc Library/Bee/artifacts/1900b0aE.dag/Unity.VisualScripting.Flow.Editor.dll (+2 others)","enqueueingNodeIndex":240}
{"msg":"enqueueNode","enqueuedNodeAnnotation":"MovedFromExtractorCombine Library/Bee/artifacts/1900b0aE.dag/Unity.VisualScripting.Flow.Editor.dll.mvfrm","enqueuedNodeIndex":244,"enqueueingNodeAnnotation":"Csc Library/Bee/artifacts/1900b0aE.dag/Unity.VisualScripting.Flow.Editor.dll (+2 others)","enqueueingNodeIndex":240}
{"msg":"enqueueNode","enqueuedNodeAnnotation":"WriteText Library/Bee/artifacts/1900b0aE.dag/Unity.VisualScripting.Flow.Editor.dll.mvfrm.rsp","enqueuedNodeIndex":243,"enqueueingNodeAnnotation":"MovedFromExtractorCombine Library/Bee/artifacts/1900b0aE.dag/Unity.VisualScripting.Flow.Editor.dll.mvfrm","enqueueingNodeIndex":244}
{"msg":"enqueueNode","enqueuedNodeAnnotation":"MovedFromExtractor Library/Bee/artifacts/mvdfrm/Unity.VisualScripting.State.ref.dll_D91762B7076BE462.mvfrm","enqueuedNodeIndex":256,"enqueueingNodeAnnotation":"ScriptAssemblies","enqueueingNodeIndex":6}
{"msg":"enqueueNode","enqueuedNodeAnnotation":"Csc Library/Bee/artifacts/1900b0aE.dag/Unity.VisualScripting.State.dll (+2 others)","enqueuedNodeIndex":248,"enqueueingNodeAnnotation":"MovedFromExtractor Library/Bee/artifacts/mvdfrm/Unity.VisualScripting.State.ref.dll_D91762B7076BE462.mvfrm","enqueueingNodeIndex":256}
{"msg":"enqueueNode","enqueuedNodeAnnotation":"WriteText Library/Bee/artifacts/1900b0aE.dag/Unity.VisualScripting.State.UnityAdditionalFile.txt","enqueuedNodeIndex":245,"enqueueingNodeAnnotation":"Csc Library/Bee/artifacts/1900b0aE.dag/Unity.VisualScripting.State.dll (+2 others)","enqueueingNodeIndex":248}
{"msg":"enqueueNode","enqueuedNodeAnnotation":"WriteText Library/Bee/artifacts/1900b0aE.dag/Unity.VisualScripting.State.rsp","enqueuedNodeIndex":246,"enqueueingNodeAnnotation":"Csc Library/Bee/artifacts/1900b0aE.dag/Unity.VisualScripting.State.dll (+2 others)","enqueueingNodeIndex":248}
{"msg":"enqueueNode","enqueuedNodeAnnotation":"WriteText Library/Bee/artifacts/1900b0aE.dag/Unity.VisualScripting.State.rsp2","enqueuedNodeIndex":247,"enqueueingNodeAnnotation":"Csc Library/Bee/artifacts/1900b0aE.dag/Unity.VisualScripting.State.dll (+2 others)","enqueueingNodeIndex":248}
{"msg":"enqueueNode","enqueuedNodeAnnotation":"MovedFromExtractorCombine Library/Bee/artifacts/1900b0aE.dag/Unity.VisualScripting.State.dll.mvfrm","enqueuedNodeIndex":250,"enqueueingNodeAnnotation":"Csc Library/Bee/artifacts/1900b0aE.dag/Unity.VisualScripting.State.dll (+2 others)","enqueueingNodeIndex":248}
{"msg":"enqueueNode","enqueuedNodeAnnotation":"WriteText Library/Bee/artifacts/1900b0aE.dag/Unity.VisualScripting.State.dll.mvfrm.rsp","enqueuedNodeIndex":249,"enqueueingNodeAnnotation":"MovedFromExtractorCombine Library/Bee/artifacts/1900b0aE.dag/Unity.VisualScripting.State.dll.mvfrm","enqueueingNodeIndex":250}
{"msg":"enqueueNode","enqueuedNodeAnnotation":"MovedFromExtractor Library/Bee/artifacts/mvdfrm/Unity.VisualScripting.State.Editor.ref.dll_E03858E727F23F6F.mvfrm","enqueuedNodeIndex":269,"enqueueingNodeAnnotation":"ScriptAssemblies","enqueueingNodeIndex":6}
{"msg":"enqueueNode","enqueuedNodeAnnotation":"Csc Library/Bee/artifacts/1900b0aE.dag/Unity.VisualScripting.State.Editor.dll (+2 others)","enqueuedNodeIndex":262,"enqueueingNodeAnnotation":"MovedFromExtractor Library/Bee/artifacts/mvdfrm/Unity.VisualScripting.State.Editor.ref.dll_E03858E727F23F6F.mvfrm","enqueueingNodeIndex":269}
{"msg":"enqueueNode","enqueuedNodeAnnotation":"WriteText Library/Bee/artifacts/1900b0aE.dag/Unity.VisualScripting.State.Editor.UnityAdditionalFile.txt","enqueuedNodeIndex":259,"enqueueingNodeAnnotation":"Csc Library/Bee/artifacts/1900b0aE.dag/Unity.VisualScripting.State.Editor.dll (+2 others)","enqueueingNodeIndex":262}
{"msg":"enqueueNode","enqueuedNodeAnnotation":"WriteText Library/Bee/artifacts/1900b0aE.dag/Unity.VisualScripting.State.Editor.rsp","enqueuedNodeIndex":260,"enqueueingNodeAnnotation":"Csc Library/Bee/artifacts/1900b0aE.dag/Unity.VisualScripting.State.Editor.dll (+2 others)","enqueueingNodeIndex":262}
{"msg":"enqueueNode","enqueuedNodeAnnotation":"WriteText Library/Bee/artifacts/1900b0aE.dag/Unity.VisualScripting.State.Editor.rsp2","enqueuedNodeIndex":261,"enqueueingNodeAnnotation":"Csc Library/Bee/artifacts/1900b0aE.dag/Unity.VisualScripting.State.Editor.dll (+2 others)","enqueueingNodeIndex":262}
{"msg":"enqueueNode","enqueuedNodeAnnotation":"MovedFromExtractorCombine Library/Bee/artifacts/1900b0aE.dag/Unity.VisualScripting.State.Editor.dll.mvfrm","enqueuedNodeIndex":264,"enqueueingNodeAnnotation":"Csc Library/Bee/artifacts/1900b0aE.dag/Unity.VisualScripting.State.Editor.dll (+2 others)","enqueueingNodeIndex":262}
{"msg":"enqueueNode","enqueuedNodeAnnotation":"WriteText Library/Bee/artifacts/1900b0aE.dag/Unity.VisualScripting.State.Editor.dll.mvfrm.rsp","enqueuedNodeIndex":263,"enqueueingNodeAnnotation":"MovedFromExtractorCombine Library/Bee/artifacts/1900b0aE.dag/Unity.VisualScripting.State.Editor.dll.mvfrm","enqueueingNodeIndex":264}
{"msg":"enqueueNode","enqueuedNodeAnnotation":"MovedFromExtractor Library/Bee/artifacts/mvdfrm/Unity.EditorCoroutines.Editor.ref.dll_34ED10A34098B2DB.mvfrm","enqueuedNodeIndex":276,"enqueueingNodeAnnotation":"ScriptAssemblies","enqueueingNodeIndex":6}
{"msg":"enqueueNode","enqueuedNodeAnnotation":"Csc Library/Bee/artifacts/1900b0aE.dag/Unity.EditorCoroutines.Editor.dll (+2 others)","enqueuedNodeIndex":124,"enqueueingNodeAnnotation":"MovedFromExtractor Library/Bee/artifacts/mvdfrm/Unity.EditorCoroutines.Editor.ref.dll_34ED10A34098B2DB.mvfrm","enqueueingNodeIndex":276}
{"msg":"enqueueNode","enqueuedNodeAnnotation":"WriteText Library/Bee/artifacts/1900b0aE.dag/Unity.EditorCoroutines.Editor.UnityAdditionalFile.txt","enqueuedNodeIndex":121,"enqueueingNodeAnnotation":"Csc Library/Bee/artifacts/1900b0aE.dag/Unity.EditorCoroutines.Editor.dll (+2 others)","enqueueingNodeIndex":124}
{"msg":"enqueueNode","enqueuedNodeAnnotation":"WriteText Library/Bee/artifacts/1900b0aE.dag/Unity.EditorCoroutines.Editor.rsp","enqueuedNodeIndex":122,"enqueueingNodeAnnotation":"Csc Library/Bee/artifacts/1900b0aE.dag/Unity.EditorCoroutines.Editor.dll (+2 others)","enqueueingNodeIndex":124}
{"msg":"enqueueNode","enqueuedNodeAnnotation":"WriteText Library/Bee/artifacts/1900b0aE.dag/Unity.EditorCoroutines.Editor.rsp2","enqueuedNodeIndex":123,"enqueueingNodeAnnotation":"Csc Library/Bee/artifacts/1900b0aE.dag/Unity.EditorCoroutines.Editor.dll (+2 others)","enqueueingNodeIndex":124}
{"msg":"enqueueNode","enqueuedNodeAnnotation":"MovedFromExtractorCombine Library/Bee/artifacts/1900b0aE.dag/Unity.EditorCoroutines.Editor.dll.mvfrm","enqueuedNodeIndex":127,"enqueueingNodeAnnotation":"Csc Library/Bee/artifacts/1900b0aE.dag/Unity.EditorCoroutines.Editor.dll (+2 others)","enqueueingNodeIndex":124}
{"msg":"enqueueNode","enqueuedNodeAnnotation":"WriteText Library/Bee/artifacts/1900b0aE.dag/Unity.EditorCoroutines.Editor.dll.mvfrm.rsp","enqueuedNodeIndex":126,"enqueueingNodeAnnotation":"MovedFromExtractorCombine Library/Bee/artifacts/1900b0aE.dag/Unity.EditorCoroutines.Editor.dll.mvfrm","enqueueingNodeIndex":127}
{"msg":"enqueueNode","enqueuedNodeAnnotation":"MovedFromExtractor Library/Bee/artifacts/mvdfrm/Unity.Performance.Profile-Analyzer.Editor.ref.dll_65A192712782EB2B.mvfrm","enqueuedNodeIndex":277,"enqueueingNodeAnnotation":"ScriptAssemblies","enqueueingNodeIndex":6}
{"msg":"enqueueNode","enqueuedNodeAnnotation":"Csc Library/Bee/artifacts/1900b0aE.dag/Unity.Performance.Profile-Analyzer.Editor.dll (+2 others)","enqueuedNodeIndex":131,"enqueueingNodeAnnotation":"MovedFromExtractor Library/Bee/artifacts/mvdfrm/Unity.Performance.Profile-Analyzer.Editor.ref.dll_65A192712782EB2B.mvfrm","enqueueingNodeIndex":277}
{"msg":"enqueueNode","enqueuedNodeAnnotation":"WriteText Library/Bee/artifacts/1900b0aE.dag/Unity.Performance.Profile-Analyzer.Editor.UnityAdditionalFile.txt","enqueuedNodeIndex":128,"enqueueingNodeAnnotation":"Csc Library/Bee/artifacts/1900b0aE.dag/Unity.Performance.Profile-Analyzer.Editor.dll (+2 others)","enqueueingNodeIndex":131}
{"msg":"enqueueNode","enqueuedNodeAnnotation":"WriteText Library/Bee/artifacts/1900b0aE.dag/Unity.Performance.Profile-Analyzer.Editor.rsp","enqueuedNodeIndex":129,"enqueueingNodeAnnotation":"Csc Library/Bee/artifacts/1900b0aE.dag/Unity.Performance.Profile-Analyzer.Editor.dll (+2 others)","enqueueingNodeIndex":131}
{"msg":"enqueueNode","enqueuedNodeAnnotation":"WriteText Library/Bee/artifacts/1900b0aE.dag/Unity.Performance.Profile-Analyzer.Editor.rsp2","enqueuedNodeIndex":130,"enqueueingNodeAnnotation":"Csc Library/Bee/artifacts/1900b0aE.dag/Unity.Performance.Profile-Analyzer.Editor.dll (+2 others)","enqueueingNodeIndex":131}
{"msg":"enqueueNode","enqueuedNodeAnnotation":"MovedFromExtractorCombine Library/Bee/artifacts/1900b0aE.dag/Unity.Performance.Profile-Analyzer.Editor.dll.mvfrm","enqueuedNodeIndex":133,"enqueueingNodeAnnotation":"Csc Library/Bee/artifacts/1900b0aE.dag/Unity.Performance.Profile-Analyzer.Editor.dll (+2 others)","enqueueingNodeIndex":131}
{"msg":"enqueueNode","enqueuedNodeAnnotation":"WriteText Library/Bee/artifacts/1900b0aE.dag/Unity.Performance.Profile-Analyzer.Editor.dll.mvfrm.rsp","enqueuedNodeIndex":132,"enqueueingNodeAnnotation":"MovedFromExtractorCombine Library/Bee/artifacts/1900b0aE.dag/Unity.Performance.Profile-Analyzer.Editor.dll.mvfrm","enqueueingNodeIndex":133}
{"msg":"enqueueNode","enqueuedNodeAnnotation":"MovedFromExtractor Library/Bee/artifacts/mvdfrm/Unity.Rider.Editor.ref.dll_9B5591808ABA37AF.mvfrm","enqueuedNodeIndex":278,"enqueueingNodeAnnotation":"ScriptAssemblies","enqueueingNodeIndex":6}
{"msg":"enqueueNode","enqueuedNodeAnnotation":"Csc Library/Bee/artifacts/1900b0aE.dag/Unity.Rider.Editor.dll (+2 others)","enqueuedNodeIndex":143,"enqueueingNodeAnnotation":"MovedFromExtractor Library/Bee/artifacts/mvdfrm/Unity.Rider.Editor.ref.dll_9B5591808ABA37AF.mvfrm","enqueueingNodeIndex":278}
{"msg":"enqueueNode","enqueuedNodeAnnotation":"WriteText Library/Bee/artifacts/1900b0aE.dag/Unity.Rider.Editor.UnityAdditionalFile.txt","enqueuedNodeIndex":140,"enqueueingNodeAnnotation":"Csc Library/Bee/artifacts/1900b0aE.dag/Unity.Rider.Editor.dll (+2 others)","enqueueingNodeIndex":143}
{"msg":"enqueueNode","enqueuedNodeAnnotation":"WriteText Library/Bee/artifacts/1900b0aE.dag/Unity.Rider.Editor.rsp","enqueuedNodeIndex":141,"enqueueingNodeAnnotation":"Csc Library/Bee/artifacts/1900b0aE.dag/Unity.Rider.Editor.dll (+2 others)","enqueueingNodeIndex":143}
{"msg":"enqueueNode","enqueuedNodeAnnotation":"WriteText Library/Bee/artifacts/1900b0aE.dag/Unity.Rider.Editor.rsp2","enqueuedNodeIndex":142,"enqueueingNodeAnnotation":"Csc Library/Bee/artifacts/1900b0aE.dag/Unity.Rider.Editor.dll (+2 others)","enqueueingNodeIndex":143}
{"msg":"enqueueNode","enqueuedNodeAnnotation":"MovedFromExtractorCombine Library/Bee/artifacts/1900b0aE.dag/Unity.Rider.Editor.dll.mvfrm","enqueuedNodeIndex":145,"enqueueingNodeAnnotation":"Csc Library/Bee/artifacts/1900b0aE.dag/Unity.Rider.Editor.dll (+2 others)","enqueueingNodeIndex":143}
{"msg":"enqueueNode","enqueuedNodeAnnotation":"WriteText Library/Bee/artifacts/1900b0aE.dag/Unity.Rider.Editor.dll.mvfrm.rsp","enqueuedNodeIndex":144,"enqueueingNodeAnnotation":"MovedFromExtractorCombine Library/Bee/artifacts/1900b0aE.dag/Unity.Rider.Editor.dll.mvfrm","enqueueingNodeIndex":145}
{"msg":"enqueueNode","enqueuedNodeAnnotation":"MovedFromExtractor Library/Bee/artifacts/mvdfrm/Unity.TestTools.CodeCoverage.Editor.ref.dll_F09CF4826CE11CD9.mvfrm","enqueuedNodeIndex":279,"enqueueingNodeAnnotation":"ScriptAssemblies","enqueueingNodeIndex":6}
{"msg":"enqueueNode","enqueuedNodeAnnotation":"Csc Library/Bee/artifacts/1900b0aE.dag/Unity.TestTools.CodeCoverage.Editor.dll (+2 others)","enqueuedNodeIndex":204,"enqueueingNodeAnnotation":"MovedFromExtractor Library/Bee/artifacts/mvdfrm/Unity.TestTools.CodeCoverage.Editor.ref.dll_F09CF4826CE11CD9.mvfrm","enqueueingNodeIndex":279}
{"msg":"enqueueNode","enqueuedNodeAnnotation":"WriteText Library/Bee/artifacts/1900b0aE.dag/Unity.TestTools.CodeCoverage.Editor.UnityAdditionalFile.txt","enqueuedNodeIndex":201,"enqueueingNodeAnnotation":"Csc Library/Bee/artifacts/1900b0aE.dag/Unity.TestTools.CodeCoverage.Editor.dll (+2 others)","enqueueingNodeIndex":204}
{"msg":"enqueueNode","enqueuedNodeAnnotation":"WriteText Library/Bee/artifacts/1900b0aE.dag/Unity.TestTools.CodeCoverage.Editor.rsp","enqueuedNodeIndex":202,"enqueueingNodeAnnotation":"Csc Library/Bee/artifacts/1900b0aE.dag/Unity.TestTools.CodeCoverage.Editor.dll (+2 others)","enqueueingNodeIndex":204}
{"msg":"enqueueNode","enqueuedNodeAnnotation":"WriteText Library/Bee/artifacts/1900b0aE.dag/Unity.TestTools.CodeCoverage.Editor.rsp2","enqueuedNodeIndex":203,"enqueueingNodeAnnotation":"Csc Library/Bee/artifacts/1900b0aE.dag/Unity.TestTools.CodeCoverage.Editor.dll (+2 others)","enqueueingNodeIndex":204}
{"msg":"enqueueNode","enqueuedNodeAnnotation":"MovedFromExtractorCombine Library/Bee/artifacts/1900b0aE.dag/Unity.TestTools.CodeCoverage.Editor.dll.mvfrm","enqueuedNodeIndex":209,"enqueueingNodeAnnotation":"Csc Library/Bee/artifacts/1900b0aE.dag/Unity.TestTools.CodeCoverage.Editor.dll (+2 others)","enqueueingNodeIndex":204}
{"msg":"enqueueNode","enqueuedNodeAnnotation":"WriteText Library/Bee/artifacts/1900b0aE.dag/Unity.TestTools.CodeCoverage.Editor.dll.mvfrm.rsp","enqueuedNodeIndex":208,"enqueueingNodeAnnotation":"MovedFromExtractorCombine Library/Bee/artifacts/1900b0aE.dag/Unity.TestTools.CodeCoverage.Editor.dll.mvfrm","enqueueingNodeIndex":209}
{"msg":"enqueueNode","enqueuedNodeAnnotation":"MovedFromExtractor Library/Bee/artifacts/mvdfrm/Unity.TextMeshPro.Editor.ref.dll_159E061D77A10B86.mvfrm","enqueuedNodeIndex":280,"enqueueingNodeAnnotation":"ScriptAssemblies","enqueueingNodeIndex":6}
{"msg":"enqueueNode","enqueuedNodeAnnotation":"Csc Library/Bee/artifacts/1900b0aE.dag/Unity.TextMeshPro.Editor.dll (+2 others)","enqueuedNodeIndex":213,"enqueueingNodeAnnotation":"MovedFromExtractor Library/Bee/artifacts/mvdfrm/Unity.TextMeshPro.Editor.ref.dll_159E061D77A10B86.mvfrm","enqueueingNodeIndex":280}
{"msg":"enqueueNode","enqueuedNodeAnnotation":"WriteText Library/Bee/artifacts/1900b0aE.dag/Unity.TextMeshPro.Editor.UnityAdditionalFile.txt","enqueuedNodeIndex":210,"enqueueingNodeAnnotation":"Csc Library/Bee/artifacts/1900b0aE.dag/Unity.TextMeshPro.Editor.dll (+2 others)","enqueueingNodeIndex":213}
{"msg":"enqueueNode","enqueuedNodeAnnotation":"WriteText Library/Bee/artifacts/1900b0aE.dag/Unity.TextMeshPro.Editor.rsp","enqueuedNodeIndex":211,"enqueueingNodeAnnotation":"Csc Library/Bee/artifacts/1900b0aE.dag/Unity.TextMeshPro.Editor.dll (+2 others)","enqueueingNodeIndex":213}
{"msg":"enqueueNode","enqueuedNodeAnnotation":"WriteText Library/Bee/artifacts/1900b0aE.dag/Unity.TextMeshPro.Editor.rsp2","enqueuedNodeIndex":212,"enqueueingNodeAnnotation":"Csc Library/Bee/artifacts/1900b0aE.dag/Unity.TextMeshPro.Editor.dll (+2 others)","enqueueingNodeIndex":213}
{"msg":"enqueueNode","enqueuedNodeAnnotation":"MovedFromExtractorCombine Library/Bee/artifacts/1900b0aE.dag/Unity.TextMeshPro.Editor.dll.mvfrm","enqueuedNodeIndex":216,"enqueueingNodeAnnotation":"Csc Library/Bee/artifacts/1900b0aE.dag/Unity.TextMeshPro.Editor.dll (+2 others)","enqueueingNodeIndex":213}
{"msg":"enqueueNode","enqueuedNodeAnnotation":"WriteText Library/Bee/artifacts/1900b0aE.dag/Unity.TextMeshPro.Editor.dll.mvfrm.rsp","enqueuedNodeIndex":215,"enqueueingNodeAnnotation":"MovedFromExtractorCombine Library/Bee/artifacts/1900b0aE.dag/Unity.TextMeshPro.Editor.dll.mvfrm","enqueueingNodeIndex":216}
{"msg":"enqueueNode","enqueuedNodeAnnotation":"MovedFromExtractor Library/Bee/artifacts/mvdfrm/Unity.Timeline.Editor.ref.dll_0D3D3C0B73557612.mvfrm","enqueuedNodeIndex":281,"enqueueingNodeAnnotation":"ScriptAssemblies","enqueueingNodeIndex":6}
{"msg":"enqueueNode","enqueuedNodeAnnotation":"Csc Library/Bee/artifacts/1900b0aE.dag/Unity.Timeline.Editor.dll (+2 others)","enqueuedNodeIndex":220,"enqueueingNodeAnnotation":"MovedFromExtractor Library/Bee/artifacts/mvdfrm/Unity.Timeline.Editor.ref.dll_0D3D3C0B73557612.mvfrm","enqueueingNodeIndex":281}
{"msg":"enqueueNode","enqueuedNodeAnnotation":"WriteText Library/Bee/artifacts/1900b0aE.dag/Unity.Timeline.Editor.UnityAdditionalFile.txt","enqueuedNodeIndex":217,"enqueueingNodeAnnotation":"Csc Library/Bee/artifacts/1900b0aE.dag/Unity.Timeline.Editor.dll (+2 others)","enqueueingNodeIndex":220}
{"msg":"enqueueNode","enqueuedNodeAnnotation":"WriteText Library/Bee/artifacts/1900b0aE.dag/Unity.Timeline.Editor.rsp","enqueuedNodeIndex":218,"enqueueingNodeAnnotation":"Csc Library/Bee/artifacts/1900b0aE.dag/Unity.Timeline.Editor.dll (+2 others)","enqueueingNodeIndex":220}
{"msg":"enqueueNode","enqueuedNodeAnnotation":"WriteText Library/Bee/artifacts/1900b0aE.dag/Unity.Timeline.Editor.rsp2","enqueuedNodeIndex":219,"enqueueingNodeAnnotation":"Csc Library/Bee/artifacts/1900b0aE.dag/Unity.Timeline.Editor.dll (+2 others)","enqueueingNodeIndex":220}
{"msg":"enqueueNode","enqueuedNodeAnnotation":"MovedFromExtractorCombine Library/Bee/artifacts/1900b0aE.dag/Unity.Timeline.Editor.dll.mvfrm","enqueuedNodeIndex":223,"enqueueingNodeAnnotation":"Csc Library/Bee/artifacts/1900b0aE.dag/Unity.Timeline.Editor.dll (+2 others)","enqueueingNodeIndex":220}
{"msg":"enqueueNode","enqueuedNodeAnnotation":"WriteText Library/Bee/artifacts/1900b0aE.dag/Unity.Timeline.Editor.dll.mvfrm.rsp","enqueuedNodeIndex":222,"enqueueingNodeAnnotation":"MovedFromExtractorCombine Library/Bee/artifacts/1900b0aE.dag/Unity.Timeline.Editor.dll.mvfrm","enqueueingNodeIndex":223}
{"msg":"enqueueNode","enqueuedNodeAnnotation":"MovedFromExtractor Library/Bee/artifacts/mvdfrm/Unity.VSCode.Editor.ref.dll_3628369EB48E4C19.mvfrm","enqueuedNodeIndex":282,"enqueueingNodeAnnotation":"ScriptAssemblies","enqueueingNodeIndex":6}
{"msg":"enqueueNode","enqueuedNodeAnnotation":"Csc Library/Bee/artifacts/1900b0aE.dag/Unity.VSCode.Editor.dll (+2 others)","enqueuedNodeIndex":179,"enqueueingNodeAnnotation":"MovedFromExtractor Library/Bee/artifacts/mvdfrm/Unity.VSCode.Editor.ref.dll_3628369EB48E4C19.mvfrm","enqueueingNodeIndex":282}
{"msg":"enqueueNode","enqueuedNodeAnnotation":"WriteText Library/Bee/artifacts/1900b0aE.dag/Unity.VSCode.Editor.UnityAdditionalFile.txt","enqueuedNodeIndex":176,"enqueueingNodeAnnotation":"Csc Library/Bee/artifacts/1900b0aE.dag/Unity.VSCode.Editor.dll (+2 others)","enqueueingNodeIndex":179}
{"msg":"enqueueNode","enqueuedNodeAnnotation":"WriteText Library/Bee/artifacts/1900b0aE.dag/Unity.VSCode.Editor.rsp","enqueuedNodeIndex":177,"enqueueingNodeAnnotation":"Csc Library/Bee/artifacts/1900b0aE.dag/Unity.VSCode.Editor.dll (+2 others)","enqueueingNodeIndex":179}
{"msg":"enqueueNode","enqueuedNodeAnnotation":"WriteText Library/Bee/artifacts/1900b0aE.dag/Unity.VSCode.Editor.rsp2","enqueuedNodeIndex":178,"enqueueingNodeAnnotation":"Csc Library/Bee/artifacts/1900b0aE.dag/Unity.VSCode.Editor.dll (+2 others)","enqueueingNodeIndex":179}
{"msg":"enqueueNode","enqueuedNodeAnnotation":"MovedFromExtractorCombine Library/Bee/artifacts/1900b0aE.dag/Unity.VSCode.Editor.dll.mvfrm","enqueuedNodeIndex":181,"enqueueingNodeAnnotation":"Csc Library/Bee/artifacts/1900b0aE.dag/Unity.VSCode.Editor.dll (+2 others)","enqueueingNodeIndex":179}
{"msg":"enqueueNode","enqueuedNodeAnnotation":"WriteText Library/Bee/artifacts/1900b0aE.dag/Unity.VSCode.Editor.dll.mvfrm.rsp","enqueuedNodeIndex":180,"enqueueingNodeAnnotation":"MovedFromExtractorCombine Library/Bee/artifacts/1900b0aE.dag/Unity.VSCode.Editor.dll.mvfrm","enqueueingNodeIndex":181}
{"msg":"enqueueNode","enqueuedNodeAnnotation":"MovedFromExtractor Library/Bee/artifacts/mvdfrm/Unity.VisualScripting.SettingsProvider.Editor.ref.dll_A1A44354E0B583A8.mvfrm","enqueuedNodeIndex":283,"enqueueingNodeAnnotation":"ScriptAssemblies","enqueueingNodeIndex":6}
{"msg":"enqueueNode","enqueuedNodeAnnotation":"Csc Library/Bee/artifacts/1900b0aE.dag/Unity.VisualScripting.SettingsProvider.Editor.dll (+2 others)","enqueuedNodeIndex":254,"enqueueingNodeAnnotation":"MovedFromExtractor Library/Bee/artifacts/mvdfrm/Unity.VisualScripting.SettingsProvider.Editor.ref.dll_A1A44354E0B583A8.mvfrm","enqueueingNodeIndex":283}
{"msg":"enqueueNode","enqueuedNodeAnnotation":"WriteText Library/Bee/artifacts/1900b0aE.dag/Unity.VisualScripting.SettingsProvider.Editor.UnityAdditionalFile.txt","enqueuedNodeIndex":251,"enqueueingNodeAnnotation":"Csc Library/Bee/artifacts/1900b0aE.dag/Unity.VisualScripting.SettingsProvider.Editor.dll (+2 others)","enqueueingNodeIndex":254}
{"msg":"enqueueNode","enqueuedNodeAnnotation":"WriteText Library/Bee/artifacts/1900b0aE.dag/Unity.VisualScripting.SettingsProvider.Editor.rsp","enqueuedNodeIndex":252,"enqueueingNodeAnnotation":"Csc Library/Bee/artifacts/1900b0aE.dag/Unity.VisualScripting.SettingsProvider.Editor.dll (+2 others)","enqueueingNodeIndex":254}
{"msg":"enqueueNode","enqueuedNodeAnnotation":"WriteText Library/Bee/artifacts/1900b0aE.dag/Unity.VisualScripting.SettingsProvider.Editor.rsp2","enqueuedNodeIndex":253,"enqueueingNodeAnnotation":"Csc Library/Bee/artifacts/1900b0aE.dag/Unity.VisualScripting.SettingsProvider.Editor.dll (+2 others)","enqueueingNodeIndex":254}
{"msg":"enqueueNode","enqueuedNodeAnnotation":"MovedFromExtractorCombine Library/Bee/artifacts/1900b0aE.dag/Unity.VisualScripting.SettingsProvider.Editor.dll.mvfrm","enqueuedNodeIndex":258,"enqueueingNodeAnnotation":"Csc Library/Bee/artifacts/1900b0aE.dag/Unity.VisualScripting.SettingsProvider.Editor.dll (+2 others)","enqueueingNodeIndex":254}
{"msg":"enqueueNode","enqueuedNodeAnnotation":"WriteText Library/Bee/artifacts/1900b0aE.dag/Unity.VisualScripting.SettingsProvider.Editor.dll.mvfrm.rsp","enqueuedNodeIndex":257,"enqueueingNodeAnnotation":"MovedFromExtractorCombine Library/Bee/artifacts/1900b0aE.dag/Unity.VisualScripting.SettingsProvider.Editor.dll.mvfrm","enqueueingNodeIndex":258}
{"msg":"enqueueNode","enqueuedNodeAnnotation":"MovedFromExtractor Library/Bee/artifacts/mvdfrm/Unity.VisualScripting.Shared.Editor.ref.dll_9669F6EBFF6DFFB7.mvfrm","enqueuedNodeIndex":284,"enqueueingNodeAnnotation":"ScriptAssemblies","enqueueingNodeIndex":6}
{"msg":"enqueueNode","enqueuedNodeAnnotation":"Csc Library/Bee/artifacts/1900b0aE.dag/Unity.VisualScripting.Shared.Editor.dll (+2 others)","enqueuedNodeIndex":268,"enqueueingNodeAnnotation":"MovedFromExtractor Library/Bee/artifacts/mvdfrm/Unity.VisualScripting.Shared.Editor.ref.dll_9669F6EBFF6DFFB7.mvfrm","enqueueingNodeIndex":284}
{"msg":"enqueueNode","enqueuedNodeAnnotation":"WriteText Library/Bee/artifacts/1900b0aE.dag/Unity.VisualScripting.Shared.Editor.UnityAdditionalFile.txt","enqueuedNodeIndex":265,"enqueueingNodeAnnotation":"Csc Library/Bee/artifacts/1900b0aE.dag/Unity.VisualScripting.Shared.Editor.dll (+2 others)","enqueueingNodeIndex":268}
{"msg":"enqueueNode","enqueuedNodeAnnotation":"WriteText Library/Bee/artifacts/1900b0aE.dag/Unity.VisualScripting.Shared.Editor.rsp","enqueuedNodeIndex":266,"enqueueingNodeAnnotation":"Csc Library/Bee/artifacts/1900b0aE.dag/Unity.VisualScripting.Shared.Editor.dll (+2 others)","enqueueingNodeIndex":268}
{"msg":"enqueueNode","enqueuedNodeAnnotation":"WriteText Library/Bee/artifacts/1900b0aE.dag/Unity.VisualScripting.Shared.Editor.rsp2","enqueuedNodeIndex":267,"enqueueingNodeAnnotation":"Csc Library/Bee/artifacts/1900b0aE.dag/Unity.VisualScripting.Shared.Editor.dll (+2 others)","enqueueingNodeIndex":268}
{"msg":"enqueueNode","enqueuedNodeAnnotation":"MovedFromExtractorCombine Library/Bee/artifacts/1900b0aE.dag/Unity.VisualScripting.Shared.Editor.dll.mvfrm","enqueuedNodeIndex":271,"enqueueingNodeAnnotation":"Csc Library/Bee/artifacts/1900b0aE.dag/Unity.VisualScripting.Shared.Editor.dll (+2 others)","enqueueingNodeIndex":268}
{"msg":"enqueueNode","enqueuedNodeAnnotation":"WriteText Library/Bee/artifacts/1900b0aE.dag/Unity.VisualScripting.Shared.Editor.dll.mvfrm.rsp","enqueuedNodeIndex":270,"enqueueingNodeAnnotation":"MovedFromExtractorCombine Library/Bee/artifacts/1900b0aE.dag/Unity.VisualScripting.Shared.Editor.dll.mvfrm","enqueueingNodeIndex":271}
{"msg":"enqueueNode","enqueuedNodeAnnotation":"MovedFromExtractor Library/Bee/artifacts/mvdfrm/Unity.VisualStudio.Editor.ref.dll_3A975DBA53ABA4AD.mvfrm","enqueuedNodeIndex":285,"enqueueingNodeAnnotation":"ScriptAssemblies","enqueueingNodeIndex":6}
{"msg":"enqueueNode","enqueuedNodeAnnotation":"Csc Library/Bee/artifacts/1900b0aE.dag/Unity.VisualStudio.Editor.dll (+2 others)","enqueuedNodeIndex":191,"enqueueingNodeAnnotation":"MovedFromExtractor Library/Bee/artifacts/mvdfrm/Unity.VisualStudio.Editor.ref.dll_3A975DBA53ABA4AD.mvfrm","enqueueingNodeIndex":285}
{"msg":"enqueueNode","enqueuedNodeAnnotation":"WriteText Library/Bee/artifacts/1900b0aE.dag/Unity.VisualStudio.Editor.UnityAdditionalFile.txt","enqueuedNodeIndex":188,"enqueueingNodeAnnotation":"Csc Library/Bee/artifacts/1900b0aE.dag/Unity.VisualStudio.Editor.dll (+2 others)","enqueueingNodeIndex":191}
{"msg":"enqueueNode","enqueuedNodeAnnotation":"WriteText Library/Bee/artifacts/1900b0aE.dag/Unity.VisualStudio.Editor.rsp","enqueuedNodeIndex":189,"enqueueingNodeAnnotation":"Csc Library/Bee/artifacts/1900b0aE.dag/Unity.VisualStudio.Editor.dll (+2 others)","enqueueingNodeIndex":191}
{"msg":"enqueueNode","enqueuedNodeAnnotation":"WriteText Library/Bee/artifacts/1900b0aE.dag/Unity.VisualStudio.Editor.rsp2","enqueuedNodeIndex":190,"enqueueingNodeAnnotation":"Csc Library/Bee/artifacts/1900b0aE.dag/Unity.VisualStudio.Editor.dll (+2 others)","enqueueingNodeIndex":191}
{"msg":"enqueueNode","enqueuedNodeAnnotation":"MovedFromExtractorCombine Library/Bee/artifacts/1900b0aE.dag/Unity.VisualStudio.Editor.dll.mvfrm","enqueuedNodeIndex":193,"enqueueingNodeAnnotation":"Csc Library/Bee/artifacts/1900b0aE.dag/Unity.VisualStudio.Editor.dll (+2 others)","enqueueingNodeIndex":191}
{"msg":"enqueueNode","enqueuedNodeAnnotation":"WriteText Library/Bee/artifacts/1900b0aE.dag/Unity.VisualStudio.Editor.dll.mvfrm.rsp","enqueuedNodeIndex":192,"enqueueingNodeAnnotation":"MovedFromExtractorCombine Library/Bee/artifacts/1900b0aE.dag/Unity.VisualStudio.Editor.dll.mvfrm","enqueueingNodeIndex":193}
{"msg":"enqueueNode","enqueuedNodeAnnotation":"CopyFiles Library/ScriptAssemblies/UnityEngine.TestRunner.dll","enqueuedNodeIndex":288,"enqueueingNodeAnnotation":"ScriptAssemblies","enqueueingNodeIndex":6}
{"msg":"enqueueNode","enqueuedNodeAnnotation":"CopyFiles Library/ScriptAssemblies/UnityEngine.TestRunner.pdb","enqueuedNodeIndex":289,"enqueueingNodeAnnotation":"ScriptAssemblies","enqueueingNodeIndex":6}
{"msg":"enqueueNode","enqueuedNodeAnnotation":"CopyFiles Library/ScriptAssemblies/UnityEditor.TestRunner.dll","enqueuedNodeIndex":290,"enqueueingNodeAnnotation":"ScriptAssemblies","enqueueingNodeIndex":6}
{"msg":"enqueueNode","enqueuedNodeAnnotation":"CopyFiles Library/ScriptAssemblies/UnityEditor.TestRunner.pdb","enqueuedNodeIndex":291,"enqueueingNodeAnnotation":"ScriptAssemblies","enqueueingNodeIndex":6}
{"msg":"enqueueNode","enqueuedNodeAnnotation":"CopyFiles Library/ScriptAssemblies/Unity.Rider.Editor.dll","enqueuedNodeIndex":292,"enqueueingNodeAnnotation":"ScriptAssemblies","enqueueingNodeIndex":6}
{"msg":"enqueueNode","enqueuedNodeAnnotation":"CopyFiles Library/ScriptAssemblies/Unity.Rider.Editor.pdb","enqueuedNodeIndex":293,"enqueueingNodeAnnotation":"ScriptAssemblies","enqueueingNodeIndex":6}
{"msg":"enqueueNode","enqueuedNodeAnnotation":"CopyFiles Library/ScriptAssemblies/Unity.VSCode.Editor.dll","enqueuedNodeIndex":294,"enqueueingNodeAnnotation":"ScriptAssemblies","enqueueingNodeIndex":6}
{"msg":"enqueueNode","enqueuedNodeAnnotation":"CopyFiles Library/ScriptAssemblies/Unity.VSCode.Editor.pdb","enqueuedNodeIndex":295,"enqueueingNodeAnnotation":"ScriptAssemblies","enqueueingNodeIndex":6}
{"msg":"enqueueNode","enqueuedNodeAnnotation":"CopyFiles Library/ScriptAssemblies/Unity.VisualStudio.Editor.dll","enqueuedNodeIndex":296,"enqueueingNodeAnnotation":"ScriptAssemblies","enqueueingNodeIndex":6}
{"msg":"enqueueNode","enqueuedNodeAnnotation":"CopyFiles Library/ScriptAssemblies/Unity.VisualStudio.Editor.pdb","enqueuedNodeIndex":297,"enqueueingNodeAnnotation":"ScriptAssemblies","enqueueingNodeIndex":6}
{"msg":"enqueueNode","enqueuedNodeAnnotation":"CopyFiles Library/ScriptAssemblies/UnityEngine.UI.dll","enqueuedNodeIndex":298,"enqueueingNodeAnnotation":"ScriptAssemblies","enqueueingNodeIndex":6}
{"msg":"enqueueNode","enqueuedNodeAnnotation":"CopyFiles Library/ScriptAssemblies/UnityEngine.UI.pdb","enqueuedNodeIndex":299,"enqueueingNodeAnnotation":"ScriptAssemblies","enqueueingNodeIndex":6}
{"msg":"enqueueNode","enqueuedNodeAnnotation":"CopyFiles Library/ScriptAssemblies/UnityEditor.UI.dll","enqueuedNodeIndex":300,"enqueueingNodeAnnotation":"ScriptAssemblies","enqueueingNodeIndex":6}
{"msg":"enqueueNode","enqueuedNodeAnnotation":"CopyFiles Library/ScriptAssemblies/UnityEditor.UI.pdb","enqueuedNodeIndex":301,"enqueueingNodeAnnotation":"ScriptAssemblies","enqueueingNodeIndex":6}
{"msg":"enqueueNode","enqueuedNodeAnnotation":"CopyFiles Library/ScriptAssemblies/Unity.EditorCoroutines.Editor.dll","enqueuedNodeIndex":302,"enqueueingNodeAnnotation":"ScriptAssemblies","enqueueingNodeIndex":6}
{"msg":"enqueueNode","enqueuedNodeAnnotation":"CopyFiles Library/ScriptAssemblies/Unity.EditorCoroutines.Editor.pdb","enqueuedNodeIndex":303,"enqueueingNodeAnnotation":"ScriptAssemblies","enqueueingNodeIndex":6}
{"msg":"enqueueNode","enqueuedNodeAnnotation":"CopyFiles Library/ScriptAssemblies/Unity.Performance.Profile-Analyzer.Editor.dll","enqueuedNodeIndex":304,"enqueueingNodeAnnotation":"ScriptAssemblies","enqueueingNodeIndex":6}
{"msg":"enqueueNode","enqueuedNodeAnnotation":"CopyFiles Library/ScriptAssemblies/Unity.Performance.Profile-Analyzer.Editor.pdb","enqueuedNodeIndex":305,"enqueueingNodeAnnotation":"ScriptAssemblies","enqueueingNodeIndex":6}
{"msg":"enqueueNode","enqueuedNodeAnnotation":"CopyFiles Library/ScriptAssemblies/Unity.PlasticSCM.Editor.dll","enqueuedNodeIndex":306,"enqueueingNodeAnnotation":"ScriptAssemblies","enqueueingNodeIndex":6}
{"msg":"enqueueNode","enqueuedNodeAnnotation":"CopyFiles Library/ScriptAssemblies/Unity.PlasticSCM.Editor.pdb","enqueuedNodeIndex":307,"enqueueingNodeAnnotation":"ScriptAssemblies","enqueueingNodeIndex":6}
{"msg":"enqueueNode","enqueuedNodeAnnotation":"CopyFiles Library/ScriptAssemblies/Unity.Settings.Editor.dll","enqueuedNodeIndex":308,"enqueueingNodeAnnotation":"ScriptAssemblies","enqueueingNodeIndex":6}
{"msg":"enqueueNode","enqueuedNodeAnnotation":"CopyFiles Library/ScriptAssemblies/Unity.Settings.Editor.pdb","enqueuedNodeIndex":309,"enqueueingNodeAnnotation":"ScriptAssemblies","enqueueingNodeIndex":6}
{"msg":"enqueueNode","enqueuedNodeAnnotation":"CopyFiles Library/ScriptAssemblies/Unity.TestTools.CodeCoverage.Editor.OpenCover.Model.dll","enqueuedNodeIndex":310,"enqueueingNodeAnnotation":"ScriptAssemblies","enqueueingNodeIndex":6}
{"msg":"enqueueNode","enqueuedNodeAnnotation":"CopyFiles Library/ScriptAssemblies/Unity.TestTools.CodeCoverage.Editor.OpenCover.Model.pdb","enqueuedNodeIndex":311,"enqueueingNodeAnnotation":"ScriptAssemblies","enqueueingNodeIndex":6}
{"msg":"enqueueNode","enqueuedNodeAnnotation":"CopyFiles Library/ScriptAssemblies/Unity.TestTools.CodeCoverage.Editor.OpenCover.Mono.Reflection.dll","enqueuedNodeIndex":312,"enqueueingNodeAnnotation":"ScriptAssemblies","enqueueingNodeIndex":6}
{"msg":"enqueueNode","enqueuedNodeAnnotation":"CopyFiles Library/ScriptAssemblies/Unity.TestTools.CodeCoverage.Editor.OpenCover.Mono.Reflection.pdb","enqueuedNodeIndex":313,"enqueueingNodeAnnotation":"ScriptAssemblies","enqueueingNodeIndex":6}
{"msg":"enqueueNode","enqueuedNodeAnnotation":"CopyFiles Library/ScriptAssemblies/Unity.TextMeshPro.dll","enqueuedNodeIndex":314,"enqueueingNodeAnnotation":"ScriptAssemblies","enqueueingNodeIndex":6}
{"msg":"enqueueNode","enqueuedNodeAnnotation":"CopyFiles Library/ScriptAssemblies/Unity.TextMeshPro.pdb","enqueuedNodeIndex":315,"enqueueingNodeAnnotation":"ScriptAssemblies","enqueueingNodeIndex":6}
{"msg":"enqueueNode","enqueuedNodeAnnotation":"CopyFiles Library/ScriptAssemblies/Unity.Timeline.dll","enqueuedNodeIndex":316,"enqueueingNodeAnnotation":"ScriptAssemblies","enqueueingNodeIndex":6}
{"msg":"enqueueNode","enqueuedNodeAnnotation":"CopyFiles Library/ScriptAssemblies/Unity.Timeline.pdb","enqueuedNodeIndex":317,"enqueueingNodeAnnotation":"ScriptAssemblies","enqueueingNodeIndex":6}
{"msg":"enqueueNode","enqueuedNodeAnnotation":"CopyFiles Library/ScriptAssemblies/Unity.VisualScripting.Core.dll","enqueuedNodeIndex":318,"enqueueingNodeAnnotation":"ScriptAssemblies","enqueueingNodeIndex":6}
{"msg":"enqueueNode","enqueuedNodeAnnotation":"CopyFiles Library/ScriptAssemblies/Unity.VisualScripting.Core.pdb","enqueuedNodeIndex":319,"enqueueingNodeAnnotation":"ScriptAssemblies","enqueueingNodeIndex":6}
{"msg":"enqueueNode","enqueuedNodeAnnotation":"CopyFiles Library/ScriptAssemblies/Unity.CollabProxy.Editor.dll","enqueuedNodeIndex":320,"enqueueingNodeAnnotation":"ScriptAssemblies","enqueueingNodeIndex":6}
{"msg":"enqueueNode","enqueuedNodeAnnotation":"Csc Library/Bee/artifacts/1900b0aE.dag/Unity.CollabProxy.Editor.dll (+2 others)","enqueuedNodeIndex":197,"enqueueingNodeAnnotation":"CopyFiles Library/ScriptAssemblies/Unity.CollabProxy.Editor.dll","enqueueingNodeIndex":320}
{"msg":"enqueueNode","enqueuedNodeAnnotation":"WriteText Library/Bee/artifacts/1900b0aE.dag/Unity.CollabProxy.Editor.UnityAdditionalFile.txt","enqueuedNodeIndex":194,"enqueueingNodeAnnotation":"Csc Library/Bee/artifacts/1900b0aE.dag/Unity.CollabProxy.Editor.dll (+2 others)","enqueueingNodeIndex":197}
{"msg":"enqueueNode","enqueuedNodeAnnotation":"WriteText Library/Bee/artifacts/1900b0aE.dag/Unity.CollabProxy.Editor.rsp","enqueuedNodeIndex":195,"enqueueingNodeAnnotation":"Csc Library/Bee/artifacts/1900b0aE.dag/Unity.CollabProxy.Editor.dll (+2 others)","enqueueingNodeIndex":197}
{"msg":"enqueueNode","enqueuedNodeAnnotation":"WriteText Library/Bee/artifacts/1900b0aE.dag/Unity.CollabProxy.Editor.rsp2","enqueuedNodeIndex":196,"enqueueingNodeAnnotation":"Csc Library/Bee/artifacts/1900b0aE.dag/Unity.CollabProxy.Editor.dll (+2 others)","enqueueingNodeIndex":197}
{"msg":"enqueueNode","enqueuedNodeAnnotation":"MovedFromExtractorCombine Library/Bee/artifacts/1900b0aE.dag/Unity.CollabProxy.Editor.dll.mvfrm","enqueuedNodeIndex":200,"enqueueingNodeAnnotation":"Csc Library/Bee/artifacts/1900b0aE.dag/Unity.CollabProxy.Editor.dll (+2 others)","enqueueingNodeIndex":197}
{"msg":"enqueueNode","enqueuedNodeAnnotation":"WriteText Library/Bee/artifacts/1900b0aE.dag/Unity.CollabProxy.Editor.dll.mvfrm.rsp","enqueuedNodeIndex":199,"enqueueingNodeAnnotation":"MovedFromExtractorCombine Library/Bee/artifacts/1900b0aE.dag/Unity.CollabProxy.Editor.dll.mvfrm","enqueueingNodeIndex":200}
{"msg":"enqueueNode","enqueuedNodeAnnotation":"CopyFiles Library/ScriptAssemblies/Unity.CollabProxy.Editor.pdb","enqueuedNodeIndex":321,"enqueueingNodeAnnotation":"ScriptAssemblies","enqueueingNodeIndex":6}
{"msg":"enqueueNode","enqueuedNodeAnnotation":"CopyFiles Library/ScriptAssemblies/Unity.TestTools.CodeCoverage.Editor.dll","enqueuedNodeIndex":322,"enqueueingNodeAnnotation":"ScriptAssemblies","enqueueingNodeIndex":6}
{"msg":"enqueueNode","enqueuedNodeAnnotation":"CopyFiles Library/ScriptAssemblies/Unity.TestTools.CodeCoverage.Editor.pdb","enqueuedNodeIndex":323,"enqueueingNodeAnnotation":"ScriptAssemblies","enqueueingNodeIndex":6}
{"msg":"enqueueNode","enqueuedNodeAnnotation":"CopyFiles Library/ScriptAssemblies/Unity.TextMeshPro.Editor.dll","enqueuedNodeIndex":324,"enqueueingNodeAnnotation":"ScriptAssemblies","enqueueingNodeIndex":6}
{"msg":"enqueueNode","enqueuedNodeAnnotation":"CopyFiles Library/ScriptAssemblies/Unity.TextMeshPro.Editor.pdb","enqueuedNodeIndex":325,"enqueueingNodeAnnotation":"ScriptAssemblies","enqueueingNodeIndex":6}
{"msg":"enqueueNode","enqueuedNodeAnnotation":"CopyFiles Library/ScriptAssemblies/Unity.Timeline.Editor.dll","enqueuedNodeIndex":326,"enqueueingNodeAnnotation":"ScriptAssemblies","enqueueingNodeIndex":6}
{"msg":"enqueueNode","enqueuedNodeAnnotation":"CopyFiles Library/ScriptAssemblies/Unity.Timeline.Editor.pdb","enqueuedNodeIndex":327,"enqueueingNodeAnnotation":"ScriptAssemblies","enqueueingNodeIndex":6}
{"msg":"enqueueNode","enqueuedNodeAnnotation":"CopyFiles Library/ScriptAssemblies/Unity.VisualScripting.Core.Editor.dll","enqueuedNodeIndex":328,"enqueueingNodeAnnotation":"ScriptAssemblies","enqueueingNodeIndex":6}
{"msg":"enqueueNode","enqueuedNodeAnnotation":"CopyFiles Library/ScriptAssemblies/Unity.VisualScripting.Core.Editor.pdb","enqueuedNodeIndex":329,"enqueueingNodeAnnotation":"ScriptAssemblies","enqueueingNodeIndex":6}
{"msg":"enqueueNode","enqueuedNodeAnnotation":"CopyFiles Library/ScriptAssemblies/Unity.VisualScripting.Flow.dll","enqueuedNodeIndex":330,"enqueueingNodeAnnotation":"ScriptAssemblies","enqueueingNodeIndex":6}
{"msg":"enqueueNode","enqueuedNodeAnnotation":"CopyFiles Library/ScriptAssemblies/Unity.VisualScripting.Flow.pdb","enqueuedNodeIndex":331,"enqueueingNodeAnnotation":"ScriptAssemblies","enqueueingNodeIndex":6}
{"msg":"enqueueNode","enqueuedNodeAnnotation":"CopyFiles Library/ScriptAssemblies/Unity.VisualScripting.Flow.Editor.dll","enqueuedNodeIndex":332,"enqueueingNodeAnnotation":"ScriptAssemblies","enqueueingNodeIndex":6}
{"msg":"enqueueNode","enqueuedNodeAnnotation":"CopyFiles Library/ScriptAssemblies/Unity.VisualScripting.Flow.Editor.pdb","enqueuedNodeIndex":333,"enqueueingNodeAnnotation":"ScriptAssemblies","enqueueingNodeIndex":6}
{"msg":"enqueueNode","enqueuedNodeAnnotation":"CopyFiles Library/ScriptAssemblies/Unity.VisualScripting.State.dll","enqueuedNodeIndex":334,"enqueueingNodeAnnotation":"ScriptAssemblies","enqueueingNodeIndex":6}
{"msg":"enqueueNode","enqueuedNodeAnnotation":"CopyFiles Library/ScriptAssemblies/Unity.VisualScripting.State.pdb","enqueuedNodeIndex":335,"enqueueingNodeAnnotation":"ScriptAssemblies","enqueueingNodeIndex":6}
{"msg":"enqueueNode","enqueuedNodeAnnotation":"CopyFiles Library/ScriptAssemblies/Unity.VisualScripting.SettingsProvider.Editor.dll","enqueuedNodeIndex":336,"enqueueingNodeAnnotation":"ScriptAssemblies","enqueueingNodeIndex":6}
{"msg":"enqueueNode","enqueuedNodeAnnotation":"CopyFiles Library/ScriptAssemblies/Unity.VisualScripting.SettingsProvider.Editor.pdb","enqueuedNodeIndex":337,"enqueueingNodeAnnotation":"ScriptAssemblies","enqueueingNodeIndex":6}
{"msg":"enqueueNode","enqueuedNodeAnnotation":"CopyFiles Library/ScriptAssemblies/Unity.VisualScripting.State.Editor.dll","enqueuedNodeIndex":338,"enqueueingNodeAnnotation":"ScriptAssemblies","enqueueingNodeIndex":6}
{"msg":"enqueueNode","enqueuedNodeAnnotation":"CopyFiles Library/ScriptAssemblies/Unity.VisualScripting.State.Editor.pdb","enqueuedNodeIndex":339,"enqueueingNodeAnnotation":"ScriptAssemblies","enqueueingNodeIndex":6}
{"msg":"enqueueNode","enqueuedNodeAnnotation":"CopyFiles Library/ScriptAssemblies/Unity.VisualScripting.Shared.Editor.dll","enqueuedNodeIndex":340,"enqueueingNodeAnnotation":"ScriptAssemblies","enqueueingNodeIndex":6}
{"msg":"enqueueNode","enqueuedNodeAnnotation":"CopyFiles Library/ScriptAssemblies/Unity.VisualScripting.Shared.Editor.pdb","enqueuedNodeIndex":341,"enqueueingNodeAnnotation":"ScriptAssemblies","enqueueingNodeIndex":6}
{"msg":"enqueueNode","enqueuedNodeAnnotation":"CopyFiles Library/ScriptAssemblies/Assembly-CSharp.dll","enqueuedNodeIndex":342,"enqueueingNodeAnnotation":"ScriptAssemblies","enqueueingNodeIndex":6}
{"msg":"enqueueNode","enqueuedNodeAnnotation":"Csc Library/Bee/artifacts/1900b0aE.dag/Assembly-CSharp.dll (+2 others)","enqueuedNodeIndex":275,"enqueueingNodeAnnotation":"CopyFiles Library/ScriptAssemblies/Assembly-CSharp.dll","enqueueingNodeIndex":342}
{"msg":"enqueueNode","enqueuedNodeAnnotation":"WriteText Library/Bee/artifacts/1900b0aE.dag/Assembly-CSharp.UnityAdditionalFile.txt","enqueuedNodeIndex":272,"enqueueingNodeAnnotation":"Csc Library/Bee/artifacts/1900b0aE.dag/Assembly-CSharp.dll (+2 others)","enqueueingNodeIndex":275}
{"msg":"enqueueNode","enqueuedNodeAnnotation":"WriteText Library/Bee/artifacts/1900b0aE.dag/Assembly-CSharp.rsp","enqueuedNodeIndex":273,"enqueueingNodeAnnotation":"Csc Library/Bee/artifacts/1900b0aE.dag/Assembly-CSharp.dll (+2 others)","enqueueingNodeIndex":275}
{"msg":"enqueueNode","enqueuedNodeAnnotation":"WriteText Library/Bee/artifacts/1900b0aE.dag/Assembly-CSharp.rsp2","enqueuedNodeIndex":274,"enqueueingNodeAnnotation":"Csc Library/Bee/artifacts/1900b0aE.dag/Assembly-CSharp.dll (+2 others)","enqueueingNodeIndex":275}
{"msg":"enqueueNode","enqueuedNodeAnnotation":"MovedFromExtractorCombine Library/Bee/artifacts/1900b0aE.dag/Assembly-CSharp.dll.mvfrm","enqueuedNodeIndex":287,"enqueueingNodeAnnotation":"Csc Library/Bee/artifacts/1900b0aE.dag/Assembly-CSharp.dll (+2 others)","enqueueingNodeIndex":275}
{"msg":"enqueueNode","enqueuedNodeAnnotation":"WriteText Library/Bee/artifacts/1900b0aE.dag/Assembly-CSharp.dll.mvfrm.rsp","enqueuedNodeIndex":286,"enqueueingNodeAnnotation":"MovedFromExtractorCombine Library/Bee/artifacts/1900b0aE.dag/Assembly-CSharp.dll.mvfrm","enqueueingNodeIndex":287}
{"msg":"enqueueNode","enqueuedNodeAnnotation":"CopyFiles Library/ScriptAssemblies/Assembly-CSharp.pdb","enqueuedNodeIndex":343,"enqueueingNodeAnnotation":"ScriptAssemblies","enqueueingNodeIndex":6}
{"msg":"newNode","annotation":"WriteText Library/Bee/artifacts/1900b0aE.dag/Assembly-CSharp.UnityAdditionalFile.txt","index":272}
{"msg":"newNode","annotation":"WriteText Library/Bee/artifacts/1900b0aE.dag/Assembly-CSharp.rsp2","index":274}
{"msg":"newNode","annotation":"WriteText Library/Bee/artifacts/1900b0aE.dag/Assembly-CSharp.dll.mvfrm.rsp","index":286}
{"msg":"newNode","annotation":"WriteText Library/Bee/artifacts/1900b0aE.dag/Assembly-CSharp.rsp","index":273}
{"msg":"runNodeAction","annotation":"WriteText Library/Bee/artifacts/1900b0aE.dag/Assembly-CSharp.UnityAdditionalFile.txt","displayName":"Writing Assembly-CSharp.UnityAdditionalFile.txt","index":272}
{"msg":"runNodeAction","annotation":"WriteText Library/Bee/artifacts/1900b0aE.dag/Assembly-CSharp.rsp2","displayName":"Writing Assembly-CSharp.rsp2","index":274}
{"msg":"noderesult","processed_node_count":202,"number_of_nodes_ever_queued":343,"annotation":"WriteText Library/Bee/artifacts/1900b0aE.dag/Assembly-CSharp.UnityAdditionalFile.txt","index":272,"exitcode":0,"outputfile":"Library\\Bee\\artifacts\\1900b0aE.dag\\Assembly-CSharp.UnityAdditionalFile.txt"}
{"msg":"runNodeAction","annotation":"WriteText Library/Bee/artifacts/1900b0aE.dag/Assembly-CSharp.dll.mvfrm.rsp","displayName":"Writing Assembly-CSharp.dll.mvfrm.rsp","index":286}
{"msg":"noderesult","processed_node_count":203,"number_of_nodes_ever_queued":343,"annotation":"WriteText Library/Bee/artifacts/1900b0aE.dag/Assembly-CSharp.rsp2","index":274,"exitcode":0,"outputfile":"Library\\Bee\\artifacts\\1900b0aE.dag\\Assembly-CSharp.rsp2"}
{"msg":"noderesult","processed_node_count":204,"number_of_nodes_ever_queued":343,"annotation":"WriteText Library/Bee/artifacts/1900b0aE.dag/Assembly-CSharp.dll.mvfrm.rsp","index":286,"exitcode":0,"outputfile":"Library\\Bee\\artifacts\\1900b0aE.dag\\Assembly-CSharp.dll.mvfrm.rsp"}
{"msg":"runNodeAction","annotation":"WriteText Library/Bee/artifacts/1900b0aE.dag/Assembly-CSharp.rsp","displayName":"Writing Assembly-CSharp.rsp","index":273}
{"msg":"noderesult","processed_node_count":206,"number_of_nodes_ever_queued":343,"annotation":"WriteText Library/Bee/artifacts/1900b0aE.dag/Assembly-CSharp.rsp","index":273,"exitcode":0,"outputfile":"Library\\Bee\\artifacts\\1900b0aE.dag\\Assembly-CSharp.rsp"}
{"msg":"nodeRetryBuild","annotation":"Csc Library/Bee/artifacts/1900b0aE.dag/UnityEngine.TestRunner.dll (+2 others)","index":4}
{"msg":"cachemiss","annotation":"Csc Library/Bee/artifacts/1900b0aE.dag/UnityEngine.TestRunner.dll (+2 others)","index":4,"inputSignature":"5d8238b4178add3fd83e1e0910b984c9"}
{"msg":"runNodeAction","annotation":"Csc Library/Bee/artifacts/1900b0aE.dag/UnityEngine.TestRunner.dll (+2 others)","displayName":"Csc UnityEngine.TestRunner","index":4}
{"msg":"noderesult","processed_node_count":210,"number_of_nodes_ever_queued":343,"annotation":"Csc Library/Bee/artifacts/1900b0aE.dag/UnityEngine.TestRunner.dll (+2 others)","index":4,"exitcode":1,"cmdline":"\"C:\\Program Files\\Unity\\Hub\\Editor\\2022.3.13f1\\Editor\\Data\\NetCoreRuntime\\dotnet.exe\" exec \"C:/Program Files/Unity/Hub/Editor/2022.3.13f1/Editor/Data/DotNetSdkRoslyn/csc.dll\" /nostdlib /noconfig /shared \"@Library/Bee/artifacts/1900b0aE.dag/UnityEngine.TestRunner.rsp\" \"@Library/Bee/artifacts/1900b0aE.dag/UnityEngine.TestRunner.rsp2\"","rsps":["Library\\Bee\\artifacts\\1900b0aE.dag\\UnityEngine.TestRunner.rsp"],"outputfile":"Library\\Bee\\artifacts\\1900b0aE.dag\\UnityEngine.TestRunner.dll","stdout":"Library\\PackageCache\\com.unity.test-framework@1.1.33\\UnityEngine.TestRunner\\Assertions\\AllocatingGCMemoryConstraint.cs(2,7): error CS0246: The type or namespace name 'NUnit' could not be found (are you missing a using directive or an assembly reference?)\r\nLibrary\\PackageCache\\com.unity.test-framework@1.1.33\\UnityEngine.TestRunner\\Assertions\\AllocatingGCMemoryConstraint.cs(3,7): error CS0246: The type or namespace name 'NUnit' could not be found (are you missing a using directive or an assembly reference?)\r\nLibrary\\PackageCache\\com.unity.test-framework@1.1.33\\UnityEngine.TestRunner\\Assertions\\ConstraintsExtensions.cs(1,7): error CS0246: The type or namespace name 'NUnit' could not be found (are you missing a using directive or an assembly reference?)\r\nLibrary\\PackageCache\\com.unity.test-framework@1.1.33\\UnityEngine.TestRunner\\Assertions\\InvalidSignatureException.cs(1,7): error CS0246: The type or namespace name 'NUnit' could not be found (are you missing a using directive or an assembly reference?)\r\nLibrary\\PackageCache\\com.unity.test-framework@1.1.33\\UnityEngine.TestRunner\\Assertions\\InvalidSignatureException.cs(2,7): error CS0246: The type or namespace name 'NUnit' could not be found (are you missing a using directive or an assembly reference?)\r\nLibrary\\PackageCache\\com.unity.test-framework@1.1.33\\UnityEngine.TestRunner\\Assertions\\OutOfOrderExpectedLogMessageException.cs(1,7): error CS0246: The type or namespace name 'NUnit' could not be found (are you missing a using directive or an assembly reference?)\r\nLibrary\\PackageCache\\com.unity.test-framework@1.1.33\\UnityEngine.TestRunner\\Assertions\\OutOfOrderExpectedLogMessageException.cs(2,7): error CS0246: The type or namespace name 'NUnit' could not be found (are you missing a using directive or an assembly reference?)\r\nLibrary\\PackageCache\\com.unity.test-framework@1.1.33\\UnityEngine.TestRunner\\Assertions\\UnexpectedLogMessageException.cs(1,7): error CS0246: The type or namespace name 'NUnit' could not be found (are you missing a using directive or an assembly reference?)\r\nLibrary\\PackageCache\\com.unity.test-framework@1.1.33\\UnityEngine.TestRunner\\Assertions\\UnexpectedLogMessageException.cs(2,7): error CS0246: The type or namespace name 'NUnit' could not be found (are you missing a using directive or an assembly reference?)\r\nLibrary\\PackageCache\\com.unity.test-framework@1.1.33\\UnityEngine.TestRunner\\Assertions\\UnhandledLogMessageException.cs(1,7): error CS0246: The type or namespace name 'NUnit' could not be found (are you missing a using directive or an assembly reference?)\r\nLibrary\\PackageCache\\com.unity.test-framework@1.1.33\\UnityEngine.TestRunner\\Assertions\\UnhandledLogMessageException.cs(2,7): error CS0246: The type or namespace name 'NUnit' could not be found (are you missing a using directive or an assembly reference?)\r\nLibrary\\PackageCache\\com.unity.test-framework@1.1.33\\UnityEngine.TestRunner\\Assertions\\UnityTestTimeoutException.cs(1,7): error CS0246: The type or namespace name 'NUnit' could not be found (are you missing a using directive or an assembly reference?)\r\nLibrary\\PackageCache\\com.unity.test-framework@1.1.33\\UnityEngine.TestRunner\\Assertions\\UnityTestTimeoutException.cs(2,7): error CS0246: The type or namespace name 'NUnit' could not be found (are you missing a using directive or an assembly reference?)\r\nLibrary\\PackageCache\\com.unity.test-framework@1.1.33\\UnityEngine.TestRunner\\NUnitExtensions\\Attributes\\ConditionalIgnoreAttribute.cs(2,7): error CS0246: The type or namespace name 'NUnit' could not be found (are you missing a using directive or an assembly reference?)\r\nLibrary\\PackageCache\\com.unity.test-framework@1.1.33\\UnityEngine.TestRunner\\NUnitExtensions\\Attributes\\ConditionalIgnoreAttribute.cs(3,7): error CS0246: The type or namespace name 'NUnit' could not be found (are you missing a using directive or an assembly reference?)\r\nLibrary\\PackageCache\\com.unity.test-framework@1.1.33\\UnityEngine.TestRunner\\NUnitExtensions\\Attributes\\ConditionalIgnoreAttribute.cs(4,7): error CS0246: The type or namespace name 'NUnit' could not be found (are you missing a using directive or an assembly reference?)\r\nLibrary\\PackageCache\\com.unity.test-framework@1.1.33\\UnityEngine.TestRunner\\NUnitExtensions\\Attributes\\TestEnumerator.cs(3,7): error CS0246: The type or namespace name 'NUnit' could not be found (are you missing a using directive or an assembly reference?)\r\nLibrary\\PackageCache\\com.unity.test-framework@1.1.33\\UnityEngine.TestRunner\\NUnitExtensions\\Attributes\\TestEnumerator.cs(4,7): error CS0246: The type or namespace name 'NUnit' could not be found (are you missing a using directive or an assembly reference?)\r\nLibrary\\PackageCache\\com.unity.test-framework@1.1.33\\UnityEngine.TestRunner\\NUnitExtensions\\Attributes\\TestEnumerator.cs(5,7): error CS0246: The type or namespace name 'NUnit' could not be found (are you missing a using directive or an assembly reference?)\r\nLibrary\\PackageCache\\com.unity.test-framework@1.1.33\\UnityEngine.TestRunner\\NUnitExtensions\\Attributes\\UnityCombinatorialStrategy.cs(3,7): error CS0246: The type or namespace name 'NUnit' could not be found (are you missing a using directive or an assembly reference?)\r\nLibrary\\PackageCache\\com.unity.test-framework@1.1.33\\UnityEngine.TestRunner\\NUnitExtensions\\Attributes\\UnityCombinatorialStrategy.cs(4,7): error CS0246: The type or namespace name 'NUnit' could not be found (are you missing a using directive or an assembly reference?)\r\nLibrary\\PackageCache\\com.unity.test-framework@1.1.33\\UnityEngine.TestRunner\\NUnitExtensions\\Attributes\\UnityPlatformAttribute.cs(4,7): error CS0246: The type or namespace name 'NUnit' could not be found (are you missing a using directive or an assembly reference?)\r\nLibrary\\PackageCache\\com.unity.test-framework@1.1.33\\UnityEngine.TestRunner\\NUnitExtensions\\Attributes\\UnityPlatformAttribute.cs(5,7): error CS0246: The type or namespace name 'NUnit' could not be found (are you missing a using directive or an assembly reference?)\r\nLibrary\\PackageCache\\com.unity.test-framework@1.1.33\\UnityEngine.TestRunner\\NUnitExtensions\\Attributes\\UnityPlatformAttribute.cs(6,7): error CS0246: The type or namespace name 'NUnit' could not be found (are you missing a using directive or an assembly reference?)\r\nLibrary\\PackageCache\\com.unity.test-framework@1.1.33\\UnityEngine.TestRunner\\NUnitExtensions\\Attributes\\UnitySetUpAttribute.cs(2,7): error CS0246: The type or namespace name 'NUnit' could not be found (are you missing a using directive or an assembly reference?)\r\nLibrary\\PackageCache\\com.unity.test-framework@1.1.33\\UnityEngine.TestRunner\\NUnitExtensions\\Attributes\\UnityTearDownAttribute.cs(2,7): error CS0246: The type or namespace name 'NUnit' could not be found (are you missing a using directive or an assembly reference?)\r\nLibrary\\PackageCache\\com.unity.test-framework@1.1.33\\UnityEngine.TestRunner\\NUnitExtensions\\Attributes\\UnityTestAttribute.cs(4,7): error CS0246: The type or namespace name 'NUnit' could not be found (are you missing a using directive or an assembly reference?)\r\nLibrary\\PackageCache\\com.unity.test-framework@1.1.33\\UnityEngine.TestRunner\\NUnitExtensions\\Attributes\\UnityTestAttribute.cs(5,7): error CS0246: The type or namespace name 'NUnit' could not be found (are you missing a using directive or an assembly reference?)\r\nLibrary\\PackageCache\\com.unity.test-framework@1.1.33\\UnityEngine.TestRunner\\NUnitExtensions\\Attributes\\UnityTestAttribute.cs(6,7): error CS0246: The type or namespace name 'NUnit' could not be found (are you missing a using directive or an assembly reference?)\r\nLibrary\\PackageCache\\com.unity.test-framework@1.1.33\\UnityEngine.TestRunner\\NUnitExtensions\\Attributes\\UnityTestAttribute.cs(7,7): error CS0246: The type or namespace name 'NUnit' could not be found (are you missing a using directive or an assembly reference?)\r\nLibrary\\PackageCache\\com.unity.test-framework@1.1.33\\UnityEngine.TestRunner\\NUnitExtensions\\Attributes\\UnityTestAttribute.cs(8,7): error CS0246: The type or namespace name 'NUnit' could not be found (are you missing a using directive or an assembly reference?)\r\nLibrary\\PackageCache\\com.unity.test-framework@1.1.33\\UnityEngine.TestRunner\\NUnitExtensions\\BaseDelegator.cs(3,7): error CS0246: The type or namespace name 'NUnit' could not be found (are you missing a using directive or an assembly reference?)\r\nLibrary\\PackageCache\\com.unity.test-framework@1.1.33\\UnityEngine.TestRunner\\NUnitExtensions\\Commands\\BeforeAfterTestCommandBase.cs(6,7): error CS0246: The type or namespace name 'NUnit' could not be found (are you missing a using directive or an assembly reference?)\r\nLibrary\\PackageCache\\com.unity.test-framework@1.1.33\\UnityEngine.TestRunner\\NUnitExtensions\\Commands\\BeforeAfterTestCommandBase.cs(7,7): error CS0246: The type or namespace name 'NUnit' could not be found (are you missing a using directive or an assembly reference?)\r\nLibrary\\PackageCache\\com.unity.test-framework@1.1.33\\UnityEngine.TestRunner\\NUnitExtensions\\Commands\\BeforeAfterTestCommandBase.cs(8,7): error CS0246: The type or namespace name 'NUnit' could not be found (are you missing a using directive or an assembly reference?)\r\nLibrary\\PackageCache\\com.unity.test-framework@1.1.33\\UnityEngine.TestRunner\\NUnitExtensions\\Commands\\BeforeAfterTestCommandBase.cs(9,7): error CS0246: The type or namespace name 'NUnit' could not be found (are you missing a using directive or an assembly reference?)\r\nLibrary\\PackageCache\\com.unity.test-framework@1.1.33\\UnityEngine.TestRunner\\NUnitExtensions\\Commands\\BeforeAfterTestCommandState.cs(3,7): error CS0246: The type or namespace name 'NUnit' could not be found (are you missing a using directive or an assembly reference?)\r\nLibrary\\PackageCache\\com.unity.test-framework@1.1.33\\UnityEngine.TestRunner\\NUnitExtensions\\Commands\\BeforeAfterTestCommandState.cs(4,7): error CS0246: The type or namespace name 'NUnit' could not be found (are you missing a using directive or an assembly reference?)\r\nLibrary\\PackageCache\\com.unity.test-framework@1.1.33\\UnityEngine.TestRunner\\NUnitExtensions\\Commands\\EnumerableApplyChangesToContextCommand.cs(4,7): error CS0246: The type or namespace name 'NUnit' could not be found (are you missing a using directive or an assembly reference?)\r\nLibrary\\PackageCache\\com.unity.test-framework@1.1.33\\UnityEngine.TestRunner\\NUnitExtensions\\Commands\\EnumerableApplyChangesToContextCommand.cs(5,7): error CS0246: The type or namespace name 'NUnit' could not be found (are you missing a using directive or an assembly reference?)\r\nLibrary\\PackageCache\\com.unity.test-framework@1.1.33\\UnityEngine.TestRunner\\NUnitExtensions\\Commands\\EnumerableApplyChangesToContextCommand.cs(6,7): error CS0246: The type or namespace name 'NUnit' could not be found (are you missing a using directive or an assembly reference?)\r\nLibrary\\PackageCache\\com.unity.test-framework@1.1.33\\UnityEngine.TestRunner\\NUnitExtensions\\Commands\\EnumerableRepeatedTestCommand.cs(4,7): error CS0246: The type or namespace name 'NUnit' could not be found (are you missing a using directive or an assembly reference?)\r\nLibrary\\PackageCache\\com.unity.test-framework@1.1.33\\UnityEngine.TestRunner\\NUnitExtensions\\Commands\\EnumerableRepeatedTestCommand.cs(5,7): error CS0246: The type or namespace name 'NUnit' could not be found (are you missing a using directive or an assembly reference?)\r\nLibrary\\PackageCache\\com.unity.test-framework@1.1.33\\UnityEngine.TestRunner\\NUnitExtensions\\Commands\\EnumerableRepeatedTestCommand.cs(6,7): error CS0246: The type or namespace name 'NUnit' could not be found (are you missing a using directive or an assembly reference?)\r\nLibrary\\PackageCache\\com.unity.test-framework@1.1.33\\UnityEngine.TestRunner\\NUnitExtensions\\Commands\\EnumerableRepeatedTestCommand.cs(7,7): error CS0246: The type or namespace name 'NUnit' could not be found (are you missing a using directive or an assembly reference?)\r\nLibrary\\PackageCache\\com.unity.test-framework@1.1.33\\UnityEngine.TestRunner\\NUnitExtensions\\Commands\\EnumerableRetryTestCommand.cs(4,7): error CS0246: The type or namespace name 'NUnit' could not be found (are you missing a using directive or an assembly reference?)\r\nLibrary\\PackageCache\\com.unity.test-framework@1.1.33\\UnityEngine.TestRunner\\NUnitExtensions\\Commands\\EnumerableRetryTestCommand.cs(5,7): error CS0246: The type or namespace name 'NUnit' could not be found (are you missing a using directive or an assembly reference?)\r\nLibrary\\PackageCache\\com.unity.test-framework@1.1.33\\UnityEngine.TestRunner\\NUnitExtensions\\Commands\\EnumerableRetryTestCommand.cs(6,7): error CS0246: The type or namespace name 'NUnit' could not be found (are you missing a using directive or an assembly reference?)\r\nLibrary\\PackageCache\\com.unity.test-framework@1.1.33\\UnityEngine.TestRunner\\NUnitExtensions\\Commands\\EnumerableRetryTestCommand.cs(7,7): error CS0246: The type or namespace name 'NUnit' could not be found (are you missing a using directive or an assembly reference?)\r\nLibrary\\PackageCache\\com.unity.test-framework@1.1.33\\UnityEngine.TestRunner\\NUnitExtensions\\Commands\\EnumerableSetUpTearDownCommand.cs(6,7): error CS0246: The type or namespace name 'NUnit' could not be found (are you missing a using directive or an assembly reference?)\r\nLibrary\\PackageCache\\com.unity.test-framework@1.1.33\\UnityEngine.TestRunner\\NUnitExtensions\\Commands\\EnumerableSetUpTearDownCommand.cs(7,7): error CS0246: The type or namespace name 'NUnit' could not be found (are you missing a using directive or an assembly reference?)\r\nLibrary\\PackageCache\\com.unity.test-framework@1.1.33\\UnityEngine.TestRunner\\NUnitExtensions\\Commands\\EnumerableTestMethodCommand.cs(4,7): error CS0246: The type or namespace name 'NUnit' could not be found (are you missing a using directive or an assembly reference?)\r\nLibrary\\PackageCache\\com.unity.test-framework@1.1.33\\UnityEngine.TestRunner\\NUnitExtensions\\Commands\\EnumerableTestMethodCommand.cs(5,7): error CS0246: The type or namespace name 'NUnit' could not be found (are you missing a using directive or an assembly reference?)\r\nLibrary\\PackageCache\\com.unity.test-framework@1.1.33\\UnityEngine.TestRunner\\NUnitExtensions\\Commands\\EnumerableTestMethodCommand.cs(6,7): error CS0246: The type or namespace name 'NUnit' could not be found (are you missing a using directive or an assembly reference?)\r\nLibrary\\PackageCache\\com.unity.test-framework@1.1.33\\UnityEngine.TestRunner\\NUnitExtensions\\Commands\\EnumerableTestMethodCommand.cs(7,7): error CS0246: The type or namespace name 'NUnit' could not be found (are you missing a using directive or an assembly reference?)\r\nLibrary\\PackageCache\\com.unity.test-framework@1.1.33\\UnityEngine.TestRunner\\NUnitExtensions\\Commands\\EnumerableTestMethodCommand.cs(8,7): error CS0246: The type or namespace name 'NUnit' could not be found (are you missing a using directive or an assembly reference?)\r\nLibrary\\PackageCache\\com.unity.test-framework@1.1.33\\UnityEngine.TestRunner\\NUnitExtensions\\Commands\\ImmediateEnumerableCommand.cs(3,7): error CS0246: The type or namespace name 'NUnit' could not be found (are you missing a using directive or an assembly reference?)\r\nLibrary\\PackageCache\\com.unity.test-framework@1.1.33\\UnityEngine.TestRunner\\NUnitExtensions\\Commands\\ImmediateEnumerableCommand.cs(4,7): error CS0246: The type or namespace name 'NUnit' could not be found (are you missing a using directive or an assembly reference?)\r\nLibrary\\PackageCache\\com.unity.test-framework@1.1.33\\UnityEngine.TestRunner\\NUnitExtensions\\Commands\\OuterUnityTestActionCommand.cs(4,7): error CS0246: The type or namespace name 'NUnit' could not be found (are you missing a using directive or an assembly reference?)\r\nLibrary\\PackageCache\\com.unity.test-framework@1.1.33\\UnityEngine.TestRunner\\NUnitExtensions\\Commands\\OuterUnityTestActionCommand.cs(5,7): error CS0246: The type or namespace name 'NUnit' could not be found (are you missing a using directive or an assembly reference?)\r\nLibrary\\PackageCache\\com.unity.test-framework@1.1.33\\UnityEngine.TestRunner\\NUnitExtensions\\Commands\\SetUpTearDownCommand.cs(6,7): error CS0246: The type or namespace name 'NUnit' could not be found (are you missing a using directive or an assembly reference?)\r\nLibrary\\PackageCache\\com.unity.test-framework@1.1.33\\UnityEngine.TestRunner\\NUnitExtensions\\Commands\\SetUpTearDownCommand.cs(7,7): error CS0246: The type or namespace name 'NUnit' could not be found (are you missing a using directive or an assembly reference?)\r\nLibrary\\PackageCache\\com.unity.test-framework@1.1.33\\UnityEngine.TestRunner\\NUnitExtensions\\Commands\\SetUpTearDownCommand.cs(8,7): error CS0246: The type or namespace name 'NUnit' could not be found (are you missing a using directive or an assembly reference?)\r\nLibrary\\PackageCache\\com.unity.test-framework@1.1.33\\UnityEngine.TestRunner\\NUnitExtensions\\Commands\\TestActionCommand.cs(4,7): error CS0246: The type or namespace name 'NUnit' could not be found (are you missing a using directive or an assembly reference?)\r\nLibrary\\PackageCache\\com.unity.test-framework@1.1.33\\UnityEngine.TestRunner\\NUnitExtensions\\Commands\\TestActionCommand.cs(5,7): error CS0246: The type or namespace name 'NUnit' could not be found (are you missing a using directive or an assembly reference?)\r\nLibrary\\PackageCache\\com.unity.test-framework@1.1.33\\UnityEngine.TestRunner\\NUnitExtensions\\Commands\\TestActionCommand.cs(6,7): error CS0246: The type or namespace name 'NUnit' could not be found (are you missing a using directive or an assembly reference?)\r\nLibrary\\PackageCache\\com.unity.test-framework@1.1.33\\UnityEngine.TestRunner\\NUnitExtensions\\Commands\\UnityTestMethodCommand.cs(2,7): error CS0246: The type or namespace name 'NUnit' could not be found (are you missing a using directive or an assembly reference?)\r\nLibrary\\PackageCache\\com.unity.test-framework@1.1.33\\UnityEngine.TestRunner\\NUnitExtensions\\Commands\\UnityTestMethodCommand.cs(3,7): error CS0246: The type or namespace name 'NUnit' could not be found (are you missing a using directive or an assembly reference?)\r\nLibrary\\PackageCache\\com.unity.test-framework@1.1.33\\UnityEngine.TestRunner\\NUnitExtensions\\ConstructDelegator.cs(3,7): error CS0246: The type or namespace name 'NUnit' could not be found (are you missing a using directive or an assembly reference?)\r\nLibrary\\PackageCache\\com.unity.test-framework@1.1.33\\UnityEngine.TestRunner\\NUnitExtensions\\Filters\\AssemblyNameFilter.cs(2,7): error CS0246: The type or namespace name 'NUnit' could not be found (are you missing a using directive or an assembly reference?)\r\nLibrary\\PackageCache\\com.unity.test-framework@1.1.33\\UnityEngine.TestRunner\\NUnitExtensions\\Filters\\AssemblyNameFilter.cs(3,7): error CS0246: The type or namespace name 'NUnit' could not be found (are you missing a using directive or an assembly reference?)\r\nLibrary\\PackageCache\\com.unity.test-framework@1.1.33\\UnityEngine.TestRunner\\NUnitExtensions\\Filters\\CategoryFilterExtended.cs(3,7): error CS0246: The type or namespace name 'NUnit' could not be found (are you missing a using directive or an assembly reference?)\r\nLibrary\\PackageCache\\com.unity.test-framework@1.1.33\\UnityEngine.TestRunner\\NUnitExtensions\\Filters\\CategoryFilterExtended.cs(4,7): error CS0246: The type or namespace name 'NUnit' could not be found (are you missing a using directive or an assembly reference?)\r\nLibrary\\PackageCache\\com.unity.test-framework@1.1.33\\UnityEngine.TestRunner\\NUnitExtensions\\Filters\\CategoryFilterExtended.cs(5,7): error CS0246: The type or namespace name 'NUnit' could not be found (are you missing a using directive or an assembly reference?)\r\nLibrary\\PackageCache\\com.unity.test-framework@1.1.33\\UnityEngine.TestRunner\\NUnitExtensions\\Filters\\FullNameFilter.cs(3,7): error CS0246: The type or namespace name 'NUnit' could not be found (are you missing a using directive or an assembly reference?)\r\nLibrary\\PackageCache\\com.unity.test-framework@1.1.33\\UnityEngine.TestRunner\\NUnitExtensions\\IAsyncTestAssemblyBuilder.cs(3,7): error CS0246: The type or namespace name 'NUnit' could not be found (are you missing a using directive or an assembly reference?)\r\nLibrary\\PackageCache\\com.unity.test-framework@1.1.33\\UnityEngine.TestRunner\\NUnitExtensions\\IAsyncTestAssemblyBuilder.cs(4,7): error CS0246: The type or namespace name 'NUnit' could not be found (are you missing a using directive or an assembly reference?)\r\nLibrary\\PackageCache\\com.unity.test-framework@1.1.33\\UnityEngine.TestRunner\\NUnitExtensions\\ITestSuiteModifier.cs(1,7): error CS0246: The type or namespace name 'NUnit' could not be found (are you missing a using directive or an assembly reference?)\r\nLibrary\\PackageCache\\com.unity.test-framework@1.1.33\\UnityEngine.TestRunner\\NUnitExtensions\\OrderedTestSuiteModifier.cs(4,7): error CS0246: The type or namespace name 'NUnit' could not be found (are you missing a using directive or an assembly reference?)\r\nLibrary\\PackageCache\\com.unity.test-framework@1.1.33\\UnityEngine.TestRunner\\NUnitExtensions\\OrderedTestSuiteModifier.cs(5,7): error CS0246: The type or namespace name 'NUnit' could not be found (are you missing a using directive or an assembly reference?)\r\nLibrary\\PackageCache\\com.unity.test-framework@1.1.33\\UnityEngine.TestRunner\\NUnitExtensions\\Runner\\CompositeWorkItem.cs(6,7): error CS0246: The type or namespace name 'NUnit' could not be found (are you missing a using directive or an assembly reference?)\r\nLibrary\\PackageCache\\com.unity.test-framework@1.1.33\\UnityEngine.TestRunner\\NUnitExtensions\\Runner\\CompositeWorkItem.cs(7,7): error CS0246: The type or namespace name 'NUnit' could not be found (are you missing a using directive or an assembly reference?)\r\nLibrary\\PackageCache\\com.unity.test-framework@1.1.33\\UnityEngine.TestRunner\\NUnitExtensions\\Runner\\CompositeWorkItem.cs(8,7): error CS0246: The type or namespace name 'NUnit' could not be found (are you missing a using directive or an assembly reference?)\r\nLibrary\\PackageCache\\com.unity.test-framework@1.1.33\\UnityEngine.TestRunner\\NUnitExtensions\\Runner\\CompositeWorkItem.cs(9,7): error CS0246: The type or namespace name 'NUnit' could not be found (are you missing a using directive or an assembly reference?)\r\nLibrary\\PackageCache\\com.unity.test-framework@1.1.33\\UnityEngine.TestRunner\\NUnitExtensions\\Runner\\CompositeWorkItem.cs(10,7): error CS0246: The type or namespace name 'NUnit' could not be found (are you missing a using directive or an assembly reference?)\r\nLibrary\\PackageCache\\com.unity.test-framework@1.1.33\\UnityEngine.TestRunner\\NUnitExtensions\\Runner\\CoroutineTestWorkItem.cs(3,7): error CS0246: The type or namespace name 'NUnit' could not be found (are you missing a using directive or an assembly reference?)\r\nLibrary\\PackageCache\\com.unity.test-framework@1.1.33\\UnityEngine.TestRunner\\NUnitExtensions\\Runner\\CoroutineTestWorkItem.cs(4,7): error CS0246: The type or namespace name 'NUnit' could not be found (are you missing a using directive or an assembly reference?)\r\nLibrary\\PackageCache\\com.unity.test-framework@1.1.33\\UnityEngine.TestRunner\\NUnitExtensions\\Runner\\CoroutineTestWorkItem.cs(5,7): error CS0246: The type or namespace name 'NUnit' could not be found (are you missing a using directive or an assembly reference?)\r\nLibrary\\PackageCache\\com.unity.test-framework@1.1.33\\UnityEngine.TestRunner\\NUnitExtensions\\Runner\\CoroutineTestWorkItem.cs(6,7): error CS0246: The type or namespace name 'NUnit' could not be found (are you missing a using directive or an assembly reference?)\r\nLibrary\\PackageCache\\com.unity.test-framework@1.1.33\\UnityEngine.TestRunner\\NUnitExtensions\\Runner\\DefaultTestWorkItem.cs(9,30): error CS0246: The type or namespace name 'NUnit' could not be found (are you missing a using directive or an assembly reference?)\r\nLibrary\\PackageCache\\com.unity.test-framework@1.1.33\\UnityEngine.TestRunner\\NUnitExtensions\\Runner\\DefaultTestWorkItem.cs(10,27): error CS0246: The type or namespace name 'NUnit' could not be found (are you missing a using directive or an assembly reference?)\r\nLibrary\\PackageCache\\com.unity.test-framework@1.1.33\\UnityEngine.TestRunner\\NUnitExtensions\\Runner\\DefaultTestWorkItem.cs(4,7): error CS0246: The type or namespace name 'NUnit' could not be found (are you missing a using directive or an assembly reference?)\r\nLibrary\\PackageCache\\com.unity.test-framework@1.1.33\\UnityEngine.TestRunner\\NUnitExtensions\\Runner\\DefaultTestWorkItem.cs(5,7): error CS0246: The type or namespace name 'NUnit' could not be found (are you missing a using directive or an assembly reference?)\r\nLibrary\\PackageCache\\com.unity.test-framework@1.1.33\\UnityEngine.TestRunner\\NUnitExtensions\\Runner\\DefaultTestWorkItem.cs(6,7): error CS0246: The type or namespace name 'NUnit' could not be found (are you missing a using directive or an assembly reference?)\r\nLibrary\\PackageCache\\com.unity.test-framework@1.1.33\\UnityEngine.TestRunner\\NUnitExtensions\\Runner\\DefaultTestWorkItem.cs(7,7): error CS0246: The type or namespace name 'NUnit' could not be found (are you missing a using directive or an assembly reference?)\r\nLibrary\\PackageCache\\com.unity.test-framework@1.1.33\\UnityEngine.TestRunner\\NUnitExtensions\\Runner\\FailCommand.cs(3,7): error CS0246: The type or namespace name 'NUnit' could not be found (are you missing a using directive or an assembly reference?)\r\nLibrary\\PackageCache\\com.unity.test-framework@1.1.33\\UnityEngine.TestRunner\\NUnitExtensions\\Runner\\FailCommand.cs(4,7): error CS0246: The type or namespace name 'NUnit' could not be found (are you missing a using directive or an assembly reference?)\r\nLibrary\\PackageCache\\com.unity.test-framework@1.1.33\\UnityEngine.TestRunner\\NUnitExtensions\\Runner\\FailCommand.cs(5,7): error CS0246: The type or namespace name 'NUnit' could not be found (are you missing a using directive or an assembly reference?)\r\nLibrary\\PackageCache\\com.unity.test-framework@1.1.33\\UnityEngine.TestRunner\\NUnitExtensions\\Runner\\IEnumerableTestMethodCommand.cs(2,7): error CS0246: The type or namespace name 'NUnit' could not be found (are you missing a using directive or an assembly reference?)\r\nLibrary\\PackageCache\\com.unity.test-framework@1.1.33\\UnityEngine.TestRunner\\NUnitExtensions\\Runner\\PlaymodeWorkItemFactory.cs(1,7): error CS0246: The type or namespace name 'NUnit' could not be found (are you missing a using directive or an assembly reference?)\r\nLibrary\\PackageCache\\com.unity.test-framework@1.1.33\\UnityEngine.TestRunner\\NUnitExtensions\\Runner\\PlaymodeWorkItemFactory.cs(2,7): error CS0246: The type or namespace name 'NUnit' could not be found (are you missing a using directive or an assembly reference?)\r\nLibrary\\PackageCache\\com.unity.test-framework@1.1.33\\UnityEngine.TestRunner\\NUnitExtensions\\Runner\\TestCommandBuilder.cs(4,7): error CS0246: The type or namespace name 'NUnit' could not be found (are you missing a using directive or an assembly reference?)\r\nLibrary\\PackageCache\\com.unity.test-framework@1.1.33\\UnityEngine.TestRunner\\NUnitExtensions\\Runner\\TestCommandBuilder.cs(5,7): error CS0246: The type or namespace name 'NUnit' could not be found (are you missing a using directive or an assembly reference?)\r\nLibrary\\PackageCache\\com.unity.test-framework@1.1.33\\UnityEngine.TestRunner\\NUnitExtensions\\Runner\\TestCommandBuilder.cs(6,7): error CS0246: The type or namespace name 'NUnit' could not be found (are you missing a using directive or an assembly reference?)\r\nLibrary\\PackageCache\\com.unity.test-framework@1.1.33\\UnityEngine.TestRunner\\NUnitExtensions\\Runner\\TestCommandBuilder.cs(7,7): error CS0246: The type or namespace name 'NUnit' could not be found (are you missing a using directive or an assembly reference?)\r\nLibrary\\PackageCache\\com.unity.test-framework@1.1.33\\UnityEngine.TestRunner\\NUnitExtensions\\Runner\\UnityLogCheckDelegatingCommand.cs(6,7): error CS0246: The type or namespace name 'NUnit' could not be found (are you missing a using directive or an assembly reference?)\r\nLibrary\\PackageCache\\com.unity.test-framework@1.1.33\\UnityEngine.TestRunner\\NUnitExtensions\\Runner\\UnityLogCheckDelegatingCommand.cs(7,7): error CS0246: The type or namespace name 'NUnit' could not be found (are you missing a using directive or an assembly reference?)\r\nLibrary\\PackageCache\\com.unity.test-framework@1.1.33\\UnityEngine.TestRunner\\NUnitExtensions\\Runner\\UnityTestAssemblyRunner.cs(7,7): error CS0246: The type or namespace name 'NUnit' could not be found (are you missing a using directive or an assembly reference?)\r\nLibrary\\PackageCache\\com.unity.test-framework@1.1.33\\UnityEngine.TestRunner\\NUnitExtensions\\Runner\\UnityTestAssemblyRunner.cs(8,7): error CS0246: The type or namespace name 'NUnit' could not be found (are you missing a using directive or an assembly reference?)\r\nLibrary\\PackageCache\\com.unity.test-framework@1.1.33\\UnityEngine.TestRunner\\NUnitExtensions\\Runner\\UnityTestAssemblyRunner.cs(9,7): error CS0246: The type or namespace name 'NUnit' could not be found (are you missing a using directive or an assembly reference?)\r\nLibrary\\PackageCache\\com.unity.test-framework@1.1.33\\UnityEngine.TestRunner\\NUnitExtensions\\Runner\\UnityTestExecutionContext.cs(5,7): error CS0246: The type or namespace name 'NUnit' could not be found (are you missing a using directive or an assembly reference?)\r\nLibrary\\PackageCache\\com.unity.test-framework@1.1.33\\UnityEngine.TestRunner\\NUnitExtensions\\Runner\\UnityTestExecutionContext.cs(6,7): error CS0246: The type or namespace name 'NUnit' could not be found (are you missing a using directive or an assembly reference?)\r\nLibrary\\PackageCache\\com.unity.test-framework@1.1.33\\UnityEngine.TestRunner\\NUnitExtensions\\Runner\\UnityTestExecutionContext.cs(7,7): error CS0246: The type or namespace name 'NUnit' could not be found (are you missing a using directive or an assembly reference?)\r\nLibrary\\PackageCache\\com.unity.test-framework@1.1.33\\UnityEngine.TestRunner\\NUnitExtensions\\Runner\\UnityTestExecutionContext.cs(8,7): error CS0246: The type or namespace name 'NUnit' could not be found (are you missing a using directive or an assembly reference?)\r\nLibrary\\PackageCache\\com.unity.test-framework@1.1.33\\UnityEngine.TestRunner\\NUnitExtensions\\Runner\\UnityTestExecutionContext.cs(9,7): error CS0246: The type or namespace name 'NUnit' could not be found (are you missing a using directive or an assembly reference?)\r\nLibrary\\PackageCache\\com.unity.test-framework@1.1.33\\UnityEngine.TestRunner\\NUnitExtensions\\Runner\\UnityWorkItem.cs(6,7): error CS0246: The type or namespace name 'NUnit' could not be found (are you missing a using directive or an assembly reference?)\r\nLibrary\\PackageCache\\com.unity.test-framework@1.1.33\\UnityEngine.TestRunner\\NUnitExtensions\\Runner\\UnityWorkItem.cs(7,7): error CS0246: The type or namespace name 'NUnit' could not be found (are you missing a using directive or an assembly reference?)\r\nLibrary\\PackageCache\\com.unity.test-framework@1.1.33\\UnityEngine.TestRunner\\NUnitExtensions\\Runner\\UnityWorkItem.cs(8,7): error CS0246: The type or namespace name 'NUnit' could not be found (are you missing a using directive or an assembly reference?)\r\nLibrary\\PackageCache\\com.unity.test-framework@1.1.33\\UnityEngine.TestRunner\\NUnitExtensions\\Runner\\UnityWorkItem.cs(9,7): error CS0246: The type or namespace name 'NUnit' could not be found (are you missing a using directive or an assembly reference?)\r\nLibrary\\PackageCache\\com.unity.test-framework@1.1.33\\UnityEngine.TestRunner\\NUnitExtensions\\Runner\\WorkItemFactory.cs(2,7): error CS0246: The type or namespace name 'NUnit' could not be found (are you missing a using directive or an assembly reference?)\r\nLibrary\\PackageCache\\com.unity.test-framework@1.1.33\\UnityEngine.TestRunner\\NUnitExtensions\\Runner\\WorkItemFactory.cs(3,7): error CS0246: The type or namespace name 'NUnit' could not be found (are you missing a using directive or an assembly reference?)\r\nLibrary\\PackageCache\\com.unity.test-framework@1.1.33\\UnityEngine.TestRunner\\NUnitExtensions\\TestExtensions.cs(4,7): error CS0246: The type or namespace name 'NUnit' could not be found (are you missing a using directive or an assembly reference?)\r\nLibrary\\PackageCache\\com.unity.test-framework@1.1.33\\UnityEngine.TestRunner\\NUnitExtensions\\TestExtensions.cs(5,7): error CS0246: The type or namespace name 'NUnit' could not be found (are you missing a using directive or an assembly reference?)\r\nLibrary\\PackageCache\\com.unity.test-framework@1.1.33\\UnityEngine.TestRunner\\NUnitExtensions\\TestResultExtensions.cs(2,7): error CS0246: The type or namespace name 'NUnit' could not be found (are you missing a using directive or an assembly reference?)\r\nLibrary\\PackageCache\\com.unity.test-framework@1.1.33\\UnityEngine.TestRunner\\NUnitExtensions\\TestResultExtensions.cs(3,7): error CS0246: The type or namespace name 'NUnit' could not be found (are you missing a using directive or an assembly reference?)\r\nLibrary\\PackageCache\\com.unity.test-framework@1.1.33\\UnityEngine.TestRunner\\NUnitExtensions\\TestResultExtensions.cs(4,7): error CS0246: The type or namespace name 'NUnit' could not be found (are you missing a using directive or an assembly reference?)\r\nLibrary\\PackageCache\\com.unity.test-framework@1.1.33\\UnityEngine.TestRunner\\NUnitExtensions\\UnityTestAssemblyBuilder.cs(5,7): error CS0246: The type or namespace name 'NUnit' could not be found (are you missing a using directive or an assembly reference?)\r\nLibrary\\PackageCache\\com.unity.test-framework@1.1.33\\UnityEngine.TestRunner\\NUnitExtensions\\UnityTestAssemblyBuilder.cs(6,7): error CS0246: The type or namespace name 'NUnit' could not be found (are you missing a using directive or an assembly reference?)\r\nLibrary\\PackageCache\\com.unity.test-framework@1.1.33\\UnityEngine.TestRunner\\NUnitExtensions\\UnityTestAssemblyBuilder.cs(7,7): error CS0246: The type or namespace name 'NUnit' could not be found (are you missing a using directive or an assembly reference?)\r\nLibrary\\PackageCache\\com.unity.test-framework@1.1.33\\UnityEngine.TestRunner\\NUnitExtensions\\UnityTestAssemblyBuilder.cs(8,7): error CS0246: The type or namespace name 'NUnit' could not be found (are you missing a using directive or an assembly reference?)\r\nLibrary\\PackageCache\\com.unity.test-framework@1.1.33\\UnityEngine.TestRunner\\TestRunner\\Callbacks\\PlayerQuitHandler.cs(1,7): error CS0246: The type or namespace name 'NUnit' could not be found (are you missing a using directive or an assembly reference?)\r\nLibrary\\PackageCache\\com.unity.test-framework@1.1.33\\UnityEngine.TestRunner\\TestRunner\\Callbacks\\PlayModeRunnerCallback.cs(1,7): error CS0246: The type or namespace name 'NUnit' could not be found (are you missing a using directive or an assembly reference?)\r\nLibrary\\PackageCache\\com.unity.test-framework@1.1.33\\UnityEngine.TestRunner\\TestRunner\\Callbacks\\PlayModeRunnerCallback.cs(2,7): error CS0246: The type or namespace name 'NUnit' could not be found (are you missing a using directive or an assembly reference?)\r\nLibrary\\PackageCache\\com.unity.test-framework@1.1.33\\UnityEngine.TestRunner\\TestRunner\\Callbacks\\RemoteTestResultSender.cs(6,7): error CS0246: The type or namespace name 'NUnit' could not be found (are you missing a using directive or an assembly reference?)\r\nLibrary\\PackageCache\\com.unity.test-framework@1.1.33\\UnityEngine.TestRunner\\TestRunner\\Callbacks\\TestResultRenderer.cs(3,7): error CS0246: The type or namespace name 'NUnit' could not be found (are you missing a using directive or an assembly reference?)\r\nLibrary\\PackageCache\\com.unity.test-framework@1.1.33\\UnityEngine.TestRunner\\TestRunner\\Callbacks\\TestResultRenderer.cs(4,7): error CS0246: The type or namespace name 'NUnit' could not be found (are you missing a using directive or an assembly reference?)\r\nLibrary\\PackageCache\\com.unity.test-framework@1.1.33\\UnityEngine.TestRunner\\TestRunner\\Callbacks\\TestResultRendererCallback.cs(1,7): error CS0246: The type or namespace name 'NUnit' could not be found (are you missing a using directive or an assembly reference?)\r\nLibrary\\PackageCache\\com.unity.test-framework@1.1.33\\UnityEngine.TestRunner\\TestRunner\\ITestRunnerListener.cs(2,7): error CS0246: The type or namespace name 'NUnit' could not be found (are you missing a using directive or an assembly reference?)\r\nLibrary\\PackageCache\\com.unity.test-framework@1.1.33\\UnityEngine.TestRunner\\TestRunner\\PlaymodeTestsControllerSettings.cs(3,7): error CS0246: The type or namespace name 'NUnit' could not be found (are you missing a using directive or an assembly reference?)\r\nLibrary\\PackageCache\\com.unity.test-framework@1.1.33\\UnityEngine.TestRunner\\TestRunner\\PlaymodeTestsControllerSettings.cs(4,7): error CS0246: The type or namespace name 'NUnit' could not be found (are you missing a using directive or an assembly reference?)\r\nLibrary\\PackageCache\\com.unity.test-framework@1.1.33\\UnityEngine.TestRunner\\TestRunner\\RemoteHelpers\\IRemoteTestResultDataFactory.cs(2,7): error CS0246: The type or namespace name 'NUnit' could not be found (are you missing a using directive or an assembly reference?)\r\nLibrary\\PackageCache\\com.unity.test-framework@1.1.33\\UnityEngine.TestRunner\\TestRunner\\RemoteHelpers\\RemoteTestData.cs(3,7): error CS0246: The type or namespace name 'NUnit' could not be found (are you missing a using directive or an assembly reference?)\r\nLibrary\\PackageCache\\com.unity.test-framework@1.1.33\\UnityEngine.TestRunner\\TestRunner\\RemoteHelpers\\RemoteTestData.cs(4,7): error CS0246: The type or namespace name 'NUnit' could not be found (are you missing a using directive or an assembly reference?)\r\nLibrary\\PackageCache\\com.unity.test-framework@1.1.33\\UnityEngine.TestRunner\\TestRunner\\RemoteHelpers\\RemoteTestResultData.cs(4,7): error CS0246: The type or namespace name 'NUnit' could not be found (are you missing a using directive or an assembly reference?)\r\nLibrary\\PackageCache\\com.unity.test-framework@1.1.33\\UnityEngine.TestRunner\\TestRunner\\RemoteHelpers\\RemoteTestResultDataFactory.cs(3,7): error CS0246: The type or namespace name 'NUnit' could not be found (are you missing a using directive or an assembly reference?)\r\nLibrary\\PackageCache\\com.unity.test-framework@1.1.33\\UnityEngine.TestRunner\\TestRunner\\RemoteHelpers\\RemoteTestResultDataWithTestData.cs(4,7): error CS0246: The type or namespace name 'NUnit' could not be found (are you missing a using directive or an assembly reference?)\r\nLibrary\\PackageCache\\com.unity.test-framework@1.1.33\\UnityEngine.TestRunner\\TestRunner\\RuntimeTestRunnerFilter.cs(5,7): error CS0246: The type or namespace name 'NUnit' could not be found (are you missing a using directive or an assembly reference?)\r\nLibrary\\PackageCache\\com.unity.test-framework@1.1.33\\UnityEngine.TestRunner\\TestRunner\\RuntimeTestRunnerFilter.cs(6,7): error CS0246: The type or namespace name 'NUnit' could not be found (are you missing a using directive or an assembly reference?)\r\nLibrary\\PackageCache\\com.unity.test-framework@1.1.33\\UnityEngine.TestRunner\\TestRunner\\RuntimeTestRunnerFilter.cs(7,7): error CS0246: The type or namespace name 'NUnit' could not be found (are you missing a using directive or an assembly reference?)\r\nLibrary\\PackageCache\\com.unity.test-framework@1.1.33\\UnityEngine.TestRunner\\TestRunner\\SynchronousFilter.cs(4,7): error CS0246: The type or namespace name 'NUnit' could not be found (are you missing a using directive or an assembly reference?)\r\nLibrary\\PackageCache\\com.unity.test-framework@1.1.33\\UnityEngine.TestRunner\\TestRunner\\SynchronousFilter.cs(5,7): error CS0246: The type or namespace name 'NUnit' could not be found (are you missing a using directive or an assembly reference?)\r\nLibrary\\PackageCache\\com.unity.test-framework@1.1.33\\UnityEngine.TestRunner\\TestRunner\\TestEnumeratorWrapper.cs(4,7): error CS0246: The type or namespace name 'NUnit' could not be found (are you missing a using directive or an assembly reference?)\r\nLibrary\\PackageCache\\com.unity.test-framework@1.1.33\\UnityEngine.TestRunner\\TestRunner\\TestEnumeratorWrapper.cs(5,7): error CS0246: The type or namespace name 'NUnit' could not be found (are you missing a using directive or an assembly reference?)\r\nLibrary\\PackageCache\\com.unity.test-framework@1.1.33\\UnityEngine.TestRunner\\TestRunner\\TestEnumeratorWrapper.cs(6,7): error CS0246: The type or namespace name 'NUnit' could not be found (are you missing a using directive or an assembly reference?)\r\nLibrary\\PackageCache\\com.unity.test-framework@1.1.33\\UnityEngine.TestRunner\\TestRunner\\TestListenerWrapper.cs(1,7): error CS0246: The type or namespace name 'NUnit' could not be found (are you missing a using directive or an assembly reference?)\r\nLibrary\\PackageCache\\com.unity.test-framework@1.1.33\\UnityEngine.TestRunner\\Utils\\AssemblyProvider\\PlayerTestAssemblyProvider.cs(4,7): error CS0246: The type or namespace name 'NUnit' could not be found (are you missing a using directive or an assembly reference?)\r\nLibrary\\PackageCache\\com.unity.test-framework@1.1.33\\UnityEngine.TestRunner\\Utils\\CoroutineRunner.cs(3,7): error CS0246: The type or namespace name 'NUnit' could not be found (are you missing a using directive or an assembly reference?)\r\nLibrary\\PackageCache\\com.unity.test-framework@1.1.33\\UnityEngine.TestRunner\\Utils\\IOuterUnityTestAction.cs(2,7): error CS0246: The type or namespace name 'NUnit' could not be found (are you missing a using directive or an assembly reference?)\r\nLibrary\\PackageCache\\com.unity.test-framework@1.1.33\\UnityEngine.TestRunner\\Utils\\ITestRunCallback.cs(1,7): error CS0246: The type or namespace name 'NUnit' could not be found (are you missing a using directive or an assembly reference?)\r\nLibrary\\PackageCache\\com.unity.test-framework@1.1.33\\UnityEngine.TestRunner\\Utils\\TestRunCallbackListener.cs(5,7): error CS0246: The type or namespace name 'NUnit' could not be found (are you missing a using directive or an assembly reference?)\r\nLibrary\\PackageCache\\com.unity.test-framework@1.1.33\\UnityEngine.TestRunner\\Utils\\TestRunCallbackListener.cs(6,7): error CS0246: The type or namespace name 'NUnit' could not be found (are you missing a using directive or an assembly reference?)\r\nLibrary\\PackageCache\\com.unity.test-framework@1.1.33\\UnityEngine.TestRunner\\Assertions\\InvalidSignatureException.cs(6,48): error CS0246: The type or namespace name 'ResultStateException' could not be found (are you missing a using directive or an assembly reference?)\r\nLibrary\\PackageCache\\com.unity.test-framework@1.1.33\\UnityEngine.TestRunner\\Assertions\\AllocatingGCMemoryConstraint.cs(34,49): error CS0246: The type or namespace name 'Constraint' could not be found (are you missing a using directive or an assembly reference?)\r\nLibrary\\PackageCache\\com.unity.test-framework@1.1.33\\UnityEngine.TestRunner\\Assertions\\UnhandledLogMessageException.cs(8,51): error CS0246: The type or namespace name 'ResultStateException' could not be found (are you missing a using directive or an assembly reference?)\r\nLibrary\\PackageCache\\com.unity.test-framework@1.1.33\\UnityEngine.TestRunner\\Utils\\ITestRunCallback.cs(14,25): error CS0246: The type or namespace name 'ITest' could not be found (are you missing a using directive or an assembly reference?)\r\nLibrary\\PackageCache\\com.unity.test-framework@1.1.33\\UnityEngine.TestRunner\\Assertions\\InvalidSignatureException.cs(13,25): error CS0246: The type or namespace name 'ResultState' could not be found (are you missing a using directive or an assembly reference?)\r\nLibrary\\PackageCache\\com.unity.test-framework@1.1.33\\UnityEngine.TestRunner\\Utils\\ITestRunCallback.cs(19,26): error CS0246: The type or namespace name 'ITestResult' could not be found (are you missing a using directive or an assembly reference?)\r\nLibrary\\PackageCache\\com.unity.test-framework@1.1.33\\UnityEngine.TestRunner\\Assertions\\UnityTestTimeoutException.cs(6,48): error CS0246: The type or namespace name 'ResultStateException' could not be found (are you missing a using directive or an assembly reference?)\r\nLibrary\\PackageCache\\com.unity.test-framework@1.1.33\\UnityEngine.TestRunner\\Assertions\\Is.cs(6,23): error CS0246: The type or namespace name 'NUnit' could not be found (are you missing a using directive or an assembly reference?)\r\nLibrary\\PackageCache\\com.unity.test-framework@1.1.33\\UnityEngine.TestRunner\\Utils\\ITestRunCallback.cs(24,26): error CS0246: The type or namespace name 'ITest' could not be found (are you missing a using directive or an assembly reference?)\r\nLibrary\\PackageCache\\com.unity.test-framework@1.1.33\\UnityEngine.TestRunner\\Assertions\\UnhandledLogMessageException.cs(25,25): error CS0246: The type or namespace name 'ResultState' could not be found (are you missing a using directive or an assembly reference?)\r\nLibrary\\PackageCache\\com.unity.test-framework@1.1.33\\UnityEngine.TestRunner\\Utils\\ITestRunCallback.cs(29,27): error CS0246: The type or namespace name 'ITestResult' could not be found (are you missing a using directive or an assembly reference?)\r\nLibrary\\PackageCache\\com.unity.test-framework@1.1.33\\UnityEngine.TestRunner\\Assertions\\UnexpectedLogMessageException.cs(7,52): error CS0246: The type or namespace name 'ResultStateException' could not be found (are you missing a using directive or an assembly reference?)\r\nLibrary\\PackageCache\\com.unity.test-framework@1.1.33\\UnityEngine.TestRunner\\Assertions\\OutOfOrderExpectedLogMessageException.cs(7,60): error CS0246: The type or namespace name 'ResultStateException' could not be found (are you missing a using directive or an assembly reference?)\r\nLibrary\\PackageCache\\com.unity.test-framework@1.1.33\\UnityEngine.TestRunner\\NUnitExtensions\\Filters\\AssemblyNameFilter.cs(7,41): error CS0246: The type or namespace name 'ValueMatchFilter' could not be found (are you missing a using directive or an assembly reference?)\r\nLibrary\\PackageCache\\com.unity.test-framework@1.1.33\\UnityEngine.TestRunner\\Assertions\\UnityTestTimeoutException.cs(18,25): error CS0246: The type or namespace name 'ResultState' could not be found (are you missing a using directive or an assembly reference?)\r\nLibrary\\PackageCache\\com.unity.test-framework@1.1.33\\UnityEngine.TestRunner\\TestRunner\\RemoteHelpers\\IRemoteTestResultDataFactory.cs(8,63): error CS0246: The type or namespace name 'ITestResult' could not be found (are you missing a using directive or an assembly reference?)\r\nLibrary\\PackageCache\\com.unity.test-framework@1.1.33\\UnityEngine.TestRunner\\NUnitExtensions\\Attributes\\TestEnumerator.cs(12,26): error CS0246: The type or namespace name 'ITestExecutionContext' could not be found (are you missing a using directive or an assembly reference?)\r\nLibrary\\PackageCache\\com.unity.test-framework@1.1.33\\UnityEngine.TestRunner\\NUnitExtensions\\Attributes\\UnitySetUpAttribute.cs(34,40): error CS0246: The type or namespace name 'NUnitAttribute' could not be found (are you missing a using directive or an assembly reference?)\r\nLibrary\\PackageCache\\com.unity.test-framework@1.1.33\\UnityEngine.TestRunner\\NUnitExtensions\\Attributes\\ConditionalIgnoreAttribute.cs(11,47): error CS0246: The type or namespace name 'NUnitAttribute' could not be found (are you missing a using directive or an assembly reference?)\r\nLibrary\\PackageCache\\com.unity.test-framework@1.1.33\\UnityEngine.TestRunner\\NUnitExtensions\\Attributes\\ConditionalIgnoreAttribute.cs(11,63): error CS0246: The type or namespace name 'IApplyToTest' could not be found (are you missing a using directive or an assembly reference?)\r\nLibrary\\PackageCache\\com.unity.test-framework@1.1.33\\UnityEngine.TestRunner\\Assertions\\UnexpectedLogMessageException.cs(22,25): error CS0246: The type or namespace name 'ResultState' could not be found (are you missing a using directive or an assembly reference?)\r\nLibrary\\PackageCache\\com.unity.test-framework@1.1.33\\UnityEngine.TestRunner\\TestRunner\\RemoteHelpers\\IRemoteTestResultDataFactory.cs(9,57): error CS0246: The type or namespace name 'ITest' could not be found (are you missing a using directive or an assembly reference?)\r\nLibrary\\PackageCache\\com.unity.test-framework@1.1.33\\UnityEngine.TestRunner\\Assertions\\AllocatingGCMemoryConstraint.cs(53,17): error CS0246: The type or namespace name 'ConstraintResult' could not be found (are you missing a using directive or an assembly reference?)\r\nLibrary\\PackageCache\\com.unity.test-framework@1.1.33\\UnityEngine.TestRunner\\TestRunner\\ITestRunnerListener.cs(9,25): error CS0246: The type or namespace name 'ITest' could not be found (are you missing a using directive or an assembly reference?)\r\nLibrary\\PackageCache\\com.unity.test-framework@1.1.33\\UnityEngine.TestRunner\\TestRunner\\Callbacks\\PlayerQuitHandler.cs(29,32): error CS0246: The type or namespace name 'ITest' could not be found (are you missing a using directive or an assembly reference?)\r\nLibrary\\PackageCache\\com.unity.test-framework@1.1.33\\UnityEngine.TestRunner\\NUnitExtensions\\Attributes\\UnityCombinatorialStrategy.cs(8,49): error CS0246: The type or namespace name 'CombinatorialStrategy' could not be found (are you missing a using directive or an assembly reference?)\r\nLibrary\\PackageCache\\com.unity.test-framework@1.1.33\\UnityEngine.TestRunner\\NUnitExtensions\\Attributes\\UnityCombinatorialStrategy.cs(8,72): error CS0246: The type or namespace name 'ICombiningStrategy' could not be found (are you missing a using directive or an assembly reference?)\r\nLibrary\\PackageCache\\com.unity.test-framework@1.1.33\\UnityEngine.TestRunner\\NUnitExtensions\\Attributes\\UnityPlatformAttribute.cs(20,43): error CS0246: The type or namespace name 'NUnitAttribute' could not be found (are you missing a using directive or an assembly reference?)\r\nLibrary\\PackageCache\\com.unity.test-framework@1.1.33\\UnityEngine.TestRunner\\NUnitExtensions\\Attributes\\UnityPlatformAttribute.cs(20,59): error CS0246: The type or namespace name 'IApplyToTest' could not be found (are you missing a using directive or an assembly reference?)\r\nLibrary\\PackageCache\\com.unity.test-framework@1.1.33\\UnityEngine.TestRunner\\Assertions\\AllocatingGCMemoryConstraint.cs(90,25): error CS0246: The type or namespace name 'ConstraintResult' could not be found (are you missing a using directive or an assembly reference?)\r\nLibrary\\PackageCache\\com.unity.test-framework@1.1.33\\UnityEngine.TestRunner\\Assertions\\ConstraintsExtensions.cs(16,76): error CS0246: The type or namespace name 'ConstraintExpression' could not be found (are you missing a using directive or an assembly reference?)\r\nLibrary\\PackageCache\\com.unity.test-framework@1.1.33\\UnityEngine.TestRunner\\TestRunner\\ITestRunnerListener.cs(10,26): error CS0246: The type or namespace name 'ITestResult' could not be found (are you missing a using directive or an assembly reference?)\r\nLibrary\\PackageCache\\com.unity.test-framework@1.1.33\\UnityEngine.TestRunner\\NUnitExtensions\\ITestSuiteModifier.cs(7,31): error CS0246: The type or namespace name 'TestSuite' could not be found (are you missing a using directive or an assembly reference?)\r\nLibrary\\PackageCache\\com.unity.test-framework@1.1.33\\UnityEngine.TestRunner\\NUnitExtensions\\ITestSuiteModifier.cs(7,9): error CS0246: The type or namespace name 'TestSuite' could not be found (are you missing a using directive or an assembly reference?)\r\nLibrary\\PackageCache\\com.unity.test-framework@1.1.33\\UnityEngine.TestRunner\\NUnitExtensions\\Filters\\AssemblyNameFilter.cs(11,36): error CS0246: The type or namespace name 'ITest' could not be found (are you missing a using directive or an assembly reference?)\r\nLibrary\\PackageCache\\com.unity.test-framework@1.1.33\\UnityEngine.TestRunner\\NUnitExtensions\\Attributes\\TestEnumerator.cs(22,31): error CS0246: The type or namespace name 'ITestExecutionContext' could not be found (are you missing a using directive or an assembly reference?)\r\nLibrary\\PackageCache\\com.unity.test-framework@1.1.33\\UnityEngine.TestRunner\\TestRunner\\Callbacks\\PlayerQuitHandler.cs(33,33): error CS0246: The type or namespace name 'ITestResult' could not be found (are you missing a using directive or an assembly reference?)\r\nLibrary\\PackageCache\\com.unity.test-framework@1.1.33\\UnityEngine.TestRunner\\Utils\\TestRunCallbackListener.cs(14,32): error CS0246: The type or namespace name 'ITest' could not be found (are you missing a using directive or an assembly reference?)\r\nLibrary\\PackageCache\\com.unity.test-framework@1.1.33\\UnityEngine.TestRunner\\NUnitExtensions\\Attributes\\UnitySetUpAttribute.cs(33,6): error CS0641: Attribute 'AttributeUsage' is only valid on classes derived from System.Attribute\r\nLibrary\\PackageCache\\com.unity.test-framework@1.1.33\\UnityEngine.TestRunner\\TestRunner\\ITestRunnerListener.cs(11,26): error CS0246: The type or namespace name 'ITest' could not be found (are you missing a using directive or an assembly reference?)\r\nLibrary\\PackageCache\\com.unity.test-framework@1.1.33\\UnityEngine.TestRunner\\TestRunner\\ITestRunnerListener.cs(16,51): error CS0246: The type or namespace name 'ITestResult' could not be found (are you missing a using directive or an assembly reference?)\r\nLibrary\\PackageCache\\com.unity.test-framework@1.1.33\\UnityEngine.TestRunner\\TestRunner\\ITestRunnerListener.cs(19,50): error CS0246: The type or namespace name 'ITest' could not be found (are you missing a using directive or an assembly reference?)\r\nLibrary\\PackageCache\\com.unity.test-framework@1.1.33\\UnityEngine.TestRunner\\TestRunner\\Callbacks\\PlayerQuitHandler.cs(37,33): error CS0246: The type or namespace name 'ITest' could not be found (are you missing a using directive or an assembly reference?)\r\nLibrary\\PackageCache\\com.unity.test-framework@1.1.33\\UnityEngine.TestRunner\\TestRunner\\ITestRunnerListener.cs(12,27): error CS0246: The type or namespace name 'ITestResult' could not be found (are you missing a using directive or an assembly reference?)\r\nLibrary\\PackageCache\\com.unity.test-framework@1.1.33\\UnityEngine.TestRunner\\NUnitExtensions\\Attributes\\ConditionalIgnoreAttribute.cs(31,33): error CS0246: The type or namespace name 'Test' could not be found (are you missing a using directive or an assembly reference?)\r\nLibrary\\PackageCache\\com.unity.test-framework@1.1.33\\UnityEngine.TestRunner\\NUnitExtensions\\Attributes\\UnityTearDownAttribute.cs(34,43): error CS0246: The type or namespace name 'NUnitAttribute' could not be found (are you missing a using directive or an assembly reference?)\r\nLibrary\\PackageCache\\com.unity.test-framework@1.1.33\\UnityEngine.TestRunner\\NUnitExtensions\\Filters\\FullNameFilter.cs(7,37): error CS0246: The type or namespace name 'NUnit' could not be found (are you missing a using directive or an assembly reference?)\r\nLibrary\\PackageCache\\com.unity.test-framework@1.1.33\\UnityEngine.TestRunner\\TestRunner\\ITestRunnerListener.cs(22,50): error CS0246: The type or namespace name 'ITestResult' could not be found (are you missing a using directive or an assembly reference?)\r\nLibrary\\PackageCache\\com.unity.test-framework@1.1.33\\UnityEngine.TestRunner\\NUnitExtensions\\Filters\\CategoryFilterExtended.cs(9,45): error CS0246: The type or namespace name 'CategoryFilter' could not be found (are you missing a using directive or an assembly reference?)\r\nLibrary\\PackageCache\\com.unity.test-framework@1.1.33\\UnityEngine.TestRunner\\TestRunner\\Callbacks\\PlayerQuitHandler.cs(41,34): error CS0246: The type or namespace name 'ITestResult' could not be found (are you missing a using directive or an assembly reference?)\r\nLibrary\\PackageCache\\com.unity.test-framework@1.1.33\\UnityEngine.TestRunner\\NUnitExtensions\\Attributes\\TestEnumerator.cs(70,30): error CS0246: The type or namespace name 'ITestExecutionContext' could not be found (are you missing a using directive or an assembly reference?)\r\nLibrary\\PackageCache\\com.unity.test-framework@1.1.33\\UnityEngine.TestRunner\\Assertions\\AllocatingGCMemoryConstraint.cs(112,59): error CS0246: The type or namespace name 'ActualValueDelegate<>' could not be found (are you missing a using directive or an assembly reference?)\r\nLibrary\\PackageCache\\com.unity.test-framework@1.1.33\\UnityEngine.TestRunner\\Assertions\\AllocatingGCMemoryConstraint.cs(112,25): error CS0246: The type or namespace name 'ConstraintResult' could not be found (are you missing a using directive or an assembly reference?)\r\nLibrary\\PackageCache\\com.unity.test-framework@1.1.33\\UnityEngine.TestRunner\\NUnitExtensions\\Attributes\\UnityCombinatorialStrategy.cs(10,32): error CS0246: The type or namespace name 'ITestCaseData' could not be found (are you missing a using directive or an assembly reference?)\r\nLibrary\\PackageCache\\com.unity.test-framework@1.1.33\\UnityEngine.TestRunner\\TestRunner\\ITestRunnerListener.cs(25,49): error CS0246: The type or namespace name 'ITest' could not be found (are you missing a using directive or an assembly reference?)\r\nLibrary\\PackageCache\\com.unity.test-framework@1.1.33\\UnityEngine.TestRunner\\Utils\\TestRunCallbackListener.cs(48,33): error CS0246: The type or namespace name 'ITestResult' could not be found (are you missing a using directive or an assembly reference?)\r\nLibrary\\PackageCache\\com.unity.test-framework@1.1.33\\UnityEngine.TestRunner\\Assertions\\AllocatingGCMemoryConstraint.cs(36,50): error CS0246: The type or namespace name 'ConstraintResult' could not be found (are you missing a using directive or an assembly reference?)\r\nLibrary\\PackageCache\\com.unity.test-framework@1.1.33\\UnityEngine.TestRunner\\NUnitExtensions\\Attributes\\TestEnumerator.cs(72,38): error CS0246: The type or namespace name 'ITestExecutionContext' could not be found (are you missing a using directive or an assembly reference?)\r\nLibrary\\PackageCache\\com.unity.test-framework@1.1.33\\UnityEngine.TestRunner\\NUnitExtensions\\Attributes\\UnityTearDownAttribute.cs(33,6): error CS0641: Attribute 'AttributeUsage' is only valid on classes derived from System.Attribute\r\nLibrary\\PackageCache\\com.unity.test-framework@1.1.33\\UnityEngine.TestRunner\\NUnitExtensions\\Filters\\FullNameFilter.cs(13,36): error CS0246: The type or namespace name 'ITest' could not be found (are you missing a using directive or an assembly reference?)\r\nLibrary\\PackageCache\\com.unity.test-framework@1.1.33\\UnityEngine.TestRunner\\NUnitExtensions\\OrderedTestSuiteModifier.cs(19,38): error CS0246: The type or namespace name 'TestSuite' could not be found (are you missing a using directive or an assembly reference?)\r\nLibrary\\PackageCache\\com.unity.test-framework@1.1.33\\UnityEngine.TestRunner\\NUnitExtensions\\OrderedTestSuiteModifier.cs(19,16): error CS0246: The type or namespace name 'TestSuite' could not be found (are you missing a using directive or an assembly reference?)\r\nLibrary\\PackageCache\\com.unity.test-framework@1.1.33\\UnityEngine.TestRunner\\NUnitExtensions\\BaseDelegator.cs(13,19): error CS0246: The type or namespace name 'ITestExecutionContext' could not be found (are you missing a using directive or an assembly reference?)\r\nLibrary\\PackageCache\\com.unity.test-framework@1.1.33\\UnityEngine.TestRunner\\Utils\\TestRunCallbackListener.cs(53,33): error CS0246: The type or namespace name 'ITest' could not be found (are you missing a using directive or an assembly reference?)\r\nLibrary\\PackageCache\\com.unity.test-framework@1.1.33\\UnityEngine.TestRunner\\NUnitExtensions\\Filters\\CategoryFilterExtended.cs(17,36): error CS0246: The type or namespace name 'ITest' could not be found (are you missing a using directive or an assembly reference?)\r\nLibrary\\PackageCache\\com.unity.test-framework@1.1.33\\UnityEngine.TestRunner\\TestRunner\\TestListenerWrapper.cs(5,42): error CS0246: The type or namespace name 'ITestListener' could not be found (are you missing a using directive or an assembly reference?)\r\nLibrary\\PackageCache\\com.unity.test-framework@1.1.33\\UnityEngine.TestRunner\\Assertions\\AllocatingGCMemoryConstraint.cs(39,45): error CS0246: The type or namespace name 'IConstraint' could not be found (are you missing a using directive or an assembly reference?)\r\nLibrary\\PackageCache\\com.unity.test-framework@1.1.33\\UnityEngine.TestRunner\\Utils\\TestRunCallbackListener.cs(58,34): error CS0246: The type or namespace name 'ITestResult' could not be found (are you missing a using directive or an assembly reference?)\r\nLibrary\\PackageCache\\com.unity.test-framework@1.1.33\\UnityEngine.TestRunner\\NUnitExtensions\\OrderedTestSuiteModifier.cs(62,45): error CS0246: The type or namespace name 'ITest' could not be found (are you missing a using directive or an assembly reference?)\r\nLibrary\\PackageCache\\com.unity.test-framework@1.1.33\\UnityEngine.TestRunner\\NUnitExtensions\\OrderedTestSuiteModifier.cs(62,59): error CS0246: The type or namespace name 'ITest' could not be found (are you missing a using directive or an assembly reference?)\r\nLibrary\\PackageCache\\com.unity.test-framework@1.1.33\\UnityEngine.TestRunner\\TestRunner\\TestEnumeratorWrapper.cs(19,42): error CS0246: The type or namespace name 'ITestExecutionContext' could not be found (are you missing a using directive or an assembly reference?)\r\nLibrary\\PackageCache\\com.unity.test-framework@1.1.33\\UnityEngine.TestRunner\\TestRunner\\TestListenerWrapper.cs(16,33): error CS0246: The type or namespace name 'ITest' could not be found (are you missing a using directive or an assembly reference?)\r\nLibrary\\PackageCache\\com.unity.test-framework@1.1.33\\UnityEngine.TestRunner\\TestRunner\\Callbacks\\PlayModeRunnerCallback.cs(11,33): error CS0246: The type or namespace name 'ITestResult' could not be found (are you missing a using directive or an assembly reference?)\r\nLibrary\\PackageCache\\com.unity.test-framework@1.1.33\\UnityEngine.TestRunner\\Assertions\\AllocatingGCMemoryConstraint.cs(44,49): error CS0246: The type or namespace name 'MessageWriter' could not be found (are you missing a using directive or an assembly reference?)\r\nLibrary\\PackageCache\\com.unity.test-framework@1.1.33\\UnityEngine.TestRunner\\TestRunner\\TestListenerWrapper.cs(21,34): error CS0246: The type or namespace name 'ITestResult' could not be found (are you missing a using directive or an assembly reference?)\r\nLibrary\\PackageCache\\com.unity.test-framework@1.1.33\\UnityEngine.TestRunner\\TestRunner\\Callbacks\\PlayModeRunnerCallback.cs(22,34): error CS0246: The type or namespace name 'ITestResult' could not be found (are you missing a using directive or an assembly reference?)\r\nLibrary\\PackageCache\\com.unity.test-framework@1.1.33\\UnityEngine.TestRunner\\TestRunner\\TestEnumeratorWrapper.cs(34,50): error CS0246: The type or namespace name 'ITestExecutionContext' could not be found (are you missing a using directive or an assembly reference?)\r\nLibrary\\PackageCache\\com.unity.test-framework@1.1.33\\UnityEngine.TestRunner\\TestRunner\\Callbacks\\PlayModeRunnerCallback.cs(32,32): error CS0246: The type or namespace name 'ITest' could not be found (are you missing a using directive or an assembly reference?)\r\nLibrary\\PackageCache\\com.unity.test-framework@1.1.33\\UnityEngine.TestRunner\\NUnitExtensions\\Commands\\BeforeAfterTestCommandState.cs(38,37): error CS0246: The type or namespace name 'TestResult' could not be found (are you missing a using directive or an assembly reference?)\r\nLibrary\\PackageCache\\com.unity.test-framework@1.1.33\\UnityEngine.TestRunner\\TestRunner\\TestListenerWrapper.cs(26,32): error CS0246: The type or namespace name 'TestOutput' could not be found (are you missing a using directive or an assembly reference?)\r\nLibrary\\PackageCache\\com.unity.test-framework@1.1.33\\UnityEngine.TestRunner\\NUnitExtensions\\OrderedTestSuiteModifier.cs(78,39): error CS0246: The type or namespace name 'ITest' could not be found (are you missing a using directive or an assembly reference?)\r\nLibrary\\PackageCache\\com.unity.test-framework@1.1.33\\UnityEngine.TestRunner\\NUnitExtensions\\OrderedTestSuiteModifier.cs(78,24): error CS0246: The type or namespace name 'Test' could not be found (are you missing a using directive or an assembly reference?)\r\nLibrary\\PackageCache\\com.unity.test-framework@1.1.33\\UnityEngine.TestRunner\\TestRunner\\Callbacks\\PlayModeRunnerCallback.cs(37,33): error CS0246: The type or namespace name 'ITest' could not be found (are you missing a using directive or an assembly reference?)\r\nLibrary\\PackageCache\\com.unity.test-framework@1.1.33\\UnityEngine.TestRunner\\NUnitExtensions\\Commands\\BeforeAfterTestCommandState.cs(47,37): error CS0246: The type or namespace name 'TestResult' could not be found (are you missing a using directive or an assembly reference?)\r\nLibrary\\PackageCache\\com.unity.test-framework@1.1.33\\UnityEngine.TestRunner\\TestRunner\\PlaymodeTestsControllerSettings.cs(36,18): error CS0246: The type or namespace name 'ITestFilter' could not be found (are you missing a using directive or an assembly reference?)\r\nLibrary\\PackageCache\\com.unity.test-framework@1.1.33\\UnityEngine.TestRunner\\NUnitExtensions\\Commands\\BeforeAfterTestCommandBase.cs(17,61): error CS0246: The type or namespace name 'DelegatingTestCommand' could not be found (are you missing a using directive or an assembly reference?)\r\nLibrary\\PackageCache\\com.unity.test-framework@1.1.33\\UnityEngine.TestRunner\\NUnitExtensions\\Commands\\EnumerableRepeatedTestCommand.cs(12,52): error CS0246: The type or namespace name 'DelegatingTestCommand' could not be found (are you missing a using directive or an assembly reference?)\r\nLibrary\\PackageCache\\com.unity.test-framework@1.1.33\\UnityEngine.TestRunner\\TestRunner\\RuntimeTestRunnerFilter.cs(22,16): error CS0246: The type or namespace name 'ITestFilter' could not be found (are you missing a using directive or an assembly reference?)\r\nLibrary\\PackageCache\\com.unity.test-framework@1.1.33\\UnityEngine.TestRunner\\TestRunner\\RemoteHelpers\\RemoteTestData.cs(23,16): error CS0246: The type or namespace name 'RunState' could not be found (are you missing a using directive or an assembly reference?)\r\nLibrary\\PackageCache\\com.unity.test-framework@1.1.33\\UnityEngine.TestRunner\\NUnitExtensions\\Commands\\EnumerableApplyChangesToContextCommand.cs(11,61): error CS0246: The type or namespace name 'ApplyChangesToContextCommand' could not be found (are you missing a using directive or an assembly reference?)\r\nLibrary\\PackageCache\\com.unity.test-framework@1.1.33\\UnityEngine.TestRunner\\TestRunner\\TestEnumeratorWrapper.cs(12,26): error CS0246: The type or namespace name 'TestMethod' could not be found (are you missing a using directive or an assembly reference?)\r\nLibrary\\PackageCache\\com.unity.test-framework@1.1.33\\UnityEngine.TestRunner\\NUnitExtensions\\Commands\\EnumerableRetryTestCommand.cs(12,49): error CS0246: The type or namespace name 'DelegatingTestCommand' could not be found (are you missing a using directive or an assembly reference?)\r\nLibrary\\PackageCache\\com.unity.test-framework@1.1.33\\UnityEngine.TestRunner\\NUnitExtensions\\OrderedTestSuiteModifier.cs(110,52): error CS0246: The type or namespace name 'ITest' could not be found (are you missing a using directive or an assembly reference?)\r\nLibrary\\PackageCache\\com.unity.test-framework@1.1.33\\UnityEngine.TestRunner\\NUnitExtensions\\OrderedTestSuiteModifier.cs(110,29): error CS0246: The type or namespace name 'ITest' could not be found (are you missing a using directive or an assembly reference?)\r\nLibrary\\PackageCache\\com.unity.test-framework@1.1.33\\UnityEngine.TestRunner\\TestRunner\\TestEnumeratorWrapper.cs(14,38): error CS0246: The type or namespace name 'TestMethod' could not be found (are you missing a using directive or an assembly reference?)\r\nLibrary\\PackageCache\\com.unity.test-framework@1.1.33\\UnityEngine.TestRunner\\NUnitExtensions\\Commands\\BeforeAfterTestCommandState.cs(15,16): error CS0246: The type or namespace name 'TestStatus' could not be found (are you missing a using directive or an assembly reference?)\r\nLibrary\\PackageCache\\com.unity.test-framework@1.1.33\\UnityEngine.TestRunner\\NUnitExtensions\\Attributes\\UnityPlatformAttribute.cs(19,6): error CS0641: Attribute 'AttributeUsage' is only valid on classes derived from System.Attribute\r\nLibrary\\PackageCache\\com.unity.test-framework@1.1.33\\UnityEngine.TestRunner\\TestRunner\\RemoteHelpers\\RemoteTestData.cs(31,33): error CS0246: The type or namespace name 'ITest' could not be found (are you missing a using directive or an assembly reference?)\r\nLibrary\\PackageCache\\com.unity.test-framework@1.1.33\\UnityEngine.TestRunner\\NUnitExtensions\\Attributes\\UnityTestAttribute.cs(62,39): error CS0246: The type or namespace name 'CombiningStrategyAttribute' could not be found (are you missing a using directive or an assembly reference?)\r\nLibrary\\PackageCache\\com.unity.test-framework@1.1.33\\UnityEngine.TestRunner\\NUnitExtensions\\Attributes\\UnityTestAttribute.cs(62,67): error CS0246: The type or namespace name 'ISimpleTestBuilder' could not be found (are you missing a using directive or an assembly reference?)\r\nLibrary\\PackageCache\\com.unity.test-framework@1.1.33\\UnityEngine.TestRunner\\NUnitExtensions\\Attributes\\UnityTestAttribute.cs(62,87): error CS0246: The type or namespace name 'IImplyFixture' could not be found (are you missing a using directive or an assembly reference?)\r\nLibrary\\PackageCache\\com.unity.test-framework@1.1.33\\UnityEngine.TestRunner\\NUnitExtensions\\Attributes\\UnityTestAttribute.cs(62,102): error CS0246: The type or namespace name 'ITestBuilder' could not be found (are you missing a using directive or an assembly reference?)\r\nLibrary\\PackageCache\\com.unity.test-framework@1.1.33\\UnityEngine.TestRunner\\NUnitExtensions\\Attributes\\UnityTestAttribute.cs(62,116): error CS0246: The type or namespace name 'IApplyToTest' could not be found (are you missing a using directive or an assembly reference?)\r\nLibrary\\PackageCache\\com.unity.test-framework@1.1.33\\UnityEngine.TestRunner\\NUnitExtensions\\Commands\\BeforeAfterTestCommandState.cs(17,16): error CS0246: The type or namespace name 'FailureSite' could not be found (are you missing a using directive or an assembly reference?)\r\nLibrary\\PackageCache\\com.unity.test-framework@1.1.33\\UnityEngine.TestRunner\\NUnitExtensions\\ConstructDelegator.cs(24,19): error CS0246: The type or namespace name 'ITestExecutionContext' could not be found (are you missing a using directive or an assembly reference?)\r\nLibrary\\PackageCache\\com.unity.test-framework@1.1.33\\UnityEngine.TestRunner\\NUnitExtensions\\OrderedTestSuiteModifier.cs(122,39): error CS0246: The type or namespace name 'ITest' could not be found (are you missing a using directive or an assembly reference?)\r\nLibrary\\PackageCache\\com.unity.test-framework@1.1.33\\UnityEngine.TestRunner\\NUnitExtensions\\OrderedTestSuiteModifier.cs(122,24): error CS0246: The type or namespace name 'ITest' could not be found (are you missing a using directive or an assembly reference?)\r\nLibrary\\PackageCache\\com.unity.test-framework@1.1.33\\UnityEngine.TestRunner\\NUnitExtensions\\Commands\\EnumerableApplyChangesToContextCommand.cs(16,46): error CS0246: The type or namespace name 'ITestExecutionContext' could not be found (are you missing a using directive or an assembly reference?)\r\nLibrary\\PackageCache\\com.unity.test-framework@1.1.33\\UnityEngine.TestRunner\\Assertions\\OutOfOrderExpectedLogMessageException.cs(19,25): error CS0246: The type or namespace name 'ResultState' could not be found (are you missing a using directive or an assembly reference?)\r\nLibrary\\PackageCache\\com.unity.test-framework@1.1.33\\UnityEngine.TestRunner\\NUnitExtensions\\IAsyncTestAssemblyBuilder.cs(8,52): error CS0246: The type or namespace name 'ITestAssemblyBuilder' could not be found (are you missing a using directive or an assembly reference?)\r\nLibrary\\PackageCache\\com.unity.test-framework@1.1.33\\UnityEngine.TestRunner\\NUnitExtensions\\Runner\\IEnumerableTestMethodCommand.cs(8,39): error CS0246: The type or namespace name 'ITestExecutionContext' could not be found (are you missing a using directive or an assembly reference?)\r\nLibrary\\PackageCache\\com.unity.test-framework@1.1.33\\UnityEngine.TestRunner\\NUnitExtensions\\TestResultExtensions.cs(10,57): error CS0246: The type or namespace name 'TestResult' could not be found (are you missing a using directive or an assembly reference?)\r\nLibrary\\PackageCache\\com.unity.test-framework@1.1.33\\UnityEngine.TestRunner\\NUnitExtensions\\TestResultExtensions.cs(10,109): error CS0246: The type or namespace name 'ResultState' could not be found (are you missing a using directive or an assembly reference?)\r\nLibrary\\PackageCache\\com.unity.test-framework@1.1.33\\UnityEngine.TestRunner\\TestRunner\\RemoteHelpers\\RemoteTestResultData.cs(15,16): error CS0246: The type or namespace name 'TestStatus' could not be found (are you missing a using directive or an assembly reference?)\r\nLibrary\\PackageCache\\com.unity.test-framework@1.1.33\\UnityEngine.TestRunner\\NUnitExtensions\\Commands\\EnumerableRepeatedTestCommand.cs(23,44): error CS0246: The type or namespace name 'ITestExecutionContext' could not be found (are you missing a using directive or an assembly reference?)\r\nLibrary\\PackageCache\\com.unity.test-framework@1.1.33\\UnityEngine.TestRunner\\NUnitExtensions\\Commands\\EnumerableRepeatedTestCommand.cs(23,25): error CS0246: The type or namespace name 'TestResult' could not be found (are you missing a using directive or an assembly reference?)\r\nLibrary\\PackageCache\\com.unity.test-framework@1.1.33\\UnityEngine.TestRunner\\TestRunner\\SynchronousFilter.cs(9,31): error CS0246: The type or namespace name 'ITestFilter' could not be found (are you missing a using directive or an assembly reference?)\r\nLibrary\\PackageCache\\com.unity.test-framework@1.1.33\\UnityEngine.TestRunner\\NUnitExtensions\\TestExtensions.cs(12,67): error CS0246: The type or namespace name 'ITest' could not be found (are you missing a using directive or an assembly reference?)\r\nLibrary\\PackageCache\\com.unity.test-framework@1.1.33\\UnityEngine.TestRunner\\TestRunner\\RuntimeTestRunnerFilter.cs(61,45): error CS0246: The type or namespace name 'ITestFilter' could not be found (are you missing a using directive or an assembly reference?)\r\nLibrary\\PackageCache\\com.unity.test-framework@1.1.33\\UnityEngine.TestRunner\\TestRunner\\RuntimeTestRunnerFilter.cs(61,97): error CS0246: The type or namespace name 'TestFilter' could not be found (are you missing a using directive or an assembly reference?)\r\nLibrary\\PackageCache\\com.unity.test-framework@1.1.33\\UnityEngine.TestRunner\\NUnitExtensions\\TestResultExtensions.cs(53,53): error CS0246: The type or namespace name 'TestResult' could not be found (are you missing a using directive or an assembly reference?)\r\nLibrary\\PackageCache\\com.unity.test-framework@1.1.33\\UnityEngine.TestRunner\\NUnitExtensions\\TestResultExtensions.cs(53,105): error CS0246: The type or namespace name 'ResultState' could not be found (are you missing a using directive or an assembly reference?)\r\nLibrary\\PackageCache\\com.unity.test-framework@1.1.33\\UnityEngine.TestRunner\\NUnitExtensions\\Commands\\EnumerableRetryTestCommand.cs(23,44): error CS0246: The type or namespace name 'ITestExecutionContext' could not be found (are you missing a using directive or an assembly reference?)\r\nLibrary\\PackageCache\\com.unity.test-framework@1.1.33\\UnityEngine.TestRunner\\NUnitExtensions\\Commands\\EnumerableRetryTestCommand.cs(23,25): error CS0246: The type or namespace name 'TestResult' could not be found (are you missing a using directive or an assembly reference?)\r\nLibrary\\PackageCache\\com.unity.test-framework@1.1.33\\UnityEngine.TestRunner\\NUnitExtensions\\Attributes\\UnityPlatformAttribute.cs(56,33): error CS0246: The type or namespace name 'Test' could not be found (are you missing a using directive or an assembly reference?)\r\nLibrary\\PackageCache\\com.unity.test-framework@1.1.33\\UnityEngine.TestRunner\\NUnitExtensions\\Commands\\EnumerableRepeatedTestCommand.cs(28,46): error CS0246: The type or namespace name 'ITestExecutionContext' could not be found (are you missing a using directive or an assembly reference?)\r\nLibrary\\PackageCache\\com.unity.test-framework@1.1.33\\UnityEngine.TestRunner\\NUnitExtensions\\TestExtensions.cs(26,45): error CS0246: The type or namespace name 'ITest' could not be found (are you missing a using directive or an assembly reference?)\r\nLibrary\\PackageCache\\com.unity.test-framework@1.1.33\\UnityEngine.TestRunner\\NUnitExtensions\\IAsyncTestAssemblyBuilder.cs(10,21): error CS0246: The type or namespace name 'ITest' could not be found (are you missing a using directive or an assembly reference?)\r\nLibrary\\PackageCache\\com.unity.test-framework@1.1.33\\UnityEngine.TestRunner\\TestRunner\\RemoteHelpers\\RemoteTestResultDataFactory.cs(10,70): error CS0246: The type or namespace name 'ITestResult' could not be found (are you missing a using directive or an assembly reference?)\r\nLibrary\\PackageCache\\com.unity.test-framework@1.1.33\\UnityEngine.TestRunner\\TestRunner\\RemoteHelpers\\RemoteTestResultData.cs(31,39): error CS0246: The type or namespace name 'ITestResult' could not be found (are you missing a using directive or an assembly reference?)\r\nLibrary\\PackageCache\\com.unity.test-framework@1.1.33\\UnityEngine.TestRunner\\NUnitExtensions\\Commands\\EnumerableRetryTestCommand.cs(28,46): error CS0246: The type or namespace name 'ITestExecutionContext' could not be found (are you missing a using directive or an assembly reference?)\r\nLibrary\\PackageCache\\com.unity.test-framework@1.1.33\\UnityEngine.TestRunner\\NUnitExtensions\\Commands\\EnumerableApplyChangesToContextCommand.cs(13,55): error CS0246: The type or namespace name 'TestCommand' could not be found (are you missing a using directive or an assembly reference?)\r\nLibrary\\PackageCache\\com.unity.test-framework@1.1.33\\UnityEngine.TestRunner\\NUnitExtensions\\Commands\\EnumerableApplyChangesToContextCommand.cs(13,93): error CS0246: The type or namespace name 'IApplyToContext' could not be found (are you missing a using directive or an assembly reference?)\r\nLibrary\\PackageCache\\com.unity.test-framework@1.1.33\\UnityEngine.TestRunner\\NUnitExtensions\\Runner\\CoroutineTestWorkItem.cs(15,17): error CS0246: The type or namespace name 'TestCommand' could not be found (are you missing a using directive or an assembly reference?)\r\nLibrary\\PackageCache\\com.unity.test-framework@1.1.33\\UnityEngine.TestRunner\\TestRunner\\Callbacks\\RemoteTestResultSender.cs(37,32): error CS0246: The type or namespace name 'ITest' could not be found (are you missing a using directive or an assembly reference?)\r\nLibrary\\PackageCache\\com.unity.test-framework@1.1.33\\UnityEngine.TestRunner\\NUnitExtensions\\TestExtensions.cs(32,66): error CS0246: The type or namespace name 'ITest' could not be found (are you missing a using directive or an assembly reference?)\r\nLibrary\\PackageCache\\com.unity.test-framework@1.1.33\\UnityEngine.TestRunner\\TestRunner\\RemoteHelpers\\RemoteTestResultDataFactory.cs(21,64): error CS0246: The type or namespace name 'ITest' could not be found (are you missing a using directive or an assembly reference?)\r\nLibrary\\PackageCache\\com.unity.test-framework@1.1.33\\UnityEngine.TestRunner\\NUnitExtensions\\Attributes\\UnityTestAttribute.cs(79,20): error CS0246: The type or namespace name 'ISimpleTestBuilder' could not be found (are you missing a using directive or an assembly reference?)\r\nLibrary\\PackageCache\\com.unity.test-framework@1.1.33\\UnityEngine.TestRunner\\NUnitExtensions\\Attributes\\UnityTestAttribute.cs(96,33): error CS0246: The type or namespace name 'ITestBuilder' could not be found (are you missing a using directive or an assembly reference?)\r\nLibrary\\PackageCache\\com.unity.test-framework@1.1.33\\UnityEngine.TestRunner\\TestRunner\\SynchronousFilter.cs(11,16): error CS0246: The type or namespace name 'TNode' could not be found (are you missing a using directive or an assembly reference?)\r\nLibrary\\PackageCache\\com.unity.test-framework@1.1.33\\UnityEngine.TestRunner\\NUnitExtensions\\Commands\\EnumerableRepeatedTestCommand.cs(16,46): error CS0246: The type or namespace name 'RepeatAttribute' could not be found (are you missing a using directive or an assembly reference?)\r\nLibrary\\PackageCache\\com.unity.test-framework@1.1.33\\UnityEngine.TestRunner\\NUnitExtensions\\Runner\\FailCommand.cs(9,34): error CS0246: The type or namespace name 'TestCommand' could not be found (are you missing a using directive or an assembly reference?)\r\nLibrary\\PackageCache\\com.unity.test-framework@1.1.33\\UnityEngine.TestRunner\\NUnitExtensions\\Runner\\CompositeWorkItem.cs(265,34): error CS0246: The type or namespace name 'ResultState' could not be found (are you missing a using directive or an assembly reference?)\r\nLibrary\\PackageCache\\com.unity.test-framework@1.1.33\\UnityEngine.TestRunner\\NUnitExtensions\\Commands\\EnumerableTestMethodCommand.cs(16,50): error CS0246: The type or namespace name 'TestCommand' could not be found (are you missing a using directive or an assembly reference?)\r\nLibrary\\PackageCache\\com.unity.test-framework@1.1.33\\UnityEngine.TestRunner\\TestRunner\\RemoteHelpers\\RemoteTestResultDataFactory.cs(35,53): error CS0246: The type or namespace name 'ITest' could not be found (are you missing a using directive or an assembly reference?)\r\nLibrary\\PackageCache\\com.unity.test-framework@1.1.33\\UnityEngine.TestRunner\\NUnitExtensions\\Commands\\ImmediateEnumerableCommand.cs(9,49): error CS0246: The type or namespace name 'DelegatingTestCommand' could not be found (are you missing a using directive or an assembly reference?)\r\nLibrary\\PackageCache\\com.unity.test-framework@1.1.33\\UnityEngine.TestRunner\\NUnitExtensions\\Attributes\\UnityTestAttribute.cs(61,6): error CS0641: Attribute 'AttributeUsage' is only valid on classes derived from System.Attribute\r\nLibrary\\PackageCache\\com.unity.test-framework@1.1.33\\UnityEngine.TestRunner\\NUnitExtensions\\TestExtensions.cs(42,56): error CS0246: The type or namespace name 'ITest' could not be found (are you missing a using directive or an assembly reference?)\r\nLibrary\\PackageCache\\com.unity.test-framework@1.1.33\\UnityEngine.TestRunner\\TestRunner\\Callbacks\\TestResultRendererCallback.cs(8,32): error CS0246: The type or namespace name 'ITest' could not be found (are you missing a using directive or an assembly reference?)\r\nLibrary\\PackageCache\\com.unity.test-framework@1.1.33\\UnityEngine.TestRunner\\NUnitExtensions\\UnityTestAssemblyBuilder.cs(13,47): error CS0246: The type or namespace name 'DefaultTestAssemblyBuilder' could not be found (are you missing a using directive or an assembly reference?)\r\nLibrary\\PackageCache\\com.unity.test-framework@1.1.33\\UnityEngine.TestRunner\\TestRunner\\Callbacks\\TestResultRendererCallback.cs(12,33): error CS0246: The type or namespace name 'ITestResult' could not be found (are you missing a using directive or an assembly reference?)\r\nLibrary\\PackageCache\\com.unity.test-framework@1.1.33\\UnityEngine.TestRunner\\NUnitExtensions\\Commands\\EnumerableRetryTestCommand.cs(16,43): error CS0246: The type or namespace name 'RetryAttribute' could not be found (are you missing a using directive or an assembly reference?)\r\nLibrary\\PackageCache\\com.unity.test-framework@1.1.33\\UnityEngine.TestRunner\\TestRunner\\Callbacks\\RemoteTestResultSender.cs(50,33): error CS0246: The type or namespace name 'ITestResult' could not be found (are you missing a using directive or an assembly reference?)\r\nLibrary\\PackageCache\\com.unity.test-framework@1.1.33\\UnityEngine.TestRunner\\TestRunner\\Callbacks\\TestResultRendererCallback.cs(28,33): error CS0246: The type or namespace name 'ITest' could not be found (are you missing a using directive or an assembly reference?)\r\nLibrary\\PackageCache\\com.unity.test-framework@1.1.33\\UnityEngine.TestRunner\\TestRunner\\RemoteHelpers\\RemoteTestResultDataFactory.cs(43,72): error CS0246: The type or namespace name 'ITestResult' could not be found (are you missing a using directive or an assembly reference?)\r\nLibrary\\PackageCache\\com.unity.test-framework@1.1.33\\UnityEngine.TestRunner\\TestRunner\\SynchronousFilter.cs(16,31): error CS0246: The type or namespace name 'TNode' could not be found (are you missing a using directive or an assembly reference?)\r\nLibrary\\PackageCache\\com.unity.test-framework@1.1.33\\UnityEngine.TestRunner\\TestRunner\\SynchronousFilter.cs(16,16): error CS0246: The type or namespace name 'TNode' could not be found (are you missing a using directive or an assembly reference?)\r\nLibrary\\PackageCache\\com.unity.test-framework@1.1.33\\UnityEngine.TestRunner\\TestRunner\\Callbacks\\TestResultRendererCallback.cs(32,34): error CS0246: The type or namespace name 'ITestResult' could not be found (are you missing a using directive or an assembly reference?)\r\nLibrary\\PackageCache\\com.unity.test-framework@1.1.33\\UnityEngine.TestRunner\\NUnitExtensions\\Runner\\DefaultTestWorkItem.cs(21,17): error CS0246: The type or namespace name 'TestCommand' could not be found (are you missing a using directive or an assembly reference?)\r\nLibrary\\PackageCache\\com.unity.test-framework@1.1.33\\UnityEngine.TestRunner\\TestRunner\\Callbacks\\TestResultRenderer.cs(43,37): error CS0246: The type or namespace name 'ITestResult' could not be found (are you missing a using directive or an assembly reference?)\r\nLibrary\\PackageCache\\com.unity.test-framework@1.1.33\\UnityEngine.TestRunner\\NUnitExtensions\\TestExtensions.cs(63,46): error CS0246: The type or namespace name 'ITest' could not be found (are you missing a using directive or an assembly reference?)\r\nLibrary\\PackageCache\\com.unity.test-framework@1.1.33\\UnityEngine.TestRunner\\NUnitExtensions\\Runner\\CoroutineTestWorkItem.cs(30,38): error CS0246: The type or namespace name 'TestMethod' could not be found (are you missing a using directive or an assembly reference?)\r\nLibrary\\PackageCache\\com.unity.test-framework@1.1.33\\UnityEngine.TestRunner\\NUnitExtensions\\Runner\\CoroutineTestWorkItem.cs(30,55): error CS0246: The type or namespace name 'ITestFilter' could not be found (are you missing a using directive or an assembly reference?)\r\nLibrary\\PackageCache\\com.unity.test-framework@1.1.33\\UnityEngine.TestRunner\\NUnitExtensions\\Runner\\FailCommand.cs(21,44): error CS0246: The type or namespace name 'ITestExecutionContext' could not be found (are you missing a using directive or an assembly reference?)\r\nLibrary\\PackageCache\\com.unity.test-framework@1.1.33\\UnityEngine.TestRunner\\NUnitExtensions\\Runner\\FailCommand.cs(21,25): error CS0246: The type or namespace name 'TestResult' could not be found (are you missing a using directive or an assembly reference?)\r\nLibrary\\PackageCache\\com.unity.test-framework@1.1.33\\UnityEngine.TestRunner\\NUnitExtensions\\Commands\\TestActionCommand.cs(11,67): error CS0246: The type or namespace name 'ITestAction' could not be found (are you missing a using directive or an assembly reference?)\r\nLibrary\\PackageCache\\com.unity.test-framework@1.1.33\\UnityEngine.TestRunner\\NUnitExtensions\\Commands\\ImmediateEnumerableCommand.cs(11,43): error CS0246: The type or namespace name 'TestCommand' could not be found (are you missing a using directive or an assembly reference?)\r\nLibrary\\PackageCache\\com.unity.test-framework@1.1.33\\UnityEngine.TestRunner\\TestRunner\\SynchronousFilter.cs(21,26): error CS0246: The type or namespace name 'ITest' could not be found (are you missing a using directive or an assembly reference?)\r\nLibrary\\PackageCache\\com.unity.test-framework@1.1.33\\UnityEngine.TestRunner\\NUnitExtensions\\Commands\\BeforeAfterTestCommandBase.cs(76,63): error CS0246: The type or namespace name 'Test' could not be found (are you missing a using directive or an assembly reference?)\r\nLibrary\\PackageCache\\com.unity.test-framework@1.1.33\\UnityEngine.TestRunner\\TestRunner\\Callbacks\\RemoteTestResultSender.cs(59,33): error CS0246: The type or namespace name 'ITest' could not be found (are you missing a using directive or an assembly reference?)\r\nLibrary\\PackageCache\\com.unity.test-framework@1.1.33\\UnityEngine.TestRunner\\NUnitExtensions\\Runner\\FailCommand.cs(27,46): error CS0246: The type or namespace name 'ITestExecutionContext' could not be found (are you missing a using directive or an assembly reference?)\r\nLibrary\\PackageCache\\com.unity.test-framework@1.1.33\\UnityEngine.TestRunner\\NUnitExtensions\\TestExtensions.cs(69,47): error CS0246: The type or namespace name 'ITest' could not be found (are you missing a using directive or an assembly reference?)\r\nLibrary\\PackageCache\\com.unity.test-framework@1.1.33\\UnityEngine.TestRunner\\TestRunner\\Callbacks\\TestResultRenderer.cs(32,31): error CS0246: The type or namespace name 'ITestResult' could not be found (are you missing a using directive or an assembly reference?)\r\nLibrary\\PackageCache\\com.unity.test-framework@1.1.33\\UnityEngine.TestRunner\\NUnitExtensions\\Runner\\CompositeWorkItem.cs(271,35): error CS0246: The type or namespace name 'TestSuite' could not be found (are you missing a using directive or an assembly reference?)\r\nLibrary\\PackageCache\\com.unity.test-framework@1.1.33\\UnityEngine.TestRunner\\NUnitExtensions\\Runner\\CompositeWorkItem.cs(271,52): error CS0246: The type or namespace name 'ResultState' could not be found (are you missing a using directive or an assembly reference?)\r\nLibrary\\PackageCache\\com.unity.test-framework@1.1.33\\UnityEngine.TestRunner\\TestRunner\\SynchronousFilter.cs(46,37): error CS0246: The type or namespace name 'ITest' could not be found (are you missing a using directive or an assembly reference?)\r\nLibrary\\PackageCache\\com.unity.test-framework@1.1.33\\UnityEngine.TestRunner\\NUnitExtensions\\Commands\\EnumerableTestMethodCommand.cs(26,46): error CS0246: The type or namespace name 'ITestExecutionContext' could not be found (are you missing a using directive or an assembly reference?)\r\nLibrary\\PackageCache\\com.unity.test-framework@1.1.33\\UnityEngine.TestRunner\\NUnitExtensions\\Runner\\FailCommand.cs(11,17): error CS0246: The type or namespace name 'ResultState' could not be found (are you missing a using directive or an assembly reference?)\r\nLibrary\\PackageCache\\com.unity.test-framework@1.1.33\\UnityEngine.TestRunner\\NUnitExtensions\\Commands\\UnityTestMethodCommand.cs(8,45): error CS0246: The type or namespace name 'TestMethodCommand' could not be found (are you missing a using directive or an assembly reference?)\r\nLibrary\\PackageCache\\com.unity.test-framework@1.1.33\\UnityEngine.TestRunner\\NUnitExtensions\\Commands\\OuterUnityTestActionCommand.cs(23,83): error CS0246: The type or namespace name 'Test' could not be found (are you missing a using directive or an assembly reference?)\r\nLibrary\\PackageCache\\com.unity.test-framework@1.1.33\\UnityEngine.TestRunner\\NUnitExtensions\\Attributes\\UnityTestAttribute.cs(71,26): error CS0246: The type or namespace name 'NUnitTestCaseBuilder' could not be found (are you missing a using directive or an assembly reference?)\r\nLibrary\\PackageCache\\com.unity.test-framework@1.1.33\\UnityEngine.TestRunner\\NUnitExtensions\\Commands\\ImmediateEnumerableCommand.cs(14,44): error CS0246: The type or namespace name 'ITestExecutionContext' could not be found (are you missing a using directive or an assembly reference?)\r\nLibrary\\PackageCache\\com.unity.test-framework@1.1.33\\UnityEngine.TestRunner\\NUnitExtensions\\Commands\\ImmediateEnumerableCommand.cs(14,25): error CS0246: The type or namespace name 'TestResult' could not be found (are you missing a using directive or an assembly reference?)\r\nLibrary\\PackageCache\\com.unity.test-framework@1.1.33\\UnityEngine.TestRunner\\TestRunner\\Callbacks\\TestResultRenderer.cs(37,35): error CS0246: The type or namespace name 'ITestResult' could not be found (are you missing a using directive or an assembly reference?)\r\nLibrary\\PackageCache\\com.unity.test-framework@1.1.33\\UnityEngine.TestRunner\\NUnitExtensions\\TestExtensions.cs(75,39): error CS0246: The type or namespace name 'ITest' could not be found (are you missing a using directive or an assembly reference?)\r\nLibrary\\PackageCache\\com.unity.test-framework@1.1.33\\UnityEngine.TestRunner\\NUnitExtensions\\Commands\\BeforeAfterTestCommandBase.cs(85,76): error CS0246: The type or namespace name 'Test' could not be found (are you missing a using directive or an assembly reference?)\r\nLibrary\\PackageCache\\com.unity.test-framework@1.1.33\\UnityEngine.TestRunner\\NUnitExtensions\\Runner\\DefaultTestWorkItem.cs(22,36): error CS0246: The type or namespace name 'TestMethod' could not be found (are you missing a using directive or an assembly reference?)\r\nLibrary\\PackageCache\\com.unity.test-framework@1.1.33\\UnityEngine.TestRunner\\NUnitExtensions\\Runner\\DefaultTestWorkItem.cs(22,53): error CS0246: The type or namespace name 'ITestFilter' could not be found (are you missing a using directive or an assembly reference?)\r\nLibrary\\PackageCache\\com.unity.test-framework@1.1.33\\UnityEngine.TestRunner\\NUnitExtensions\\Commands\\EnumerableSetUpTearDownCommand.cs(31,77): error CS0246: The type or namespace name 'Test' could not be found (are you missing a using directive or an assembly reference?)\r\nLibrary\\PackageCache\\com.unity.test-framework@1.1.33\\UnityEngine.TestRunner\\TestRunner\\Callbacks\\RemoteTestResultSender.cs(72,34): error CS0246: The type or namespace name 'ITestResult' could not be found (are you missing a using directive or an assembly reference?)\r\nLibrary\\PackageCache\\com.unity.test-framework@1.1.33\\UnityEngine.TestRunner\\NUnitExtensions\\UnityTestAssemblyBuilder.cs(25,16): error CS0246: The type or namespace name 'ITest' could not be found (are you missing a using directive or an assembly reference?)\r\nLibrary\\PackageCache\\com.unity.test-framework@1.1.33\\UnityEngine.TestRunner\\NUnitExtensions\\Commands\\SetUpTearDownCommand.cs(32,72): error CS0246: The type or namespace name 'Test' could not be found (are you missing a using directive or an assembly reference?)\r\nLibrary\\PackageCache\\com.unity.test-framework@1.1.33\\UnityEngine.TestRunner\\NUnitExtensions\\Runner\\FailCommand.cs(14,28): error CS0246: The type or namespace name 'Test' could not be found (are you missing a using directive or an assembly reference?)\r\nLibrary\\PackageCache\\com.unity.test-framework@1.1.33\\UnityEngine.TestRunner\\NUnitExtensions\\Runner\\FailCommand.cs(14,39): error CS0246: The type or namespace name 'ResultState' could not be found (are you missing a using directive or an assembly reference?)\r\nLibrary\\PackageCache\\com.unity.test-framework@1.1.33\\UnityEngine.TestRunner\\NUnitExtensions\\Runner\\UnityLogCheckDelegatingCommand.cs(14,44): error CS0246: The type or namespace name 'DelegatingTestCommand' could not be found (are you missing a using directive or an assembly reference?)\r\nLibrary\\PackageCache\\com.unity.test-framework@1.1.33\\UnityEngine.TestRunner\\NUnitExtensions\\Commands\\BeforeAfterTestCommandBase.cs(78,62): error CS0246: The type or namespace name 'Test' could not be found (are you missing a using directive or an assembly reference?)\r\nLibrary\\PackageCache\\com.unity.test-framework@1.1.33\\UnityEngine.TestRunner\\NUnitExtensions\\TestExtensions.cs(89,49): error CS0246: The type or namespace name 'ITest' could not be found (are you missing a using directive or an assembly reference?)\r\nLibrary\\PackageCache\\com.unity.test-framework@1.1.33\\UnityEngine.TestRunner\\NUnitExtensions\\Commands\\UnityTestMethodCommand.cs(10,39): error CS0246: The type or namespace name 'TestMethod' could not be found (are you missing a using directive or an assembly reference?)\r\nLibrary\\PackageCache\\com.unity.test-framework@1.1.33\\UnityEngine.TestRunner\\NUnitExtensions\\Runner\\WorkItemFactory.cs(26,49): error CS0246: The type or namespace name 'TestMethod' could not be found (are you missing a using directive or an assembly reference?)\r\nLibrary\\PackageCache\\com.unity.test-framework@1.1.33\\UnityEngine.TestRunner\\NUnitExtensions\\Runner\\WorkItemFactory.cs(26,68): error CS0246: The type or namespace name 'ITestFilter' could not be found (are you missing a using directive or an assembly reference?)\r\nLibrary\\PackageCache\\com.unity.test-framework@1.1.33\\UnityEngine.TestRunner\\NUnitExtensions\\Runner\\WorkItemFactory.cs(26,88): error CS0246: The type or namespace name 'ITest' could not be found (are you missing a using directive or an assembly reference?)\r\nLibrary\\PackageCache\\com.unity.test-framework@1.1.33\\UnityEngine.TestRunner\\NUnitExtensions\\Commands\\TestActionCommand.cs(25,53): error CS0246: The type or namespace name 'ITestAction' could not be found (are you missing a using directive or an assembly reference?)\r\nLibrary\\PackageCache\\com.unity.test-framework@1.1.33\\UnityEngine.TestRunner\\NUnitExtensions\\Commands\\TestActionCommand.cs(25,73): error CS0246: The type or namespace name 'Test' could not be found (are you missing a using directive or an assembly reference?)\r\nLibrary\\PackageCache\\com.unity.test-framework@1.1.33\\UnityEngine.TestRunner\\NUnitExtensions\\Runner\\PlaymodeWorkItemFactory.cs(8,49): error CS0246: The type or namespace name 'TestMethod' could not be found (are you missing a using directive or an assembly reference?)\r\nLibrary\\PackageCache\\com.unity.test-framework@1.1.33\\UnityEngine.TestRunner\\NUnitExtensions\\Runner\\PlaymodeWorkItemFactory.cs(8,68): error CS0246: The type or namespace name 'ITestFilter' could not be found (are you missing a using directive or an assembly reference?)\r\nLibrary\\PackageCache\\com.unity.test-framework@1.1.33\\UnityEngine.TestRunner\\NUnitExtensions\\Runner\\PlaymodeWorkItemFactory.cs(8,88): error CS0246: The type or namespace name 'ITest' could not be found (are you missing a using directive or an assembly reference?)\r\nLibrary\\PackageCache\\com.unity.test-framework@1.1.33\\UnityEngine.TestRunner\\Utils\\IOuterUnityTestAction.cs(14,32): error CS0246: The type or namespace name 'ITest' could not be found (are you missing a using directive or an assembly reference?)\r\nLibrary\\PackageCache\\com.unity.test-framework@1.1.33\\UnityEngine.TestRunner\\NUnitExtensions\\TestExtensions.cs(105,47): error CS0246: The type or namespace name 'ITest' could not be found (are you missing a using directive or an assembly reference?)\r\nLibrary\\PackageCache\\com.unity.test-framework@1.1.33\\UnityEngine.TestRunner\\NUnitExtensions\\UnityTestAssemblyBuilder.cs(35,28): error CS0246: The type or namespace name 'ITest' could not be found (are you missing a using directive or an assembly reference?)\r\nLibrary\\PackageCache\\com.unity.test-framework@1.1.33\\UnityEngine.TestRunner\\Utils\\IOuterUnityTestAction.cs(19,31): error CS0246: The type or namespace name 'ITest' could not be found (are you missing a using directive or an assembly reference?)\r\nLibrary\\PackageCache\\com.unity.test-framework@1.1.33\\UnityEngine.TestRunner\\NUnitExtensions\\Commands\\UnityTestMethodCommand.cs(13,44): error CS0246: The type or namespace name 'ITestExecutionContext' could not be found (are you missing a using directive or an assembly reference?)\r\nLibrary\\PackageCache\\com.unity.test-framework@1.1.33\\UnityEngine.TestRunner\\NUnitExtensions\\Commands\\UnityTestMethodCommand.cs(13,25): error CS0246: The type or namespace name 'TestResult' could not be found (are you missing a using directive or an assembly reference?)\r\nLibrary\\PackageCache\\com.unity.test-framework@1.1.33\\UnityEngine.TestRunner\\NUnitExtensions\\Runner\\CompositeWorkItem.cs(19,26): error CS0246: The type or namespace name 'TestSuite' could not be found (are you missing a using directive or an assembly reference?)\r\nLibrary\\PackageCache\\com.unity.test-framework@1.1.33\\UnityEngine.TestRunner\\NUnitExtensions\\Commands\\BeforeAfterTestCommandBase.cs(80,77): error CS0246: The type or namespace name 'Test' could not be found (are you missing a using directive or an assembly reference?)\r\nLibrary\\PackageCache\\com.unity.test-framework@1.1.33\\UnityEngine.TestRunner\\NUnitExtensions\\Commands\\SetUpTearDownCommand.cs(39,71): error CS0246: The type or namespace name 'Test' could not be found (are you missing a using directive or an assembly reference?)\r\nLibrary\\PackageCache\\com.unity.test-framework@1.1.33\\UnityEngine.TestRunner\\NUnitExtensions\\Commands\\EnumerableSetUpTearDownCommand.cs(37,78): error CS0246: The type or namespace name 'Test' could not be found (are you missing a using directive or an assembly reference?)\r\nLibrary\\PackageCache\\com.unity.test-framework@1.1.33\\UnityEngine.TestRunner\\NUnitExtensions\\TestExtensions.cs(122,61): error CS0246: The type or namespace name 'ITest' could not be found (are you missing a using directive or an assembly reference?)\r\nLibrary\\PackageCache\\com.unity.test-framework@1.1.33\\UnityEngine.TestRunner\\NUnitExtensions\\Commands\\EnumerableTestMethodCommand.cs(130,44): error CS0246: The type or namespace name 'ITestExecutionContext' could not be found (are you missing a using directive or an assembly reference?)\r\nLibrary\\PackageCache\\com.unity.test-framework@1.1.33\\UnityEngine.TestRunner\\NUnitExtensions\\Commands\\EnumerableTestMethodCommand.cs(130,25): error CS0246: The type or namespace name 'TestResult' could not be found (are you missing a using directive or an assembly reference?)\r\nLibrary\\PackageCache\\com.unity.test-framework@1.1.33\\UnityEngine.TestRunner\\NUnitExtensions\\Runner\\TestCommandBuilder.cs(14,52): error CS0246: The type or namespace name 'TestMethod' could not be found (are you missing a using directive or an assembly reference?)\r\nLibrary\\PackageCache\\com.unity.test-framework@1.1.33\\UnityEngine.TestRunner\\NUnitExtensions\\Runner\\TestCommandBuilder.cs(14,69): error CS0246: The type or namespace name 'ITestFilter' could not be found (are you missing a using directive or an assembly reference?)\r\nLibrary\\PackageCache\\com.unity.test-framework@1.1.33\\UnityEngine.TestRunner\\NUnitExtensions\\Runner\\TestCommandBuilder.cs(14,23): error CS0246: The type or namespace name 'TestCommand' could not be found (are you missing a using directive or an assembly reference?)\r\nLibrary\\PackageCache\\com.unity.test-framework@1.1.33\\UnityEngine.TestRunner\\NUnitExtensions\\Runner\\UnityTestExecutionContext.cs(14,48): error CS0246: The type or namespace name 'ITestExecutionContext' could not be found (are you missing a using directive or an assembly reference?)\r\nLibrary\\PackageCache\\com.unity.test-framework@1.1.33\\UnityEngine.TestRunner\\NUnitExtensions\\TestExtensions.cs(137,45): error CS0246: The type or namespace name 'ITest' could not be found (are you missing a using directive or an assembly reference?)\r\nLibrary\\PackageCache\\com.unity.test-framework@1.1.33\\UnityEngine.TestRunner\\NUnitExtensions\\Runner\\UnityWorkItem.cs(25,16): error CS0246: The type or namespace name 'Test' could not be found (are you missing a using directive or an assembly reference?)\r\nLibrary\\PackageCache\\com.unity.test-framework@1.1.33\\UnityEngine.TestRunner\\NUnitExtensions\\Commands\\TestActionCommand.cs(31,52): error CS0246: The type or namespace name 'ITestAction' could not be found (are you missing a using directive or an assembly reference?)\r\nLibrary\\PackageCache\\com.unity.test-framework@1.1.33\\UnityEngine.TestRunner\\NUnitExtensions\\Commands\\TestActionCommand.cs(31,72): error CS0246: The type or namespace name 'Test' could not be found (are you missing a using directive or an assembly reference?)\r\nLibrary\\PackageCache\\com.unity.test-framework@1.1.33\\UnityEngine.TestRunner\\NUnitExtensions\\Runner\\CompositeWorkItem.cs(20,26): error CS0246: The type or namespace name 'TestSuiteResult' could not be found (are you missing a using directive or an assembly reference?)\r\nLibrary\\PackageCache\\com.unity.test-framework@1.1.33\\UnityEngine.TestRunner\\NUnitExtensions\\Commands\\EnumerableTestMethodCommand.cs(18,26): error CS0246: The type or namespace name 'TestMethod' could not be found (are you missing a using directive or an assembly reference?)\r\nLibrary\\PackageCache\\com.unity.test-framework@1.1.33\\UnityEngine.TestRunner\\NUnitExtensions\\TestExtensions.cs(142,49): error CS0246: The type or namespace name 'ITest' could not be found (are you missing a using directive or an assembly reference?)\r\nLibrary\\PackageCache\\com.unity.test-framework@1.1.33\\UnityEngine.TestRunner\\NUnitExtensions\\Runner\\TestCommandBuilder.cs(105,50): error CS0246: The type or namespace name 'TestMethod' could not be found (are you missing a using directive or an assembly reference?)\r\nLibrary\\PackageCache\\com.unity.test-framework@1.1.33\\UnityEngine.TestRunner\\NUnitExtensions\\Runner\\UnityTestAssemblyRunner.cs(17,9): error CS0246: The type or namespace name 'ITest' could not be found (are you missing a using directive or an assembly reference?)\r\nLibrary\\PackageCache\\com.unity.test-framework@1.1.33\\UnityEngine.TestRunner\\NUnitExtensions\\Commands\\BeforeAfterTestCommandBase.cs(92,46): error CS0246: The type or namespace name 'ITestExecutionContext' could not be found (are you missing a using directive or an assembly reference?)\r\nLibrary\\PackageCache\\com.unity.test-framework@1.1.33\\UnityEngine.TestRunner\\NUnitExtensions\\Commands\\EnumerableSetUpTearDownCommand.cs(43,72): error CS0246: The type or namespace name 'Test' could not be found (are you missing a using directive or an assembly reference?)\r\nLibrary\\PackageCache\\com.unity.test-framework@1.1.33\\UnityEngine.TestRunner\\NUnitExtensions\\Commands\\OuterUnityTestActionCommand.cs(28,82): error CS0246: The type or namespace name 'Test' could not be found (are you missing a using directive or an assembly reference?)\r\nLibrary\\PackageCache\\com.unity.test-framework@1.1.33\\UnityEngine.TestRunner\\NUnitExtensions\\Runner\\UnityLogCheckDelegatingCommand.cs(21,44): error CS0246: The type or namespace name 'ITestExecutionContext' could not be found (are you missing a using directive or an assembly reference?)\r\nLibrary\\PackageCache\\com.unity.test-framework@1.1.33\\UnityEngine.TestRunner\\NUnitExtensions\\Runner\\UnityLogCheckDelegatingCommand.cs(21,25): error CS0246: The type or namespace name 'TestResult' could not be found (are you missing a using directive or an assembly reference?)\r\nLibrary\\PackageCache\\com.unity.test-framework@1.1.33\\UnityEngine.TestRunner\\NUnitExtensions\\Runner\\UnityWorkItem.cs(27,16): error CS0246: The type or namespace name 'TestResult' could not be found (are you missing a using directive or an assembly reference?)\r\nLibrary\\PackageCache\\com.unity.test-framework@1.1.33\\UnityEngine.TestRunner\\NUnitExtensions\\Runner\\UnityTestAssemblyRunner.cs(42,16): error CS0246: The type or namespace name 'ITest' could not be found (are you missing a using directive or an assembly reference?)\r\nLibrary\\PackageCache\\com.unity.test-framework@1.1.33\\UnityEngine.TestRunner\\NUnitExtensions\\TestExtensions.cs(150,47): error CS0246: The type or namespace name 'ITest' could not be found (are you missing a using directive or an assembly reference?)\r\nLibrary\\PackageCache\\com.unity.test-framework@1.1.33\\UnityEngine.TestRunner\\NUnitExtensions\\Commands\\EnumerableTestMethodCommand.cs(20,44): error CS0246: The type or namespace name 'TestMethod' could not be found (are you missing a using directive or an assembly reference?)\r\nLibrary\\PackageCache\\com.unity.test-framework@1.1.33\\UnityEngine.TestRunner\\NUnitExtensions\\Runner\\CompositeWorkItem.cs(21,26): error CS0246: The type or namespace name 'ITestFilter' could not be found (are you missing a using directive or an assembly reference?)\r\nLibrary\\PackageCache\\com.unity.test-framework@1.1.33\\UnityEngine.TestRunner\\NUnitExtensions\\Runner\\UnityTestAssemblyRunner.cs(18,9): error CS0246: The type or namespace name 'ITestResult' could not be found (are you missing a using directive or an assembly reference?)\r\nLibrary\\PackageCache\\com.unity.test-framework@1.1.33\\UnityEngine.TestRunner\\NUnitExtensions\\Runner\\TestCommandBuilder.cs(114,68): error CS0246: The type or namespace name 'TestCommand' could not be found (are you missing a using directive or an assembly reference?)\r\nLibrary\\PackageCache\\com.unity.test-framework@1.1.33\\UnityEngine.TestRunner\\NUnitExtensions\\Runner\\TestCommandBuilder.cs(114,24): error CS0246: The type or namespace name 'TestCommand' could not be found (are you missing a using directive or an assembly reference?)\r\nLibrary\\PackageCache\\com.unity.test-framework@1.1.33\\UnityEngine.TestRunner\\NUnitExtensions\\Runner\\WorkItemFactory.cs(9,37): error CS0246: The type or namespace name 'ITest' could not be found (are you missing a using directive or an assembly reference?)\r\nLibrary\\PackageCache\\com.unity.test-framework@1.1.33\\UnityEngine.TestRunner\\NUnitExtensions\\Runner\\WorkItemFactory.cs(9,55): error CS0246: The type or namespace name 'ITestFilter' could not be found (are you missing a using directive or an assembly reference?)\r\nLibrary\\PackageCache\\com.unity.test-framework@1.1.33\\UnityEngine.TestRunner\\NUnitExtensions\\TestExtensions.cs(158,53): error CS0246: The type or namespace name 'ITest' could not be found (are you missing a using directive or an assembly reference?)\r\nLibrary\\PackageCache\\com.unity.test-framework@1.1.33\\UnityEngine.TestRunner\\NUnitExtensions\\Attributes\\UnityTestAttribute.cs(79,49): error CS0246: The type or namespace name 'IMethodInfo' could not be found (are you missing a using directive or an assembly reference?)\r\nLibrary\\PackageCache\\com.unity.test-framework@1.1.33\\UnityEngine.TestRunner\\NUnitExtensions\\Attributes\\UnityTestAttribute.cs(79,69): error CS0246: The type or namespace name 'Test' could not be found (are you missing a using directive or an assembly reference?)\r\nLibrary\\PackageCache\\com.unity.test-framework@1.1.33\\UnityEngine.TestRunner\\NUnitExtensions\\Attributes\\UnityTestAttribute.cs(79,9): error CS0246: The type or namespace name 'TestMethod' could not be found (are you missing a using directive or an assembly reference?)\r\nLibrary\\PackageCache\\com.unity.test-framework@1.1.33\\UnityEngine.TestRunner\\NUnitExtensions\\Attributes\\UnityTestAttribute.cs(79,20): error CS0538: 'ISimpleTestBuilder' in explicit interface declaration is not an interface\r\nLibrary\\PackageCache\\com.unity.test-framework@1.1.33\\UnityEngine.TestRunner\\NUnitExtensions\\Runner\\UnityLogCheckDelegatingCommand.cs(32,46): error CS0246: The type or namespace name 'ITestExecutionContext' could not be found (are you missing a using directive or an assembly reference?)\r\nLibrary\\PackageCache\\com.unity.test-framework@1.1.33\\UnityEngine.TestRunner\\NUnitExtensions\\Runner\\UnityWorkItem.cs(29,16): error CS0246: The type or namespace name 'WorkItemState' could not be found (are you missing a using directive or an assembly reference?)\r\nLibrary\\PackageCache\\com.unity.test-framework@1.1.33\\UnityEngine.TestRunner\\NUnitExtensions\\Runner\\UnityTestAssemblyRunner.cs(44,16): error CS0246: The type or namespace name 'ITestResult' could not be found (are you missing a using directive or an assembly reference?)\r\nLibrary\\PackageCache\\com.unity.test-framework@1.1.33\\UnityEngine.TestRunner\\NUnitExtensions\\TestExtensions.cs(166,55): error CS0246: The type or namespace name 'ITest' could not be found (are you missing a using directive or an assembly reference?)\r\nLibrary\\PackageCache\\com.unity.test-framework@1.1.33\\UnityEngine.TestRunner\\NUnitExtensions\\Commands\\EnumerableSetUpTearDownCommand.cs(48,71): error CS0246: The type or namespace name 'Test' could not be found (are you missing a using directive or an assembly reference?)\r\nLibrary\\PackageCache\\com.unity.test-framework@1.1.33\\UnityEngine.TestRunner\\NUnitExtensions\\Runner\\CompositeWorkItem.cs(22,17): error CS0246: The type or namespace name 'TestCommand' could not be found (are you missing a using directive or an assembly reference?)\r\nLibrary\\PackageCache\\com.unity.test-framework@1.1.33\\UnityEngine.TestRunner\\NUnitExtensions\\Commands\\BeforeAfterTestCommandBase.cs(262,44): error CS0246: The type or namespace name 'ITestExecutionContext' could not be found (are you missing a using directive or an assembly reference?)\r\nLibrary\\PackageCache\\com.unity.test-framework@1.1.33\\UnityEngine.TestRunner\\NUnitExtensions\\Commands\\BeforeAfterTestCommandBase.cs(262,25): error CS0246: The type or namespace name 'TestResult' could not be found (are you missing a using directive or an assembly reference?)\r\nLibrary\\PackageCache\\com.unity.test-framework@1.1.33\\UnityEngine.TestRunner\\NUnitExtensions\\Commands\\EnumerableTestMethodCommand.cs(105,30): error CS0246: The type or namespace name 'ITestExecutionContext' could not be found (are you missing a using directive or an assembly reference?)\r\nLibrary\\PackageCache\\com.unity.test-framework@1.1.33\\UnityEngine.TestRunner\\NUnitExtensions\\Runner\\UnityWorkItem.cs(31,21): error CS0246: The type or namespace name 'ITestAction' could not be found (are you missing a using directive or an assembly reference?)\r\nLibrary\\PackageCache\\com.unity.test-framework@1.1.33\\UnityEngine.TestRunner\\NUnitExtensions\\Runner\\UnityTestExecutionContext.cs(17,17): error CS0246: The type or namespace name 'TestResult' could not be found (are you missing a using directive or an assembly reference?)\r\nLibrary\\PackageCache\\com.unity.test-framework@1.1.33\\UnityEngine.TestRunner\\NUnitExtensions\\Runner\\CompositeWorkItem.cs(23,17): error CS0246: The type or namespace name 'TestCommand' could not be found (are you missing a using directive or an assembly reference?)\r\nLibrary\\PackageCache\\com.unity.test-framework@1.1.33\\UnityEngine.TestRunner\\NUnitExtensions\\Runner\\UnityTestAssemblyRunner.cs(24,9): error CS0246: The type or namespace name 'ITest' could not be found (are you missing a using directive or an assembly reference?)\r\nLibrary\\PackageCache\\com.unity.test-framework@1.1.33\\UnityEngine.TestRunner\\NUnitExtensions\\Commands\\EnumerableTestMethodCommand.cs(107,38): error CS0246: The type or namespace name 'ITestExecutionContext' could not be found (are you missing a using directive or an assembly reference?)\r\nLibrary\\PackageCache\\com.unity.test-framework@1.1.33\\UnityEngine.TestRunner\\NUnitExtensions\\Commands\\BeforeAfterTestCommandBase.cs(268,47): error CS0246: The type or namespace name 'ITestExecutionContext' could not be found (are you missing a using directive or an assembly reference?)\r\nLibrary\\PackageCache\\com.unity.test-framework@1.1.33\\UnityEngine.TestRunner\\NUnitExtensions\\Attributes\\UnityTestAttribute.cs(96,56): error CS0246: The type or namespace name 'IMethodInfo' could not be found (are you missing a using directive or an assembly reference?)\r\nLibrary\\PackageCache\\com.unity.test-framework@1.1.33\\UnityEngine.TestRunner\\NUnitExtensions\\Attributes\\UnityTestAttribute.cs(96,76): error CS0246: The type or namespace name 'Test' could not be found (are you missing a using directive or an assembly reference?)\r\nLibrary\\PackageCache\\com.unity.test-framework@1.1.33\\UnityEngine.TestRunner\\NUnitExtensions\\Attributes\\UnityTestAttribute.cs(96,21): error CS0246: The type or namespace name 'TestMethod' could not be found (are you missing a using directive or an assembly reference?)\r\nLibrary\\PackageCache\\com.unity.test-framework@1.1.33\\UnityEngine.TestRunner\\NUnitExtensions\\Attributes\\UnityTestAttribute.cs(96,33): error CS0538: 'ITestBuilder' in explicit interface declaration is not an interface\r\nLibrary\\PackageCache\\com.unity.test-framework@1.1.33\\UnityEngine.TestRunner\\NUnitExtensions\\Commands\\TestActionCommand.cs(13,53): error CS0246: The type or namespace name 'ITestAction' could not be found (are you missing a using directive or an assembly reference?)\r\nLibrary\\PackageCache\\com.unity.test-framework@1.1.33\\UnityEngine.TestRunner\\NUnitExtensions\\Commands\\OuterUnityTestActionCommand.cs(13,44): error CS0246: The type or namespace name 'TestCommand' could not be found (are you missing a using directive or an assembly reference?)\r\nLibrary\\PackageCache\\com.unity.test-framework@1.1.33\\UnityEngine.TestRunner\\NUnitExtensions\\Runner\\UnityLogCheckDelegatingCommand.cs(65,38): error CS0246: The type or namespace name 'TestResult' could not be found (are you missing a using directive or an assembly reference?)\r\nLibrary\\PackageCache\\com.unity.test-framework@1.1.33\\UnityEngine.TestRunner\\NUnitExtensions\\Runner\\UnityWorkItem.cs(44,45): error CS0246: The type or namespace name 'ITest' could not be found (are you missing a using directive or an assembly reference?)\r\nLibrary\\PackageCache\\com.unity.test-framework@1.1.33\\UnityEngine.TestRunner\\NUnitExtensions\\Commands\\SetUpTearDownCommand.cs(19,37): error CS0246: The type or namespace name 'TestCommand' could not be found (are you missing a using directive or an assembly reference?)\r\nLibrary\\PackageCache\\com.unity.test-framework@1.1.33\\UnityEngine.TestRunner\\NUnitExtensions\\Commands\\TestActionCommand.cs(15,34): error CS0246: The type or namespace name 'TestCommand' could not be found (are you missing a using directive or an assembly reference?)\r\nLibrary\\PackageCache\\com.unity.test-framework@1.1.33\\UnityEngine.TestRunner\\NUnitExtensions\\Commands\\EnumerableSetUpTearDownCommand.cs(18,47): error CS0246: The type or namespace name 'TestCommand' could not be found (are you missing a using directive or an assembly reference?)\r\nLibrary\\PackageCache\\com.unity.test-framework@1.1.33\\UnityEngine.TestRunner\\NUnitExtensions\\Runner\\UnityTestExecutionContext.cs(24,16): error CS0246: The type or namespace name 'Test' could not be found (are you missing a using directive or an assembly reference?)\r\nLibrary\\PackageCache\\com.unity.test-framework@1.1.33\\UnityEngine.TestRunner\\NUnitExtensions\\Commands\\BeforeAfterTestCommandBase.cs(22,46): error CS0246: The type or namespace name 'TestCommand' could not be found (are you missing a using directive or an assembly reference?)\r\nLibrary\\PackageCache\\com.unity.test-framework@1.1.33\\UnityEngine.TestRunner\\NUnitExtensions\\Runner\\UnityLogCheckDelegatingCommand.cs(79,59): error CS0246: The type or namespace name 'TestResult' could not be found (are you missing a using directive or an assembly reference?)\r\nLibrary\\PackageCache\\com.unity.test-framework@1.1.33\\UnityEngine.TestRunner\\NUnitExtensions\\Attributes\\UnityTestAttribute.cs(108,37): error CS0246: The type or namespace name 'IMethodInfo' could not be found (are you missing a using directive or an assembly reference?)\r\nLibrary\\PackageCache\\com.unity.test-framework@1.1.33\\UnityEngine.TestRunner\\NUnitExtensions\\Attributes\\UnityTestAttribute.cs(108,57): error CS0246: The type or namespace name 'Test' could not be found (are you missing a using directive or an assembly reference?)\r\nLibrary\\PackageCache\\com.unity.test-framework@1.1.33\\UnityEngine.TestRunner\\NUnitExtensions\\Attributes\\UnityTestAttribute.cs(108,9): error CS0246: The type or namespace name 'TestMethod' could not be found (are you missing a using directive or an assembly reference?)\r\nLibrary\\PackageCache\\com.unity.test-framework@1.1.33\\UnityEngine.TestRunner\\NUnitExtensions\\Runner\\UnityWorkItem.cs(33,33): error CS0246: The type or namespace name 'Test' could not be found (are you missing a using directive or an assembly reference?)\r\nLibrary\\PackageCache\\com.unity.test-framework@1.1.33\\UnityEngine.TestRunner\\NUnitExtensions\\Runner\\CompositeWorkItem.cs(31,34): error CS0246: The type or namespace name 'TestSuite' could not be found (are you missing a using directive or an assembly reference?)\r\nLibrary\\PackageCache\\com.unity.test-framework@1.1.33\\UnityEngine.TestRunner\\NUnitExtensions\\Runner\\CompositeWorkItem.cs(31,51): error CS0246: The type or namespace name 'ITestFilter' could not be found (are you missing a using directive or an assembly reference?)\r\nLibrary\\PackageCache\\com.unity.test-framework@1.1.33\\UnityEngine.TestRunner\\NUnitExtensions\\Runner\\UnityTestAssemblyRunner.cs(70,16): error CS0246: The type or namespace name 'ITest' could not be found (are you missing a using directive or an assembly reference?)\r\nLibrary\\PackageCache\\com.unity.test-framework@1.1.33\\UnityEngine.TestRunner\\NUnitExtensions\\Runner\\UnityTestExecutionContext.cs(27,16): error CS0246: The type or namespace name 'TestResult' could not be found (are you missing a using directive or an assembly reference?)\r\nLibrary\\PackageCache\\com.unity.test-framework@1.1.33\\UnityEngine.TestRunner\\NUnitExtensions\\Runner\\UnityTestAssemblyRunner.cs(25,25): error CS0246: The type or namespace name 'ITestListener' could not be found (are you missing a using directive or an assembly reference?)\r\nLibrary\\PackageCache\\com.unity.test-framework@1.1.33\\UnityEngine.TestRunner\\NUnitExtensions\\Runner\\UnityTestAssemblyRunner.cs(25,49): error CS0246: The type or namespace name 'ITestFilter' could not be found (are you missing a using directive or an assembly reference?)\r\nLibrary\\PackageCache\\com.unity.test-framework@1.1.33\\UnityEngine.TestRunner\\NUnitExtensions\\Attributes\\UnityTestAttribute.cs(120,44): error CS0246: The type or namespace name 'TestMethod' could not be found (are you missing a using directive or an assembly reference?)\r\nLibrary\\PackageCache\\com.unity.test-framework@1.1.33\\UnityEngine.TestRunner\\NUnitExtensions\\Attributes\\UnityTestAttribute.cs(128,51): error CS0246: The type or namespace name 'IMethodInfo' could not be found (are you missing a using directive or an assembly reference?)\r\nLibrary\\PackageCache\\com.unity.test-framework@1.1.33\\UnityEngine.TestRunner\\NUnitExtensions\\Runner\\UnityLogCheckDelegatingCommand.cs(82,59): error CS0246: The type or namespace name 'TestCommand' could not be found (are you missing a using directive or an assembly reference?)\r\nLibrary\\PackageCache\\com.unity.test-framework@1.1.33\\UnityEngine.TestRunner\\NUnitExtensions\\Runner\\UnityLogCheckDelegatingCommand.cs(82,80): error CS0246: The type or namespace name 'TestResult' could not be found (are you missing a using directive or an assembly reference?)\r\nLibrary\\PackageCache\\com.unity.test-framework@1.1.33\\UnityEngine.TestRunner\\NUnitExtensions\\Runner\\UnityTestExecutionContext.cs(42,17): error CS0246: The type or namespace name 'TestExecutionStatus' could not be found (are you missing a using directive or an assembly reference?)\r\nLibrary\\PackageCache\\com.unity.test-framework@1.1.33\\UnityEngine.TestRunner\\NUnitExtensions\\Attributes\\UnityTestAttribute.cs(138,37): error CS0246: The type or namespace name 'Test' could not be found (are you missing a using directive or an assembly reference?)\r\nLibrary\\PackageCache\\com.unity.test-framework@1.1.33\\UnityEngine.TestRunner\\NUnitExtensions\\Runner\\UnityTestExecutionContext.cs(43,16): error CS0246: The type or namespace name 'TestExecutionStatus' could not be found (are you missing a using directive or an assembly reference?)\r\nLibrary\\PackageCache\\com.unity.test-framework@1.1.33\\UnityEngine.TestRunner\\NUnitExtensions\\Runner\\UnityLogCheckDelegatingCommand.cs(88,31): error CS0246: The type or namespace name 'TestResult' could not be found (are you missing a using directive or an assembly reference?)\r\nLibrary\\PackageCache\\com.unity.test-framework@1.1.33\\UnityEngine.TestRunner\\NUnitExtensions\\Runner\\UnityTestAssemblyRunner.cs(82,32): error CS0246: The type or namespace name 'ITestListener' could not be found (are you missing a using directive or an assembly reference?)\r\nLibrary\\PackageCache\\com.unity.test-framework@1.1.33\\UnityEngine.TestRunner\\NUnitExtensions\\Runner\\UnityTestAssemblyRunner.cs(82,56): error CS0246: The type or namespace name 'ITestFilter' could not be found (are you missing a using directive or an assembly reference?)\r\nLibrary\\PackageCache\\com.unity.test-framework@1.1.33\\UnityEngine.TestRunner\\NUnitExtensions\\Runner\\UnityTestExecutionContext.cs(64,21): error CS0246: The type or namespace name 'ITestAction' could not be found (are you missing a using directive or an assembly reference?)\r\nLibrary\\PackageCache\\com.unity.test-framework@1.1.33\\UnityEngine.TestRunner\\NUnitExtensions\\Runner\\UnityLogCheckDelegatingCommand.cs(103,57): error CS0246: The type or namespace name 'TestResult' could not be found (are you missing a using directive or an assembly reference?)\r\nLibrary\\PackageCache\\com.unity.test-framework@1.1.33\\UnityEngine.TestRunner\\NUnitExtensions\\Runner\\UnityTestExecutionContext.cs(68,16): error CS0246: The type or namespace name 'ITestListener' could not be found (are you missing a using directive or an assembly reference?)\r\nLibrary\\PackageCache\\com.unity.test-framework@1.1.33\\UnityEngine.TestRunner\\NUnitExtensions\\Runner\\UnityLogCheckDelegatingCommand.cs(18,47): error CS0246: The type or namespace name 'TestCommand' could not be found (are you missing a using directive or an assembly reference?)\r\nLibrary\\PackageCache\\com.unity.test-framework@1.1.33\\UnityEngine.TestRunner\\NUnitExtensions\\Runner\\UnityTestExecutionContext.cs(101,16): error CS0246: The type or namespace name 'IWorkItemDispatcher' could not be found (are you missing a using directive or an assembly reference?)\r\nLibrary\\PackageCache\\com.unity.test-framework@1.1.33\\UnityEngine.TestRunner\\NUnitExtensions\\Runner\\UnityTestExecutionContext.cs(103,16): error CS0246: The type or namespace name 'ParallelScope' could not be found (are you missing a using directive or an assembly reference?)\r\nLibrary\\PackageCache\\com.unity.test-framework@1.1.33\\UnityEngine.TestRunner\\NUnitExtensions\\Runner\\UnityTestExecutionContext.cs(105,16): error CS0246: The type or namespace name 'Randomizer' could not be found (are you missing a using directive or an assembly reference?)\r\nLibrary\\PackageCache\\com.unity.test-framework@1.1.33\\UnityEngine.TestRunner\\NUnitExtensions\\Runner\\UnityTestExecutionContext.cs(106,16): error CS0246: The type or namespace name 'ValueFormatter' could not be found (are you missing a using directive or an assembly reference?)\r\nLibrary\\PackageCache\\com.unity.test-framework@1.1.33\\UnityEngine.TestRunner\\NUnitExtensions\\Runner\\UnityTestExecutionContext.cs(125,34): error CS0246: The type or namespace name 'ValueFormatterFactory' could not be found (are you missing a using directive or an assembly reference?)"}
